New log file opened at Wed Aug 05 12:34:43 EDT 2015 by 1704@E430-SPED-22
Sending msg to client play-fork-run-459f5021-a6fc-424c-b80a-6224e51d0a2d: DetachedLogEvent(LogMessage(debug,sbt server socket logs are in: C:\Users\bram.zerbe\website-java-play\.sbtserver\connections\master.log))
Sending msg to client play-fork-run-459f5021-a6fc-424c-b80a-6224e51d0a2d: DetachedLogEvent(LogMessage(debug,sbt client logs are in: C:\Users\bram.zerbe\website-java-play\.sbtserver\connections\play-fork-run-459f5021-a6fc-424c-b80a-6224e51d0a2d.log))
Sending msg to client play-fork-run-459f5021-a6fc-424c-b80a-6224e51d0a2d: DetachedLogEvent(LogMessage(debug,sbt general server logs are in: C:\Users\bram.zerbe\website-java-play\.sbtserver\master.log))
Reading next message from client.
Got request: ListenToEvents()
Reading next message from client.
Sending msg to client play-fork-run-459f5021-a6fc-424c-b80a-6224e51d0a2d: BackgroundJobStarted(143,BackgroundJobInfo(21,backgroundRun,AttributeKey[sbt.BackgroundJobHandle]("backgroundRun") in Scope(Build: file:/C:/Users/bram.zerbe/website-java-play/, , Project: ProjectReference(file:/C:/Users/bram.zerbe/website-java-play/,root), Config: compile)))
Sending msg to client play-fork-run-459f5021-a6fc-424c-b80a-6224e51d0a2d: (3,ReceivedResponse())
Sending msg to client play-fork-run-459f5021-a6fc-424c-b80a-6224e51d0a2d: ExecutionWaiting(149,{file:/C:/Users/bram.zerbe/website-java-play/}root/compile:mainClass,ClientInfo(20be1106-4cbb-48c0-9170-67a242a8d586,activator,Activator,3,Vector()))
Sending msg to client play-fork-run-459f5021-a6fc-424c-b80a-6224e51d0a2d: ExecutionStarting(149)
Sending msg to client play-fork-run-459f5021-a6fc-424c-b80a-6224e51d0a2d: DetachedLogEvent(LogMessage(debug,> {file:/C:/Users/bram.zerbe/website-java-play/}root/compile:mainClass))
Sending msg to client play-fork-run-459f5021-a6fc-424c-b80a-6224e51d0a2d: DetachedLogEvent(LogMessage(debug,Evaluating tasks: compile:mainClass))
Sending msg to client play-fork-run-459f5021-a6fc-424c-b80a-6224e51d0a2d: DetachedLogEvent(LogMessage(debug,Running task... Cancel: sbt.server.ServerTaskCancellation@4843231a, check cycles: false))
Sending msg to client play-fork-run-459f5021-a6fc-424c-b80a-6224e51d0a2d: DetachedLogEvent(LogMessage(debug,cancel strategy start enabled=true lastCommand=Some(LastCommand(CommandExecutionWork(ExecutionId(149),{file:/C:/Users/bram.zerbe/website-java-play/}root/compile:mainClass,Set(LiveClient(activator 20be1106-4cbb-48c0-9170-67a242a8d586)),sbt.server.WorkCancellationStatus$$anon$1@436b05f6)))))
Sending msg to client play-fork-run-459f5021-a6fc-424c-b80a-6224e51d0a2d: TaskStarted(149,16032,Some(AttributeKey[scala.Option[java.lang.String]]("mainClass") in Scope(Build: file:/C:/Users/bram.zerbe/website-java-play/, , Project: ProjectReference(file:/C:/Users/bram.zerbe/website-java-play/,root), Config: compile)))
Sending msg to client play-fork-run-459f5021-a6fc-424c-b80a-6224e51d0a2d: TaskFinished(149,16032,Some(AttributeKey[scala.Option[java.lang.String]]("mainClass") in Scope(Build: file:/C:/Users/bram.zerbe/website-java-play/, , Project: ProjectReference(file:/C:/Users/bram.zerbe/website-java-play/,root), Config: compile)),true,None)
Sending msg to client play-fork-run-459f5021-a6fc-424c-b80a-6224e51d0a2d: TaskStarted(149,16031,None)
Sending msg to client play-fork-run-459f5021-a6fc-424c-b80a-6224e51d0a2d: TaskFinished(149,16031,None,true,None)
Sending msg to client play-fork-run-459f5021-a6fc-424c-b80a-6224e51d0a2d: TaskStarted(149,16030,None)
Sending msg to client play-fork-run-459f5021-a6fc-424c-b80a-6224e51d0a2d: TaskFinished(149,16030,None,true,None)
Sending msg to client play-fork-run-459f5021-a6fc-424c-b80a-6224e51d0a2d: DetachedLogEvent(LogMessage(debug,cancel strategy finish enabled=false lastCommand=Some(LastCommand(CommandExecutionWork(ExecutionId(149),{file:/C:/Users/bram.zerbe/website-java-play/}root/compile:mainClass,Set(LiveClient(activator 20be1106-4cbb-48c0-9170-67a242a8d586)),sbt.server.WorkCancellationStatus$$anon$1@436b05f6)))))
Sending msg to client play-fork-run-459f5021-a6fc-424c-b80a-6224e51d0a2d: DetachedLogEvent(LogSuccess(Total time: 0 s, completed Aug 5, 2015 12:34:45 PM))
Sending msg to client play-fork-run-459f5021-a6fc-424c-b80a-6224e51d0a2d: DetachedLogEvent(LogMessage(debug,> server-post-command-cleanup))
Sending msg to client play-fork-run-459f5021-a6fc-424c-b80a-6224e51d0a2d: ExecutionSuccess(149)
Sending msg to client play-fork-run-459f5021-a6fc-424c-b80a-6224e51d0a2d: DetachedLogEvent(LogMessage(debug,> server-handle-next-server-request))
Sending msg to client play-fork-run-459f5021-a6fc-424c-b80a-6224e51d0a2d: ExecutionWaiting(150,{file:/C:/Users/bram.zerbe/website-java-play/}root/compile:discoveredMainClasses,ClientInfo(20be1106-4cbb-48c0-9170-67a242a8d586,activator,Activator,3,Vector()))
Sending msg to client play-fork-run-459f5021-a6fc-424c-b80a-6224e51d0a2d: ExecutionStarting(150)
Sending msg to client play-fork-run-459f5021-a6fc-424c-b80a-6224e51d0a2d: DetachedLogEvent(LogMessage(debug,> {file:/C:/Users/bram.zerbe/website-java-play/}root/compile:discoveredMainClasses))
Sending msg to client play-fork-run-459f5021-a6fc-424c-b80a-6224e51d0a2d: DetachedLogEvent(LogMessage(debug,Evaluating tasks: compile:discoveredMainClasses))
Sending msg to client play-fork-run-459f5021-a6fc-424c-b80a-6224e51d0a2d: DetachedLogEvent(LogMessage(debug,Running task... Cancel: sbt.server.ServerTaskCancellation@65e25a1, check cycles: false))
Sending msg to client play-fork-run-459f5021-a6fc-424c-b80a-6224e51d0a2d: DetachedLogEvent(LogMessage(debug,cancel strategy start enabled=true lastCommand=Some(LastCommand(CommandExecutionWork(ExecutionId(150),{file:/C:/Users/bram.zerbe/website-java-play/}root/compile:discoveredMainClasses,Set(LiveClient(activator 20be1106-4cbb-48c0-9170-67a242a8d586)),sbt.server.WorkCancellationStatus$$anon$1@38dc1642)))))
Sending msg to client play-fork-run-459f5021-a6fc-424c-b80a-6224e51d0a2d: TaskStarted(150,16042,None)
Sending msg to client play-fork-run-459f5021-a6fc-424c-b80a-6224e51d0a2d: TaskStarted(150,16046,None)
Sending msg to client play-fork-run-459f5021-a6fc-424c-b80a-6224e51d0a2d: TaskStarted(150,16050,Some(AttributeKey[boolean]("skip") in Scope(Global)))
Sending msg to client play-fork-run-459f5021-a6fc-424c-b80a-6224e51d0a2d: TaskStarted(150,16051,None)
Sending msg to client play-fork-run-459f5021-a6fc-424c-b80a-6224e51d0a2d: TaskStarted(150,16052,Some(AttributeKey[java.lang.String]("updateCacheName") in Scope(Build: file:/C:/Users/bram.zerbe/website-java-play/, , Project: ProjectReference(file:/C:/Users/bram.zerbe/website-java-play/,root))))
Sending msg to client play-fork-run-459f5021-a6fc-424c-b80a-6224e51d0a2d: TaskStarted(150,16054,None)
Sending msg to client play-fork-run-459f5021-a6fc-424c-b80a-6224e51d0a2d: TaskStarted(150,16064,Some(AttributeKey[scala.collection.Seq[sbt.Resolver]]("externalResolvers") in Scope(Build: file:/C:/Users/bram.zerbe/website-java-play/, , Project: ProjectReference(file:/C:/Users/bram.zerbe/website-java-play/,root))))
Sending msg to client play-fork-run-459f5021-a6fc-424c-b80a-6224e51d0a2d: TaskStarted(150,16068,Some(AttributeKey[scala.Option[scala.collection.Seq[sbt.Resolver]]]("bootResolvers") in Scope(Build: file:/C:/Users/bram.zerbe/website-java-play/, , Project: ProjectReference(file:/C:/Users/bram.zerbe/website-java-play/,root))))
Sending msg to client play-fork-run-459f5021-a6fc-424c-b80a-6224e51d0a2d: TaskStarted(150,16069,Some(AttributeKey[scala.collection.Seq[sbt.Credentials]]("credentials") in Scope(Global)))
Sending msg to client play-fork-run-459f5021-a6fc-424c-b80a-6224e51d0a2d: TaskStarted(150,16073,None)
Sending msg to client play-fork-run-459f5021-a6fc-424c-b80a-6224e51d0a2d: TaskStarted(150,16074,None)
Sending msg to client play-fork-run-459f5021-a6fc-424c-b80a-6224e51d0a2d: TaskStarted(150,16078,None)
Sending msg to client play-fork-run-459f5021-a6fc-424c-b80a-6224e51d0a2d: TaskStarted(150,16090,Some(AttributeKey[java.lang.String]("compileAnalysisFilename") in Scope(Build: file:/C:/Users/bram.zerbe/website-java-play/, , Project: ProjectReference(file:/C:/Users/bram.zerbe/website-java-play/,root), Config: compile)))
Sending msg to client play-fork-run-459f5021-a6fc-424c-b80a-6224e51d0a2d: TaskStarted(150,16091,Some(AttributeKey[scala.Function1[java.io.File,scala.Function1[java.lang.String,boolean]]]("definesClass") in Scope(Global)))
Sending msg to client play-fork-run-459f5021-a6fc-424c-b80a-6224e51d0a2d: TaskStarted(150,16094,Some(AttributeKey[sbt.inc.IncOptions]("incOptions") in Scope(Global)))
Sending msg to client play-fork-run-459f5021-a6fc-424c-b80a-6224e51d0a2d: TaskStarted(150,16102,Some(AttributeKey[scala.collection.Seq[java.io.File]]("unmanagedSources") in Scope(Build: file:/C:/Users/bram.zerbe/website-java-play/, , Project: ProjectReference(file:/C:/Users/bram.zerbe/website-java-play/,root), Config: compile)))
Sending msg to client play-fork-run-459f5021-a6fc-424c-b80a-6224e51d0a2d: TaskStarted(150,16109,None)
Sending msg to client play-fork-run-459f5021-a6fc-424c-b80a-6224e51d0a2d: TaskStarted(150,16111,Some(AttributeKey[scala.collection.Seq[scala.Function1[xsbti.Position,scala.Option[xsbti.Position]]]]("sourcePositionMappers") in Scope(Global)))
Sending msg to client play-fork-run-459f5021-a6fc-424c-b80a-6224e51d0a2d: TaskStarted(150,16115,Some(AttributeKey[scala.collection.Seq[java.lang.String]]("scalacOptions") in Scope(Global)))
Sending msg to client play-fork-run-459f5021-a6fc-424c-b80a-6224e51d0a2d: TaskStarted(150,16116,None)
Sending msg to client play-fork-run-459f5021-a6fc-424c-b80a-6224e51d0a2d: TaskStarted(150,16124,Some(AttributeKey[scala.collection.Seq[java.io.File]]("sources") in Scope(Build: file:/C:/Users/bram.zerbe/website-java-play/, , Project: ProjectReference(file:/C:/Users/bram.zerbe/website-java-play/,root), Config: compile, Task: AttributeKey[scala.collection.Seq[java.io.File]]("playRoutes"))))
Sending msg to client play-fork-run-459f5021-a6fc-424c-b80a-6224e51d0a2d: TaskStarted(150,16125,None)
Sending msg to client play-fork-run-459f5021-a6fc-424c-b80a-6224e51d0a2d: TaskStarted(150,16135,None)
Sending msg to client play-fork-run-459f5021-a6fc-424c-b80a-6224e51d0a2d: TaskStarted(150,16138,Some(AttributeKey[scala.collection.Seq[java.lang.String]]("javacOptions") in Scope(Global)))
Sending msg to client play-fork-run-459f5021-a6fc-424c-b80a-6224e51d0a2d: TaskStarted(150,16139,None)
Sending msg to client play-fork-run-459f5021-a6fc-424c-b80a-6224e51d0a2d: TaskStarted(150,16142,Some(AttributeKey[sbt.SendEventService]("sendEventService") in Scope(Global)))
Sending msg to client play-fork-run-459f5021-a6fc-424c-b80a-6224e51d0a2d: TaskStarted(150,16145,Some(AttributeKey[scala.collection.immutable.Map[java.lang.String,java.lang.String]]("playEbeanAgentArgs") in Scope(Build: file:/C:/Users/bram.zerbe/website-java-play/, , Project: ProjectReference(file:/C:/Users/bram.zerbe/website-java-play/,root))))
Sending msg to client play-fork-run-459f5021-a6fc-424c-b80a-6224e51d0a2d: TaskFinished(150,16050,Some(AttributeKey[boolean]("skip") in Scope(Global)),true,None)
Sending msg to client play-fork-run-459f5021-a6fc-424c-b80a-6224e51d0a2d: TaskFinished(150,16046,None,true,None)
Sending msg to client play-fork-run-459f5021-a6fc-424c-b80a-6224e51d0a2d: TaskStarted(150,16045,Some(AttributeKey[sbt.BuildStructure]("buildStructure") in Scope(Global)))
Sending msg to client play-fork-run-459f5021-a6fc-424c-b80a-6224e51d0a2d: TaskStarted(150,16071,Some(AttributeKey[java.io.File]("dependencyCacheDirectory") in Scope(Build: file:/C:/Users/bram.zerbe/website-java-play/, , Project: ProjectReference(file:/C:/Users/bram.zerbe/website-java-play/,root))))
Sending msg to client play-fork-run-459f5021-a6fc-424c-b80a-6224e51d0a2d: TaskStarted(150,16089,Some(AttributeKey[xsbti.compile.GlobalsCache]("compilerCache") in Scope(Global)))
Sending msg to client play-fork-run-459f5021-a6fc-424c-b80a-6224e51d0a2d: TaskFinished(150,16042,None,true,None)
Sending msg to client play-fork-run-459f5021-a6fc-424c-b80a-6224e51d0a2d: TaskStarted(150,16041,None)
Sending msg to client play-fork-run-459f5021-a6fc-424c-b80a-6224e51d0a2d: TaskStarted(150,16060,None)
Sending msg to client play-fork-run-459f5021-a6fc-424c-b80a-6224e51d0a2d: TaskStarted(150,16062,None)
Sending msg to client play-fork-run-459f5021-a6fc-424c-b80a-6224e51d0a2d: TaskStarted(150,16067,None)
Sending msg to client play-fork-run-459f5021-a6fc-424c-b80a-6224e51d0a2d: TaskStarted(150,16070,None)
Sending msg to client play-fork-run-459f5021-a6fc-424c-b80a-6224e51d0a2d: TaskStarted(150,16077,None)
Sending msg to client play-fork-run-459f5021-a6fc-424c-b80a-6224e51d0a2d: TaskStarted(150,16082,None)
Sending msg to client play-fork-run-459f5021-a6fc-424c-b80a-6224e51d0a2d: TaskStarted(150,16086,None)
Sending msg to client play-fork-run-459f5021-a6fc-424c-b80a-6224e51d0a2d: TaskStarted(150,16087,None)
Sending msg to client play-fork-run-459f5021-a6fc-424c-b80a-6224e51d0a2d: TaskStarted(150,16088,None)
Sending msg to client play-fork-run-459f5021-a6fc-424c-b80a-6224e51d0a2d: TaskStarted(150,16092,None)
Sending msg to client play-fork-run-459f5021-a6fc-424c-b80a-6224e51d0a2d: TaskStarted(150,16099,None)
Sending msg to client play-fork-run-459f5021-a6fc-424c-b80a-6224e51d0a2d: TaskStarted(150,16106,None)
Sending msg to client play-fork-run-459f5021-a6fc-424c-b80a-6224e51d0a2d: TaskStarted(150,16126,None)
Sending msg to client play-fork-run-459f5021-a6fc-424c-b80a-6224e51d0a2d: TaskStarted(150,16129,None)
Sending msg to client play-fork-run-459f5021-a6fc-424c-b80a-6224e51d0a2d: TaskStarted(150,16130,None)
Sending msg to client play-fork-run-459f5021-a6fc-424c-b80a-6224e51d0a2d: TaskStarted(150,16136,None)
Sending msg to client play-fork-run-459f5021-a6fc-424c-b80a-6224e51d0a2d: TaskStarted(150,16141,None)
Sending msg to client play-fork-run-459f5021-a6fc-424c-b80a-6224e51d0a2d: TaskStarted(150,16144,None)
Sending msg to client play-fork-run-459f5021-a6fc-424c-b80a-6224e51d0a2d: TaskFinished(150,16051,None,true,None)
Sending msg to client play-fork-run-459f5021-a6fc-424c-b80a-6224e51d0a2d: TaskFinished(150,16052,Some(AttributeKey[java.lang.String]("updateCacheName") in Scope(Build: file:/C:/Users/bram.zerbe/website-java-play/, , Project: ProjectReference(file:/C:/Users/bram.zerbe/website-java-play/,root))),true,None)
Sending msg to client play-fork-run-459f5021-a6fc-424c-b80a-6224e51d0a2d: TaskFinished(150,16054,None,true,None)
Sending msg to client play-fork-run-459f5021-a6fc-424c-b80a-6224e51d0a2d: TaskFinished(150,16064,Some(AttributeKey[scala.collection.Seq[sbt.Resolver]]("externalResolvers") in Scope(Build: file:/C:/Users/bram.zerbe/website-java-play/, , Project: ProjectReference(file:/C:/Users/bram.zerbe/website-java-play/,root))),true,None)
Sending msg to client play-fork-run-459f5021-a6fc-424c-b80a-6224e51d0a2d: TaskFinished(150,16068,Some(AttributeKey[scala.Option[scala.collection.Seq[sbt.Resolver]]]("bootResolvers") in Scope(Build: file:/C:/Users/bram.zerbe/website-java-play/, , Project: ProjectReference(file:/C:/Users/bram.zerbe/website-java-play/,root))),true,None)
Sending msg to client play-fork-run-459f5021-a6fc-424c-b80a-6224e51d0a2d: TaskFinished(150,16069,Some(AttributeKey[scala.collection.Seq[sbt.Credentials]]("credentials") in Scope(Global)),true,None)
Sending msg to client play-fork-run-459f5021-a6fc-424c-b80a-6224e51d0a2d: TaskFinished(150,16078,None,true,None)
Sending msg to client play-fork-run-459f5021-a6fc-424c-b80a-6224e51d0a2d: TaskFinished(150,16074,None,true,None)
Sending msg to client play-fork-run-459f5021-a6fc-424c-b80a-6224e51d0a2d: TaskFinished(150,16094,Some(AttributeKey[sbt.inc.IncOptions]("incOptions") in Scope(Global)),true,None)
Sending msg to client play-fork-run-459f5021-a6fc-424c-b80a-6224e51d0a2d: TaskStarted(150,16093,Some(AttributeKey[sbt.inc.IncOptions]("incOptions") in Scope(Build: file:/C:/Users/bram.zerbe/website-java-play/, , Project: ProjectReference(file:/C:/Users/bram.zerbe/website-java-play/,root))))
Sending msg to client play-fork-run-459f5021-a6fc-424c-b80a-6224e51d0a2d: TaskFinished(150,16073,None,true,None)
Sending msg to client play-fork-run-459f5021-a6fc-424c-b80a-6224e51d0a2d: TaskStarted(150,16072,Some(AttributeKey[scala.collection.Seq[sbt.UpdateReport]]("transitiveUpdate") in Scope(Build: file:/C:/Users/bram.zerbe/website-java-play/, , Project: ProjectReference(file:/C:/Users/bram.zerbe/website-java-play/,root))))
Sending msg to client play-fork-run-459f5021-a6fc-424c-b80a-6224e51d0a2d: TaskFinished(150,16090,Some(AttributeKey[java.lang.String]("compileAnalysisFilename") in Scope(Build: file:/C:/Users/bram.zerbe/website-java-play/, , Project: ProjectReference(file:/C:/Users/bram.zerbe/website-java-play/,root), Config: compile)),true,None)
Sending msg to client play-fork-run-459f5021-a6fc-424c-b80a-6224e51d0a2d: TaskFinished(150,16111,Some(AttributeKey[scala.collection.Seq[scala.Function1[xsbti.Position,scala.Option[xsbti.Position]]]]("sourcePositionMappers") in Scope(Global)),true,None)
Sending msg to client play-fork-run-459f5021-a6fc-424c-b80a-6224e51d0a2d: TaskFinished(150,16115,Some(AttributeKey[scala.collection.Seq[java.lang.String]]("scalacOptions") in Scope(Global)),true,None)
Sending msg to client play-fork-run-459f5021-a6fc-424c-b80a-6224e51d0a2d: TaskFinished(150,16116,None,true,None)
Sending msg to client play-fork-run-459f5021-a6fc-424c-b80a-6224e51d0a2d: TaskStarted(150,16114,Some(AttributeKey[scala.collection.Seq[java.lang.String]]("scalacOptions") in Scope(Build: file:/C:/Users/bram.zerbe/website-java-play/, , Project: ProjectReference(file:/C:/Users/bram.zerbe/website-java-play/,root))))
Sending msg to client play-fork-run-459f5021-a6fc-424c-b80a-6224e51d0a2d: TaskFinished(150,16124,Some(AttributeKey[scala.collection.Seq[java.io.File]]("sources") in Scope(Build: file:/C:/Users/bram.zerbe/website-java-play/, , Project: ProjectReference(file:/C:/Users/bram.zerbe/website-java-play/,root), Config: compile, Task: AttributeKey[scala.collection.Seq[java.io.File]]("playRoutes"))),true,None)
Sending msg to client play-fork-run-459f5021-a6fc-424c-b80a-6224e51d0a2d: TaskFinished(150,16125,None,true,None)
Sending msg to client play-fork-run-459f5021-a6fc-424c-b80a-6224e51d0a2d: TaskStarted(150,16123,Some(AttributeKey[scala.collection.Seq[java.io.File]]("sources") in Scope(Build: file:/C:/Users/bram.zerbe/website-java-play/, , Project: ProjectReference(file:/C:/Users/bram.zerbe/website-java-play/,root), Config: compile, Task: AttributeKey[scala.collection.Seq[java.io.File]]("playRoutes"))))
Sending msg to client play-fork-run-459f5021-a6fc-424c-b80a-6224e51d0a2d: TaskFinished(150,16135,None,true,None)
Sending msg to client play-fork-run-459f5021-a6fc-424c-b80a-6224e51d0a2d: TaskFinished(150,16138,Some(AttributeKey[scala.collection.Seq[java.lang.String]]("javacOptions") in Scope(Global)),true,None)
Sending msg to client play-fork-run-459f5021-a6fc-424c-b80a-6224e51d0a2d: TaskFinished(150,16139,None,true,None)
Sending msg to client play-fork-run-459f5021-a6fc-424c-b80a-6224e51d0a2d: TaskStarted(150,16137,Some(AttributeKey[scala.collection.Seq[java.lang.String]]("javacOptions") in Scope(Build: file:/C:/Users/bram.zerbe/website-java-play/, , Project: ProjectReference(file:/C:/Users/bram.zerbe/website-java-play/,root), Config: compile)))
Sending msg to client play-fork-run-459f5021-a6fc-424c-b80a-6224e51d0a2d: TaskFinished(150,16142,Some(AttributeKey[sbt.SendEventService]("sendEventService") in Scope(Global)),true,None)
Sending msg to client play-fork-run-459f5021-a6fc-424c-b80a-6224e51d0a2d: TaskFinished(150,16145,Some(AttributeKey[scala.collection.immutable.Map[java.lang.String,java.lang.String]]("playEbeanAgentArgs") in Scope(Build: file:/C:/Users/bram.zerbe/website-java-play/, , Project: ProjectReference(file:/C:/Users/bram.zerbe/website-java-play/,root))),true,None)
Sending msg to client play-fork-run-459f5021-a6fc-424c-b80a-6224e51d0a2d: TaskFinished(150,16045,Some(AttributeKey[sbt.BuildStructure]("buildStructure") in Scope(Global)),true,None)
Sending msg to client play-fork-run-459f5021-a6fc-424c-b80a-6224e51d0a2d: TaskStarted(150,16044,Some(AttributeKey[sbt.Settings[sbt.Scope]]("settingsData") in Scope(Global)))
Sending msg to client play-fork-run-459f5021-a6fc-424c-b80a-6224e51d0a2d: TaskFinished(150,16091,Some(AttributeKey[scala.Function1[java.io.File,scala.Function1[java.lang.String,boolean]]]("definesClass") in Scope(Global)),true,None)
Sending msg to client play-fork-run-459f5021-a6fc-424c-b80a-6224e51d0a2d: TaskFinished(150,16109,None,true,None)
Sending msg to client play-fork-run-459f5021-a6fc-424c-b80a-6224e51d0a2d: TaskFinished(150,16041,None,true,None)
Sending msg to client play-fork-run-459f5021-a6fc-424c-b80a-6224e51d0a2d: TaskFinished(150,16060,None,true,None)
Sending msg to client play-fork-run-459f5021-a6fc-424c-b80a-6224e51d0a2d: TaskFinished(150,16089,Some(AttributeKey[xsbti.compile.GlobalsCache]("compilerCache") in Scope(Global)),true,None)
Sending msg to client play-fork-run-459f5021-a6fc-424c-b80a-6224e51d0a2d: TaskFinished(150,16067,None,true,None)
Sending msg to client play-fork-run-459f5021-a6fc-424c-b80a-6224e51d0a2d: TaskFinished(150,16070,None,true,None)
Sending msg to client play-fork-run-459f5021-a6fc-424c-b80a-6224e51d0a2d: TaskFinished(150,16062,None,true,None)
Sending msg to client play-fork-run-459f5021-a6fc-424c-b80a-6224e51d0a2d: TaskFinished(150,16082,None,true,None)
Sending msg to client play-fork-run-459f5021-a6fc-424c-b80a-6224e51d0a2d: TaskFinished(150,16086,None,true,None)
Sending msg to client play-fork-run-459f5021-a6fc-424c-b80a-6224e51d0a2d: TaskFinished(150,16087,None,true,None)
Sending msg to client play-fork-run-459f5021-a6fc-424c-b80a-6224e51d0a2d: TaskFinished(150,16088,None,true,None)
Sending msg to client play-fork-run-459f5021-a6fc-424c-b80a-6224e51d0a2d: TaskFinished(150,16092,None,true,None)
Sending msg to client play-fork-run-459f5021-a6fc-424c-b80a-6224e51d0a2d: TaskFinished(150,16099,None,true,None)
Sending msg to client play-fork-run-459f5021-a6fc-424c-b80a-6224e51d0a2d: TaskFinished(150,16106,None,true,None)
Sending msg to client play-fork-run-459f5021-a6fc-424c-b80a-6224e51d0a2d: TaskFinished(150,16126,None,true,None)
Sending msg to client play-fork-run-459f5021-a6fc-424c-b80a-6224e51d0a2d: TaskFinished(150,16129,None,true,None)
Sending msg to client play-fork-run-459f5021-a6fc-424c-b80a-6224e51d0a2d: TaskFinished(150,16130,None,true,None)
Sending msg to client play-fork-run-459f5021-a6fc-424c-b80a-6224e51d0a2d: TaskFinished(150,16136,None,true,None)
Sending msg to client play-fork-run-459f5021-a6fc-424c-b80a-6224e51d0a2d: TaskFinished(150,16141,None,true,None)
Sending msg to client play-fork-run-459f5021-a6fc-424c-b80a-6224e51d0a2d: TaskFinished(150,16144,None,true,None)
Sending msg to client play-fork-run-459f5021-a6fc-424c-b80a-6224e51d0a2d: TaskFinished(150,16071,Some(AttributeKey[java.io.File]("dependencyCacheDirectory") in Scope(Build: file:/C:/Users/bram.zerbe/website-java-play/, , Project: ProjectReference(file:/C:/Users/bram.zerbe/website-java-play/,root))),true,None)
Sending msg to client play-fork-run-459f5021-a6fc-424c-b80a-6224e51d0a2d: TaskFinished(150,16077,None,true,None)
Sending msg to client play-fork-run-459f5021-a6fc-424c-b80a-6224e51d0a2d: TaskStarted(150,16076,Some(AttributeKey[scala.collection.immutable.Map[sbt.ModuleID,sbt.SourcePosition]]("dependencyPositions") in Scope(Build: file:/C:/Users/bram.zerbe/website-java-play/, , Project: ProjectReference(file:/C:/Users/bram.zerbe/website-java-play/,root))))
Sending msg to client play-fork-run-459f5021-a6fc-424c-b80a-6224e51d0a2d: TaskFinished(150,16093,Some(AttributeKey[sbt.inc.IncOptions]("incOptions") in Scope(Build: file:/C:/Users/bram.zerbe/website-java-play/, , Project: ProjectReference(file:/C:/Users/bram.zerbe/website-java-play/,root))),true,None)
Sending msg to client play-fork-run-459f5021-a6fc-424c-b80a-6224e51d0a2d: TaskFinished(150,16072,Some(AttributeKey[scala.collection.Seq[sbt.UpdateReport]]("transitiveUpdate") in Scope(Build: file:/C:/Users/bram.zerbe/website-java-play/, , Project: ProjectReference(file:/C:/Users/bram.zerbe/website-java-play/,root))),true,None)
Sending msg to client play-fork-run-459f5021-a6fc-424c-b80a-6224e51d0a2d: TaskFinished(150,16102,Some(AttributeKey[scala.collection.Seq[java.io.File]]("unmanagedSources") in Scope(Build: file:/C:/Users/bram.zerbe/website-java-play/, , Project: ProjectReference(file:/C:/Users/bram.zerbe/website-java-play/,root), Config: compile)),true,None)
Sending msg to client play-fork-run-459f5021-a6fc-424c-b80a-6224e51d0a2d: TaskStarted(150,16101,Some(AttributeKey[scala.collection.Seq[java.io.File]]("unmanagedSources") in Scope(Build: file:/C:/Users/bram.zerbe/website-java-play/, , Project: ProjectReference(file:/C:/Users/bram.zerbe/website-java-play/,root), Config: compile)))
Sending msg to client play-fork-run-459f5021-a6fc-424c-b80a-6224e51d0a2d: TaskFinished(150,16114,Some(AttributeKey[scala.collection.Seq[java.lang.String]]("scalacOptions") in Scope(Build: file:/C:/Users/bram.zerbe/website-java-play/, , Project: ProjectReference(file:/C:/Users/bram.zerbe/website-java-play/,root))),true,None)
Sending msg to client play-fork-run-459f5021-a6fc-424c-b80a-6224e51d0a2d: TaskStarted(150,16113,Some(AttributeKey[java.lang.String]("twirlSourceEncoding") in Scope(Build: file:/C:/Users/bram.zerbe/website-java-play/, , Project: ProjectReference(file:/C:/Users/bram.zerbe/website-java-play/,root))))
Sending msg to client play-fork-run-459f5021-a6fc-424c-b80a-6224e51d0a2d: TaskFinished(150,16137,Some(AttributeKey[scala.collection.Seq[java.lang.String]]("javacOptions") in Scope(Build: file:/C:/Users/bram.zerbe/website-java-play/, , Project: ProjectReference(file:/C:/Users/bram.zerbe/website-java-play/,root), Config: compile)),true,None)
Sending msg to client play-fork-run-459f5021-a6fc-424c-b80a-6224e51d0a2d: TaskFinished(150,16123,Some(AttributeKey[scala.collection.Seq[java.io.File]]("sources") in Scope(Build: file:/C:/Users/bram.zerbe/website-java-play/, , Project: ProjectReference(file:/C:/Users/bram.zerbe/website-java-play/,root), Config: compile, Task: AttributeKey[scala.collection.Seq[java.io.File]]("playRoutes"))),true,None)
Sending msg to client play-fork-run-459f5021-a6fc-424c-b80a-6224e51d0a2d: TaskStarted(150,16122,None)
Sending msg to client play-fork-run-459f5021-a6fc-424c-b80a-6224e51d0a2d: TaskFinished(150,16044,Some(AttributeKey[sbt.Settings[sbt.Scope]]("settingsData") in Scope(Global)),true,None)
Sending msg to client play-fork-run-459f5021-a6fc-424c-b80a-6224e51d0a2d: TaskStarted(150,16053,None)
Sending msg to client play-fork-run-459f5021-a6fc-424c-b80a-6224e51d0a2d: TaskStarted(150,16058,Some(AttributeKey[scala.collection.Seq[sbt.ModuleID]]("projectDependencies") in Scope(Build: file:/C:/Users/bram.zerbe/website-java-play/, , Project: ProjectReference(file:/C:/Users/bram.zerbe/website-java-play/,root))))
Sending msg to client play-fork-run-459f5021-a6fc-424c-b80a-6224e51d0a2d: TaskStarted(150,16066,Some(AttributeKey[scala.collection.immutable.Map[org.apache.ivy.core.module.id.ModuleRevisionId,org.apache.ivy.core.module.descriptor.ModuleDescriptor]]("projectDescriptors") in Scope(Build: file:/C:/Users/bram.zerbe/website-java-play/, , Project: ProjectReference(file:/C:/Users/bram.zerbe/website-java-play/,root))))
Sending msg to client play-fork-run-459f5021-a6fc-424c-b80a-6224e51d0a2d: TaskStarted(150,16083,None)
Sending msg to client play-fork-run-459f5021-a6fc-424c-b80a-6224e51d0a2d: TaskStarted(150,16132,None)
Sending msg to client play-fork-run-459f5021-a6fc-424c-b80a-6224e51d0a2d: TaskStarted(150,16134,Some(AttributeKey[sbt.ScalaInstance]("scalaInstance") in Scope(Build: file:/C:/Users/bram.zerbe/website-java-play/, , Project: ProjectReference(file:/C:/Users/bram.zerbe/website-java-play/,root))))
Sending msg to client play-fork-run-459f5021-a6fc-424c-b80a-6224e51d0a2d: TaskFinished(150,16122,None,true,None)
Sending msg to client play-fork-run-459f5021-a6fc-424c-b80a-6224e51d0a2d: TaskStarted(150,16121,Some(AttributeKey[scala.collection.Seq[play.routes.compiler.RoutesCompiler$RoutesCompilerTask]]("playRoutesTasks") in Scope(Build: file:/C:/Users/bram.zerbe/website-java-play/, , Project: ProjectReference(file:/C:/Users/bram.zerbe/website-java-play/,root), Config: compile)))
Sending msg to client play-fork-run-459f5021-a6fc-424c-b80a-6224e51d0a2d: TaskFinished(150,16113,Some(AttributeKey[java.lang.String]("twirlSourceEncoding") in Scope(Build: file:/C:/Users/bram.zerbe/website-java-play/, , Project: ProjectReference(file:/C:/Users/bram.zerbe/website-java-play/,root))),true,None)
Sending msg to client play-fork-run-459f5021-a6fc-424c-b80a-6224e51d0a2d: TaskStarted(150,16112,None)
Sending msg to client play-fork-run-459f5021-a6fc-424c-b80a-6224e51d0a2d: TaskStarted(150,16128,None)
Sending msg to client play-fork-run-459f5021-a6fc-424c-b80a-6224e51d0a2d: TaskFinished(150,16101,Some(AttributeKey[scala.collection.Seq[java.io.File]]("unmanagedSources") in Scope(Build: file:/C:/Users/bram.zerbe/website-java-play/, , Project: ProjectReference(file:/C:/Users/bram.zerbe/website-java-play/,root), Config: compile)),true,None)
Sending msg to client play-fork-run-459f5021-a6fc-424c-b80a-6224e51d0a2d: TaskStarted(150,16100,Some(AttributeKey[scala.collection.Seq[java.io.File]]("sources") in Scope(Build: file:/C:/Users/bram.zerbe/website-java-play/, , Project: ProjectReference(file:/C:/Users/bram.zerbe/website-java-play/,root), Config: compile, Task: AttributeKey[scala.Function1[sbt.compiler.IC$Result,sbt.compiler.IC$Result]]("playEnhancerGenerateAccessors"))))
Sending msg to client play-fork-run-459f5021-a6fc-424c-b80a-6224e51d0a2d: TaskFinished(150,16058,Some(AttributeKey[scala.collection.Seq[sbt.ModuleID]]("projectDependencies") in Scope(Build: file:/C:/Users/bram.zerbe/website-java-play/, , Project: ProjectReference(file:/C:/Users/bram.zerbe/website-java-play/,root))),true,None)
Sending msg to client play-fork-run-459f5021-a6fc-424c-b80a-6224e51d0a2d: TaskStarted(150,16057,Some(AttributeKey[scala.collection.Seq[sbt.ModuleID]]("allDependencies") in Scope(Build: file:/C:/Users/bram.zerbe/website-java-play/, , Project: ProjectReference(file:/C:/Users/bram.zerbe/website-java-play/,root))))
Sending msg to client play-fork-run-459f5021-a6fc-424c-b80a-6224e51d0a2d: TaskStarted(150,16150,None)
Sending msg to client play-fork-run-459f5021-a6fc-424c-b80a-6224e51d0a2d: TaskStarted(150,16151,None)
Sending msg to client play-fork-run-459f5021-a6fc-424c-b80a-6224e51d0a2d: TaskStarted(150,16153,None)
Sending msg to client play-fork-run-459f5021-a6fc-424c-b80a-6224e51d0a2d: TaskStarted(150,16155,None)
Sending msg to client play-fork-run-459f5021-a6fc-424c-b80a-6224e51d0a2d: TaskStarted(150,16158,None)
Sending msg to client play-fork-run-459f5021-a6fc-424c-b80a-6224e51d0a2d: TaskFinished(150,16112,None,true,None)
Sending msg to client play-fork-run-459f5021-a6fc-424c-b80a-6224e51d0a2d: TaskStarted(150,16110,Some(AttributeKey[scala.collection.Seq[scala.Function1[xsbti.Position,scala.Option[xsbti.Position]]]]("sourcePositionMappers") in Scope(Build: file:/C:/Users/bram.zerbe/website-java-play/, , Project: ProjectReference(file:/C:/Users/bram.zerbe/website-java-play/,root))))
Sending msg to client play-fork-run-459f5021-a6fc-424c-b80a-6224e51d0a2d: TaskStarted(150,16159,None)
Sending msg to client play-fork-run-459f5021-a6fc-424c-b80a-6224e51d0a2d: TaskFinished(150,16100,Some(AttributeKey[scala.collection.Seq[java.io.File]]("sources") in Scope(Build: file:/C:/Users/bram.zerbe/website-java-play/, , Project: ProjectReference(file:/C:/Users/bram.zerbe/website-java-play/,root), Config: compile, Task: AttributeKey[scala.Function1[sbt.compiler.IC$Result,sbt.compiler.IC$Result]]("playEnhancerGenerateAccessors"))),true,None)
Sending msg to client play-fork-run-459f5021-a6fc-424c-b80a-6224e51d0a2d: TaskStarted(150,16161,None)
Sending msg to client play-fork-run-459f5021-a6fc-424c-b80a-6224e51d0a2d: TaskFinished(150,16150,None,true,None)
Sending msg to client play-fork-run-459f5021-a6fc-424c-b80a-6224e51d0a2d: TaskFinished(150,16057,Some(AttributeKey[scala.collection.Seq[sbt.ModuleID]]("allDependencies") in Scope(Build: file:/C:/Users/bram.zerbe/website-java-play/, , Project: ProjectReference(file:/C:/Users/bram.zerbe/website-java-play/,root))),true,None)
Sending msg to client play-fork-run-459f5021-a6fc-424c-b80a-6224e51d0a2d: TaskStarted(150,16056,Some(AttributeKey[sbt.ModuleSettings]("moduleSettings") in Scope(Build: file:/C:/Users/bram.zerbe/website-java-play/, , Project: ProjectReference(file:/C:/Users/bram.zerbe/website-java-play/,root))))
Sending msg to client play-fork-run-459f5021-a6fc-424c-b80a-6224e51d0a2d: TaskFinished(150,16153,None,true,None)
Sending msg to client play-fork-run-459f5021-a6fc-424c-b80a-6224e51d0a2d: TaskStarted(150,16152,None)
Sending msg to client play-fork-run-459f5021-a6fc-424c-b80a-6224e51d0a2d: TaskFinished(150,16151,None,true,None)
Sending msg to client play-fork-run-459f5021-a6fc-424c-b80a-6224e51d0a2d: TaskStarted(150,16149,Some(AttributeKey[scala.collection.Seq[sbt.Attributed[java.io.File]]]("unmanagedJars") in Scope(Build: file:/C:/Users/bram.zerbe/website-java-play/, , Project: ProjectReference(file:/C:/Users/bram.zerbe/website-java-play/,root), Config: compile)))
Sending msg to client play-fork-run-459f5021-a6fc-424c-b80a-6224e51d0a2d: TaskFinished(150,16158,None,true,None)
Sending msg to client play-fork-run-459f5021-a6fc-424c-b80a-6224e51d0a2d: TaskStarted(150,16157,None)
Sending msg to client play-fork-run-459f5021-a6fc-424c-b80a-6224e51d0a2d: TaskFinished(150,16155,None,true,None)
Sending msg to client play-fork-run-459f5021-a6fc-424c-b80a-6224e51d0a2d: TaskStarted(150,16154,None)
Sending msg to client play-fork-run-459f5021-a6fc-424c-b80a-6224e51d0a2d: TaskFinished(150,16159,None,true,None)
Sending msg to client play-fork-run-459f5021-a6fc-424c-b80a-6224e51d0a2d: TaskFinished(150,16053,None,true,None)
Sending msg to client play-fork-run-459f5021-a6fc-424c-b80a-6224e51d0a2d: TaskFinished(150,16110,Some(AttributeKey[scala.collection.Seq[scala.Function1[xsbti.Position,scala.Option[xsbti.Position]]]]("sourcePositionMappers") in Scope(Build: file:/C:/Users/bram.zerbe/website-java-play/, , Project: ProjectReference(file:/C:/Users/bram.zerbe/website-java-play/,root))),true,None)
Sending msg to client play-fork-run-459f5021-a6fc-424c-b80a-6224e51d0a2d: TaskStarted(150,16108,Some(AttributeKey[scala.collection.Seq[scala.Function1[xsbti.Position,scala.Option[xsbti.Position]]]]("sourcePositionMappers") in Scope(Build: file:/C:/Users/bram.zerbe/website-java-play/, , Project: ProjectReference(file:/C:/Users/bram.zerbe/website-java-play/,root))))
Sending msg to client play-fork-run-459f5021-a6fc-424c-b80a-6224e51d0a2d: TaskFinished(150,16056,Some(AttributeKey[sbt.ModuleSettings]("moduleSettings") in Scope(Build: file:/C:/Users/bram.zerbe/website-java-play/, , Project: ProjectReference(file:/C:/Users/bram.zerbe/website-java-play/,root))),true,None)
Sending msg to client play-fork-run-459f5021-a6fc-424c-b80a-6224e51d0a2d: TaskFinished(150,16161,None,true,None)
Sending msg to client play-fork-run-459f5021-a6fc-424c-b80a-6224e51d0a2d: TaskStarted(150,16160,None)
Sending msg to client play-fork-run-459f5021-a6fc-424c-b80a-6224e51d0a2d: TaskStarted(150,16162,None)
Sending msg to client play-fork-run-459f5021-a6fc-424c-b80a-6224e51d0a2d: TaskFinished(150,16149,Some(AttributeKey[scala.collection.Seq[sbt.Attributed[java.io.File]]]("unmanagedJars") in Scope(Build: file:/C:/Users/bram.zerbe/website-java-play/, , Project: ProjectReference(file:/C:/Users/bram.zerbe/website-java-play/,root), Config: compile)),true,None)
Sending msg to client play-fork-run-459f5021-a6fc-424c-b80a-6224e51d0a2d: TaskFinished(150,16154,None,true,None)
Sending msg to client play-fork-run-459f5021-a6fc-424c-b80a-6224e51d0a2d: TaskFinished(150,16132,None,true,None)
Sending msg to client play-fork-run-459f5021-a6fc-424c-b80a-6224e51d0a2d: TaskFinished(150,16157,None,true,None)
Sending msg to client play-fork-run-459f5021-a6fc-424c-b80a-6224e51d0a2d: TaskFinished(150,16121,Some(AttributeKey[scala.collection.Seq[play.routes.compiler.RoutesCompiler$RoutesCompilerTask]]("playRoutesTasks") in Scope(Build: file:/C:/Users/bram.zerbe/website-java-play/, , Project: ProjectReference(file:/C:/Users/bram.zerbe/website-java-play/,root), Config: compile)),true,None)
Sending msg to client play-fork-run-459f5021-a6fc-424c-b80a-6224e51d0a2d: TaskStarted(150,16120,Some(AttributeKey[scala.collection.Seq[java.io.File]]("playRoutes") in Scope(Build: file:/C:/Users/bram.zerbe/website-java-play/, , Project: ProjectReference(file:/C:/Users/bram.zerbe/website-java-play/,root), Config: compile)))
Sending msg to client play-fork-run-459f5021-a6fc-424c-b80a-6224e51d0a2d: TaskFinished(150,16160,None,true,None)
Sending msg to client play-fork-run-459f5021-a6fc-424c-b80a-6224e51d0a2d: TaskFinished(150,16066,Some(AttributeKey[scala.collection.immutable.Map[org.apache.ivy.core.module.id.ModuleRevisionId,org.apache.ivy.core.module.descriptor.ModuleDescriptor]]("projectDescriptors") in Scope(Build: file:/C:/Users/bram.zerbe/website-java-play/, , Project: ProjectReference(file:/C:/Users/bram.zerbe/website-java-play/,root))),true,None)
Sending msg to client play-fork-run-459f5021-a6fc-424c-b80a-6224e51d0a2d: TaskStarted(150,16065,Some(AttributeKey[sbt.Resolver]("projectResolver") in Scope(Build: file:/C:/Users/bram.zerbe/website-java-play/, , Project: ProjectReference(file:/C:/Users/bram.zerbe/website-java-play/,root))))
Sending msg to client play-fork-run-459f5021-a6fc-424c-b80a-6224e51d0a2d: TaskFinished(150,16108,Some(AttributeKey[scala.collection.Seq[scala.Function1[xsbti.Position,scala.Option[xsbti.Position]]]]("sourcePositionMappers") in Scope(Build: file:/C:/Users/bram.zerbe/website-java-play/, , Project: ProjectReference(file:/C:/Users/bram.zerbe/website-java-play/,root))),true,None)
Sending msg to client play-fork-run-459f5021-a6fc-424c-b80a-6224e51d0a2d: TaskFinished(150,16162,None,true,None)
Sending msg to client play-fork-run-459f5021-a6fc-424c-b80a-6224e51d0a2d: TaskFinished(150,16152,None,true,None)
Sending msg to client play-fork-run-459f5021-a6fc-424c-b80a-6224e51d0a2d: TaskStarted(150,16148,Some(AttributeKey[scala.collection.Seq[sbt.Attributed[java.io.File]]]("unmanagedJars") in Scope(Build: file:/C:/Users/bram.zerbe/website-java-play/, , Project: ProjectReference(file:/C:/Users/bram.zerbe/website-java-play/,root), Config: compile)))
Sending msg to client play-fork-run-459f5021-a6fc-424c-b80a-6224e51d0a2d: TaskFinished(150,16065,Some(AttributeKey[sbt.Resolver]("projectResolver") in Scope(Build: file:/C:/Users/bram.zerbe/website-java-play/, , Project: ProjectReference(file:/C:/Users/bram.zerbe/website-java-play/,root))),true,None)
Sending msg to client play-fork-run-459f5021-a6fc-424c-b80a-6224e51d0a2d: TaskStarted(150,16063,Some(AttributeKey[scala.collection.Seq[sbt.Resolver]]("fullResolvers") in Scope(Build: file:/C:/Users/bram.zerbe/website-java-play/, , Project: ProjectReference(file:/C:/Users/bram.zerbe/website-java-play/,root))))
Sending msg to client play-fork-run-459f5021-a6fc-424c-b80a-6224e51d0a2d: TaskFinished(150,16148,Some(AttributeKey[scala.collection.Seq[sbt.Attributed[java.io.File]]]("unmanagedJars") in Scope(Build: file:/C:/Users/bram.zerbe/website-java-play/, , Project: ProjectReference(file:/C:/Users/bram.zerbe/website-java-play/,root), Config: compile)),true,None)
Sending msg to client play-fork-run-459f5021-a6fc-424c-b80a-6224e51d0a2d: TaskStarted(150,16147,None)
Sending msg to client play-fork-run-459f5021-a6fc-424c-b80a-6224e51d0a2d: TaskFinished(150,16063,Some(AttributeKey[scala.collection.Seq[sbt.Resolver]]("fullResolvers") in Scope(Build: file:/C:/Users/bram.zerbe/website-java-play/, , Project: ProjectReference(file:/C:/Users/bram.zerbe/website-java-play/,root))),true,None)
Sending msg to client play-fork-run-459f5021-a6fc-424c-b80a-6224e51d0a2d: TaskStarted(150,16061,Some(AttributeKey[sbt.IvyConfiguration]("ivyConfiguration") in Scope(Build: file:/C:/Users/bram.zerbe/website-java-play/, , Project: ProjectReference(file:/C:/Users/bram.zerbe/website-java-play/,root))))
Sending msg to client play-fork-run-459f5021-a6fc-424c-b80a-6224e51d0a2d: TaskFinished(150,16147,None,true,None)
Sending msg to client play-fork-run-459f5021-a6fc-424c-b80a-6224e51d0a2d: TaskStarted(150,16146,None)
Sending msg to client play-fork-run-459f5021-a6fc-424c-b80a-6224e51d0a2d: TaskFinished(150,16061,Some(AttributeKey[sbt.IvyConfiguration]("ivyConfiguration") in Scope(Build: file:/C:/Users/bram.zerbe/website-java-play/, , Project: ProjectReference(file:/C:/Users/bram.zerbe/website-java-play/,root))),true,None)
Sending msg to client play-fork-run-459f5021-a6fc-424c-b80a-6224e51d0a2d: TaskStarted(150,16059,Some(AttributeKey[sbt.IvySbt]("ivySbt") in Scope(Build: file:/C:/Users/bram.zerbe/website-java-play/, , Project: ProjectReference(file:/C:/Users/bram.zerbe/website-java-play/,root))))
Sending msg to client play-fork-run-459f5021-a6fc-424c-b80a-6224e51d0a2d: TaskFinished(150,16146,None,true,None)
Sending msg to client play-fork-run-459f5021-a6fc-424c-b80a-6224e51d0a2d: TaskFinished(150,16083,None,true,None)
Sending msg to client play-fork-run-459f5021-a6fc-424c-b80a-6224e51d0a2d: TaskStarted(150,16081,Some(AttributeKey[scala.collection.Seq[sbt.Attributed[java.io.File]]]("unmanagedClasspath") in Scope(Build: file:/C:/Users/bram.zerbe/website-java-play/, , Project: ProjectReference(file:/C:/Users/bram.zerbe/website-java-play/,root), Config: compile)))
Sending msg to client play-fork-run-459f5021-a6fc-424c-b80a-6224e51d0a2d: TaskFinished(150,16059,Some(AttributeKey[sbt.IvySbt]("ivySbt") in Scope(Build: file:/C:/Users/bram.zerbe/website-java-play/, , Project: ProjectReference(file:/C:/Users/bram.zerbe/website-java-play/,root))),true,None)
Sending msg to client play-fork-run-459f5021-a6fc-424c-b80a-6224e51d0a2d: TaskStarted(150,16055,Some(AttributeKey[sbt.IvySbt$Module]("ivyModule") in Scope(Build: file:/C:/Users/bram.zerbe/website-java-play/, , Project: ProjectReference(file:/C:/Users/bram.zerbe/website-java-play/,root))))
Sending msg to client play-fork-run-459f5021-a6fc-424c-b80a-6224e51d0a2d: TaskFinished(150,16081,Some(AttributeKey[scala.collection.Seq[sbt.Attributed[java.io.File]]]("unmanagedClasspath") in Scope(Build: file:/C:/Users/bram.zerbe/website-java-play/, , Project: ProjectReference(file:/C:/Users/bram.zerbe/website-java-play/,root), Config: compile)),true,None)
Sending msg to client play-fork-run-459f5021-a6fc-424c-b80a-6224e51d0a2d: TaskFinished(150,16055,Some(AttributeKey[sbt.IvySbt$Module]("ivyModule") in Scope(Build: file:/C:/Users/bram.zerbe/website-java-play/, , Project: ProjectReference(file:/C:/Users/bram.zerbe/website-java-play/,root))),true,None)
Sending msg to client play-fork-run-459f5021-a6fc-424c-b80a-6224e51d0a2d: TaskFinished(150,16076,Some(AttributeKey[scala.collection.immutable.Map[sbt.ModuleID,sbt.SourcePosition]]("dependencyPositions") in Scope(Build: file:/C:/Users/bram.zerbe/website-java-play/, , Project: ProjectReference(file:/C:/Users/bram.zerbe/website-java-play/,root))),true,None)
Sending msg to client play-fork-run-459f5021-a6fc-424c-b80a-6224e51d0a2d: TaskStarted(150,16075,Some(AttributeKey[sbt.UnresolvedWarningConfiguration]("unresolvedWarningConfiguration") in Scope(Build: file:/C:/Users/bram.zerbe/website-java-play/, , Project: ProjectReference(file:/C:/Users/bram.zerbe/website-java-play/,root), Task: AttributeKey[sbt.UpdateReport]("update"))))
Sending msg to client play-fork-run-459f5021-a6fc-424c-b80a-6224e51d0a2d: TaskFinished(150,16075,Some(AttributeKey[sbt.UnresolvedWarningConfiguration]("unresolvedWarningConfiguration") in Scope(Build: file:/C:/Users/bram.zerbe/website-java-play/, , Project: ProjectReference(file:/C:/Users/bram.zerbe/website-java-play/,root), Task: AttributeKey[sbt.UpdateReport]("update"))),true,None)
Sending msg to client play-fork-run-459f5021-a6fc-424c-b80a-6224e51d0a2d: TaskStarted(150,16049,Some(AttributeKey[sbt.UpdateReport]("update") in Scope(Build: file:/C:/Users/bram.zerbe/website-java-play/, , Project: ProjectReference(file:/C:/Users/bram.zerbe/website-java-play/,root))))
Sending msg to client play-fork-run-459f5021-a6fc-424c-b80a-6224e51d0a2d: TaskFinished(150,16120,Some(AttributeKey[scala.collection.Seq[java.io.File]]("playRoutes") in Scope(Build: file:/C:/Users/bram.zerbe/website-java-play/, , Project: ProjectReference(file:/C:/Users/bram.zerbe/website-java-play/,root), Config: compile)),true,None)
Sending msg to client play-fork-run-459f5021-a6fc-424c-b80a-6224e51d0a2d: TaskFinished(150,16128,None,true,None)
Sending msg to client play-fork-run-459f5021-a6fc-424c-b80a-6224e51d0a2d: TaskStarted(150,16127,Some(AttributeKey[scala.collection.Seq[java.io.File]]("twirlCompileTemplates") in Scope(Build: file:/C:/Users/bram.zerbe/website-java-play/, , Project: ProjectReference(file:/C:/Users/bram.zerbe/website-java-play/,root), Config: compile)))
Sending msg to client play-fork-run-459f5021-a6fc-424c-b80a-6224e51d0a2d: TaskFinished(150,16127,Some(AttributeKey[scala.collection.Seq[java.io.File]]("twirlCompileTemplates") in Scope(Build: file:/C:/Users/bram.zerbe/website-java-play/, , Project: ProjectReference(file:/C:/Users/bram.zerbe/website-java-play/,root), Config: compile)),true,None)
Sending msg to client play-fork-run-459f5021-a6fc-424c-b80a-6224e51d0a2d: TaskStarted(150,16119,None)
Sending msg to client play-fork-run-459f5021-a6fc-424c-b80a-6224e51d0a2d: TaskFinished(150,16119,None,true,None)
Sending msg to client play-fork-run-459f5021-a6fc-424c-b80a-6224e51d0a2d: TaskStarted(150,16118,Some(AttributeKey[scala.collection.Seq[java.io.File]]("managedSources") in Scope(Build: file:/C:/Users/bram.zerbe/website-java-play/, , Project: ProjectReference(file:/C:/Users/bram.zerbe/website-java-play/,root), Config: compile)))
Sending msg to client play-fork-run-459f5021-a6fc-424c-b80a-6224e51d0a2d: TaskFinished(150,16118,Some(AttributeKey[scala.collection.Seq[java.io.File]]("managedSources") in Scope(Build: file:/C:/Users/bram.zerbe/website-java-play/, , Project: ProjectReference(file:/C:/Users/bram.zerbe/website-java-play/,root), Config: compile)),true,None)
Sending msg to client play-fork-run-459f5021-a6fc-424c-b80a-6224e51d0a2d: TaskStarted(150,16117,Some(AttributeKey[scala.collection.Seq[java.io.File]]("sources") in Scope(Build: file:/C:/Users/bram.zerbe/website-java-play/, , Project: ProjectReference(file:/C:/Users/bram.zerbe/website-java-play/,root), Config: compile)))
Sending msg to client play-fork-run-459f5021-a6fc-424c-b80a-6224e51d0a2d: TaskFinished(150,16117,Some(AttributeKey[scala.collection.Seq[java.io.File]]("sources") in Scope(Build: file:/C:/Users/bram.zerbe/website-java-play/, , Project: ProjectReference(file:/C:/Users/bram.zerbe/website-java-play/,root), Config: compile)),true,None)
Sending msg to client play-fork-run-459f5021-a6fc-424c-b80a-6224e51d0a2d: TaskFinished(150,16049,Some(AttributeKey[sbt.UpdateReport]("update") in Scope(Build: file:/C:/Users/bram.zerbe/website-java-play/, , Project: ProjectReference(file:/C:/Users/bram.zerbe/website-java-play/,root))),true,None)
Sending msg to client play-fork-run-459f5021-a6fc-424c-b80a-6224e51d0a2d: TaskStarted(150,16048,Some(AttributeKey[sbt.UpdateReport]("update") in Scope(Build: file:/C:/Users/bram.zerbe/website-java-play/, , Project: ProjectReference(file:/C:/Users/bram.zerbe/website-java-play/,root))))
Sending msg to client play-fork-run-459f5021-a6fc-424c-b80a-6224e51d0a2d: TaskFinished(150,16048,Some(AttributeKey[sbt.UpdateReport]("update") in Scope(Build: file:/C:/Users/bram.zerbe/website-java-play/, , Project: ProjectReference(file:/C:/Users/bram.zerbe/website-java-play/,root))),true,None)
Sending msg to client play-fork-run-459f5021-a6fc-424c-b80a-6224e51d0a2d: TaskStarted(150,16047,Some(AttributeKey[sbt.Configuration]("classpathConfiguration") in Scope(Build: file:/C:/Users/bram.zerbe/website-java-play/, , Project: ProjectReference(file:/C:/Users/bram.zerbe/website-java-play/,root), Config: compile)))
Sending msg to client play-fork-run-459f5021-a6fc-424c-b80a-6224e51d0a2d: TaskStarted(150,16131,Some(AttributeKey[scala.collection.Seq[java.lang.String]]("scalacOptions") in Scope(Build: file:/C:/Users/bram.zerbe/website-java-play/, , Project: ProjectReference(file:/C:/Users/bram.zerbe/website-java-play/,root), Config: compile)))
Sending msg to client play-fork-run-459f5021-a6fc-424c-b80a-6224e51d0a2d: TaskStarted(150,16156,None)
Sending msg to client play-fork-run-459f5021-a6fc-424c-b80a-6224e51d0a2d: TaskFinished(150,16047,Some(AttributeKey[sbt.Configuration]("classpathConfiguration") in Scope(Build: file:/C:/Users/bram.zerbe/website-java-play/, , Project: ProjectReference(file:/C:/Users/bram.zerbe/website-java-play/,root), Config: compile)),true,None)
Sending msg to client play-fork-run-459f5021-a6fc-424c-b80a-6224e51d0a2d: TaskStarted(150,16043,None)
Sending msg to client play-fork-run-459f5021-a6fc-424c-b80a-6224e51d0a2d: TaskStarted(150,16085,None)
Sending msg to client play-fork-run-459f5021-a6fc-424c-b80a-6224e51d0a2d: TaskFinished(150,16131,Some(AttributeKey[scala.collection.Seq[java.lang.String]]("scalacOptions") in Scope(Build: file:/C:/Users/bram.zerbe/website-java-play/, , Project: ProjectReference(file:/C:/Users/bram.zerbe/website-java-play/,root), Config: compile)),true,None)
Sending msg to client play-fork-run-459f5021-a6fc-424c-b80a-6224e51d0a2d: TaskStarted(150,16165,None)
Sending msg to client play-fork-run-459f5021-a6fc-424c-b80a-6224e51d0a2d: TaskStarted(150,16166,None)
Sending msg to client play-fork-run-459f5021-a6fc-424c-b80a-6224e51d0a2d: TaskFinished(150,16156,None,true,None)
Sending msg to client play-fork-run-459f5021-a6fc-424c-b80a-6224e51d0a2d: TaskFinished(150,16134,Some(AttributeKey[sbt.ScalaInstance]("scalaInstance") in Scope(Build: file:/C:/Users/bram.zerbe/website-java-play/, , Project: ProjectReference(file:/C:/Users/bram.zerbe/website-java-play/,root))),true,None)
Sending msg to client play-fork-run-459f5021-a6fc-424c-b80a-6224e51d0a2d: TaskStarted(150,16133,Some(AttributeKey[sbt.Compiler$Compilers]("compilers") in Scope(Global)))
Sending msg to client play-fork-run-459f5021-a6fc-424c-b80a-6224e51d0a2d: TaskFinished(150,16165,None,true,None)
Sending msg to client play-fork-run-459f5021-a6fc-424c-b80a-6224e51d0a2d: TaskFinished(150,16085,None,true,None)
Sending msg to client play-fork-run-459f5021-a6fc-424c-b80a-6224e51d0a2d: TaskStarted(150,16084,Some(AttributeKey[scala.collection.Seq[sbt.Attributed[java.io.File]]]("managedClasspath") in Scope(Build: file:/C:/Users/bram.zerbe/website-java-play/, , Project: ProjectReference(file:/C:/Users/bram.zerbe/website-java-play/,root), Config: compile)))
Sending msg to client play-fork-run-459f5021-a6fc-424c-b80a-6224e51d0a2d: TaskFinished(150,16166,None,true,None)
Sending msg to client play-fork-run-459f5021-a6fc-424c-b80a-6224e51d0a2d: TaskStarted(150,16164,None)
Sending msg to client play-fork-run-459f5021-a6fc-424c-b80a-6224e51d0a2d: TaskFinished(150,16164,None,true,None)
Sending msg to client play-fork-run-459f5021-a6fc-424c-b80a-6224e51d0a2d: TaskStarted(150,16163,None)
Sending msg to client play-fork-run-459f5021-a6fc-424c-b80a-6224e51d0a2d: TaskFinished(150,16084,Some(AttributeKey[scala.collection.Seq[sbt.Attributed[java.io.File]]]("managedClasspath") in Scope(Build: file:/C:/Users/bram.zerbe/website-java-play/, , Project: ProjectReference(file:/C:/Users/bram.zerbe/website-java-play/,root), Config: compile)),true,None)
Sending msg to client play-fork-run-459f5021-a6fc-424c-b80a-6224e51d0a2d: TaskStarted(150,16080,None)
Sending msg to client play-fork-run-459f5021-a6fc-424c-b80a-6224e51d0a2d: TaskFinished(150,16133,Some(AttributeKey[sbt.Compiler$Compilers]("compilers") in Scope(Global)),true,None)
Sending msg to client play-fork-run-459f5021-a6fc-424c-b80a-6224e51d0a2d: TaskFinished(150,16163,None,true,None)
Sending msg to client play-fork-run-459f5021-a6fc-424c-b80a-6224e51d0a2d: TaskFinished(150,16043,None,true,None)
Sending msg to client play-fork-run-459f5021-a6fc-424c-b80a-6224e51d0a2d: TaskStarted(150,16040,Some(AttributeKey[scala.collection.Seq[sbt.Attributed[java.io.File]]]("internalDependencyClasspath") in Scope(Build: file:/C:/Users/bram.zerbe/website-java-play/, , Project: ProjectReference(file:/C:/Users/bram.zerbe/website-java-play/,root), Config: compile)))
Sending msg to client play-fork-run-459f5021-a6fc-424c-b80a-6224e51d0a2d: TaskFinished(150,16080,None,true,None)
Sending msg to client play-fork-run-459f5021-a6fc-424c-b80a-6224e51d0a2d: TaskStarted(150,16079,Some(AttributeKey[scala.collection.Seq[sbt.Attributed[java.io.File]]]("externalDependencyClasspath") in Scope(Build: file:/C:/Users/bram.zerbe/website-java-play/, , Project: ProjectReference(file:/C:/Users/bram.zerbe/website-java-play/,root), Config: compile)))
Sending msg to client play-fork-run-459f5021-a6fc-424c-b80a-6224e51d0a2d: TaskFinished(150,16040,Some(AttributeKey[scala.collection.Seq[sbt.Attributed[java.io.File]]]("internalDependencyClasspath") in Scope(Build: file:/C:/Users/bram.zerbe/website-java-play/, , Project: ProjectReference(file:/C:/Users/bram.zerbe/website-java-play/,root), Config: compile)),true,None)
Sending msg to client play-fork-run-459f5021-a6fc-424c-b80a-6224e51d0a2d: TaskFinished(150,16079,Some(AttributeKey[scala.collection.Seq[sbt.Attributed[java.io.File]]]("externalDependencyClasspath") in Scope(Build: file:/C:/Users/bram.zerbe/website-java-play/, , Project: ProjectReference(file:/C:/Users/bram.zerbe/website-java-play/,root), Config: compile)),true,None)
Sending msg to client play-fork-run-459f5021-a6fc-424c-b80a-6224e51d0a2d: TaskStarted(150,16039,None)
Sending msg to client play-fork-run-459f5021-a6fc-424c-b80a-6224e51d0a2d: TaskFinished(150,16039,None,true,None)
Sending msg to client play-fork-run-459f5021-a6fc-424c-b80a-6224e51d0a2d: TaskStarted(150,16038,Some(AttributeKey[scala.collection.Seq[sbt.Attributed[java.io.File]]]("dependencyClasspath") in Scope(Build: file:/C:/Users/bram.zerbe/website-java-play/, , Project: ProjectReference(file:/C:/Users/bram.zerbe/website-java-play/,root), Config: compile)))
Sending msg to client play-fork-run-459f5021-a6fc-424c-b80a-6224e51d0a2d: TaskFinished(150,16038,Some(AttributeKey[scala.collection.Seq[sbt.Attributed[java.io.File]]]("dependencyClasspath") in Scope(Build: file:/C:/Users/bram.zerbe/website-java-play/, , Project: ProjectReference(file:/C:/Users/bram.zerbe/website-java-play/,root), Config: compile)),true,None)
Sending msg to client play-fork-run-459f5021-a6fc-424c-b80a-6224e51d0a2d: TaskStarted(150,16037,Some(AttributeKey[sbt.Compiler$IncSetup]("incCompileSetup") in Scope(Build: file:/C:/Users/bram.zerbe/website-java-play/, , Project: ProjectReference(file:/C:/Users/bram.zerbe/website-java-play/,root), Config: compile)))
Sending msg to client play-fork-run-459f5021-a6fc-424c-b80a-6224e51d0a2d: TaskStarted(150,16096,Some(AttributeKey[scala.collection.Seq[java.lang.String]]("playEbeanModels") in Scope(Build: file:/C:/Users/bram.zerbe/website-java-play/, , Project: ProjectReference(file:/C:/Users/bram.zerbe/website-java-play/,root), Config: compile)))
Sending msg to client play-fork-run-459f5021-a6fc-424c-b80a-6224e51d0a2d: TaskStarted(150,16098,Some(AttributeKey[scala.Function1[sbt.compiler.IC$Result,sbt.compiler.IC$Result]]("playEnhancerGenerateAccessors") in Scope(Build: file:/C:/Users/bram.zerbe/website-java-play/, , Project: ProjectReference(file:/C:/Users/bram.zerbe/website-java-play/,root), Config: compile)))
Sending msg to client play-fork-run-459f5021-a6fc-424c-b80a-6224e51d0a2d: TaskStarted(150,16143,Some(AttributeKey[scala.Function1[sbt.compiler.IC$Result,sbt.compiler.IC$Result]]("playEnhancerRewriteAccessors") in Scope(Build: file:/C:/Users/bram.zerbe/website-java-play/, , Project: ProjectReference(file:/C:/Users/bram.zerbe/website-java-play/,root), Config: compile)))
Sending msg to client play-fork-run-459f5021-a6fc-424c-b80a-6224e51d0a2d: TaskFinished(150,16143,Some(AttributeKey[scala.Function1[sbt.compiler.IC$Result,sbt.compiler.IC$Result]]("playEnhancerRewriteAccessors") in Scope(Build: file:/C:/Users/bram.zerbe/website-java-play/, , Project: ProjectReference(file:/C:/Users/bram.zerbe/website-java-play/,root), Config: compile)),true,None)
Sending msg to client play-fork-run-459f5021-a6fc-424c-b80a-6224e51d0a2d: TaskFinished(150,16098,Some(AttributeKey[scala.Function1[sbt.compiler.IC$Result,sbt.compiler.IC$Result]]("playEnhancerGenerateAccessors") in Scope(Build: file:/C:/Users/bram.zerbe/website-java-play/, , Project: ProjectReference(file:/C:/Users/bram.zerbe/website-java-play/,root), Config: compile)),true,None)
Sending msg to client play-fork-run-459f5021-a6fc-424c-b80a-6224e51d0a2d: TaskFinished(150,16037,Some(AttributeKey[sbt.Compiler$IncSetup]("incCompileSetup") in Scope(Build: file:/C:/Users/bram.zerbe/website-java-play/, , Project: ProjectReference(file:/C:/Users/bram.zerbe/website-java-play/,root), Config: compile)),true,None)
Sending msg to client play-fork-run-459f5021-a6fc-424c-b80a-6224e51d0a2d: TaskStarted(150,16105,Some(AttributeKey[sbt.Compiler$PreviousAnalysis]("readAnalysis") in Scope(Build: file:/C:/Users/bram.zerbe/website-java-play/, , Project: ProjectReference(file:/C:/Users/bram.zerbe/website-java-play/,root), Config: compile)))
Sending msg to client play-fork-run-459f5021-a6fc-424c-b80a-6224e51d0a2d: TaskStarted(150,16107,Some(AttributeKey[sbt.Compiler$Inputs]("compileInputs") in Scope(Build: file:/C:/Users/bram.zerbe/website-java-play/, , Project: ProjectReference(file:/C:/Users/bram.zerbe/website-java-play/,root), Config: compile, Task: AttributeKey[sbt.inc.Analysis]("compile"))))
Sending msg to client play-fork-run-459f5021-a6fc-424c-b80a-6224e51d0a2d: TaskFinished(150,16105,Some(AttributeKey[sbt.Compiler$PreviousAnalysis]("readAnalysis") in Scope(Build: file:/C:/Users/bram.zerbe/website-java-play/, , Project: ProjectReference(file:/C:/Users/bram.zerbe/website-java-play/,root), Config: compile)),true,None)
Sending msg to client play-fork-run-459f5021-a6fc-424c-b80a-6224e51d0a2d: TaskFinished(150,16107,Some(AttributeKey[sbt.Compiler$Inputs]("compileInputs") in Scope(Build: file:/C:/Users/bram.zerbe/website-java-play/, , Project: ProjectReference(file:/C:/Users/bram.zerbe/website-java-play/,root), Config: compile, Task: AttributeKey[sbt.inc.Analysis]("compile"))),true,None)
Sending msg to client play-fork-run-459f5021-a6fc-424c-b80a-6224e51d0a2d: TaskStarted(150,16140,Some(AttributeKey[scala.Option[xsbti.Reporter]]("compilerReporter") in Scope(Build: file:/C:/Users/bram.zerbe/website-java-play/, , Project: ProjectReference(file:/C:/Users/bram.zerbe/website-java-play/,root), Config: compile, Task: AttributeKey[sbt.inc.Analysis]("compile"))))
Sending msg to client play-fork-run-459f5021-a6fc-424c-b80a-6224e51d0a2d: TaskFinished(150,16140,Some(AttributeKey[scala.Option[xsbti.Reporter]]("compilerReporter") in Scope(Build: file:/C:/Users/bram.zerbe/website-java-play/, , Project: ProjectReference(file:/C:/Users/bram.zerbe/website-java-play/,root), Config: compile, Task: AttributeKey[sbt.inc.Analysis]("compile"))),true,None)
Sending msg to client play-fork-run-459f5021-a6fc-424c-b80a-6224e51d0a2d: TaskStarted(150,16104,Some(AttributeKey[sbt.compiler.IC$Result]("compileIncremental") in Scope(Build: file:/C:/Users/bram.zerbe/website-java-play/, , Project: ProjectReference(file:/C:/Users/bram.zerbe/website-java-play/,root), Config: compile)))
Sending msg to client play-fork-run-459f5021-a6fc-424c-b80a-6224e51d0a2d: TaskLogEvent(16104,LogMessage(debug,
Initial source changes: 
	removed:Set()
	added: Set()
	modified: Set()
Removed products: Set()
External API changes: API Changes: Set()
Modified binary dependencies: Set()
Initial directly invalidated sources: Set()

Sources indirectly invalidated by:
	product: Set()
	binary dep: Set()
	external source: Set()))
Sending msg to client play-fork-run-459f5021-a6fc-424c-b80a-6224e51d0a2d: TaskLogEvent(16104,LogMessage(debug,All initially invalidated sources: Set()
))
Sending msg to client play-fork-run-459f5021-a6fc-424c-b80a-6224e51d0a2d: TaskFinished(150,16104,Some(AttributeKey[sbt.compiler.IC$Result]("compileIncremental") in Scope(Build: file:/C:/Users/bram.zerbe/website-java-play/, , Project: ProjectReference(file:/C:/Users/bram.zerbe/website-java-play/,root), Config: compile)),true,None)
Sending msg to client play-fork-run-459f5021-a6fc-424c-b80a-6224e51d0a2d: TaskStarted(150,16103,Some(AttributeKey[sbt.compiler.IC$Result]("manipulateBytecode") in Scope(Build: file:/C:/Users/bram.zerbe/website-java-play/, , Project: ProjectReference(file:/C:/Users/bram.zerbe/website-java-play/,root), Config: compile)))
Sending msg to client play-fork-run-459f5021-a6fc-424c-b80a-6224e51d0a2d: TaskFinished(150,16103,Some(AttributeKey[sbt.compiler.IC$Result]("manipulateBytecode") in Scope(Build: file:/C:/Users/bram.zerbe/website-java-play/, , Project: ProjectReference(file:/C:/Users/bram.zerbe/website-java-play/,root), Config: compile)),true,None)
Sending msg to client play-fork-run-459f5021-a6fc-424c-b80a-6224e51d0a2d: TaskStarted(150,16097,Some(AttributeKey[sbt.compiler.IC$Result]("manipulateBytecode") in Scope(Build: file:/C:/Users/bram.zerbe/website-java-play/, , Project: ProjectReference(file:/C:/Users/bram.zerbe/website-java-play/,root), Config: compile)))
Sending msg to client play-fork-run-459f5021-a6fc-424c-b80a-6224e51d0a2d: TaskFinished(150,16097,Some(AttributeKey[sbt.compiler.IC$Result]("manipulateBytecode") in Scope(Build: file:/C:/Users/bram.zerbe/website-java-play/, , Project: ProjectReference(file:/C:/Users/bram.zerbe/website-java-play/,root), Config: compile)),true,None)
Sending msg to client play-fork-run-459f5021-a6fc-424c-b80a-6224e51d0a2d: TaskFinished(150,16096,Some(AttributeKey[scala.collection.Seq[java.lang.String]]("playEbeanModels") in Scope(Build: file:/C:/Users/bram.zerbe/website-java-play/, , Project: ProjectReference(file:/C:/Users/bram.zerbe/website-java-play/,root), Config: compile)),true,None)
Sending msg to client play-fork-run-459f5021-a6fc-424c-b80a-6224e51d0a2d: TaskStarted(150,16095,Some(AttributeKey[sbt.compiler.IC$Result]("manipulateBytecode") in Scope(Build: file:/C:/Users/bram.zerbe/website-java-play/, , Project: ProjectReference(file:/C:/Users/bram.zerbe/website-java-play/,root), Config: compile)))
Sending msg to client play-fork-run-459f5021-a6fc-424c-b80a-6224e51d0a2d: TaskFinished(150,16095,Some(AttributeKey[sbt.compiler.IC$Result]("manipulateBytecode") in Scope(Build: file:/C:/Users/bram.zerbe/website-java-play/, , Project: ProjectReference(file:/C:/Users/bram.zerbe/website-java-play/,root), Config: compile)),true,None)
Sending msg to client play-fork-run-459f5021-a6fc-424c-b80a-6224e51d0a2d: TaskStarted(150,16036,Some(AttributeKey[sbt.inc.Analysis]("compile") in Scope(Build: file:/C:/Users/bram.zerbe/website-java-play/, , Project: ProjectReference(file:/C:/Users/bram.zerbe/website-java-play/,root), Config: compile)))
Sending msg to client play-fork-run-459f5021-a6fc-424c-b80a-6224e51d0a2d: TaskFinished(150,16036,Some(AttributeKey[sbt.inc.Analysis]("compile") in Scope(Build: file:/C:/Users/bram.zerbe/website-java-play/, , Project: ProjectReference(file:/C:/Users/bram.zerbe/website-java-play/,root), Config: compile)),true,None)
Sending msg to client play-fork-run-459f5021-a6fc-424c-b80a-6224e51d0a2d: TaskStarted(150,16035,Some(AttributeKey[scala.collection.Seq[java.lang.String]]("discoveredMainClasses") in Scope(Build: file:/C:/Users/bram.zerbe/website-java-play/, , Project: ProjectReference(file:/C:/Users/bram.zerbe/website-java-play/,root), Config: compile)))
Sending msg to client play-fork-run-459f5021-a6fc-424c-b80a-6224e51d0a2d: TaskFinished(150,16035,Some(AttributeKey[scala.collection.Seq[java.lang.String]]("discoveredMainClasses") in Scope(Build: file:/C:/Users/bram.zerbe/website-java-play/, , Project: ProjectReference(file:/C:/Users/bram.zerbe/website-java-play/,root), Config: compile)),true,None)
Sending msg to client play-fork-run-459f5021-a6fc-424c-b80a-6224e51d0a2d: TaskStarted(150,16034,None)
Sending msg to client play-fork-run-459f5021-a6fc-424c-b80a-6224e51d0a2d: TaskFinished(150,16034,None,true,None)
Sending msg to client play-fork-run-459f5021-a6fc-424c-b80a-6224e51d0a2d: TaskStarted(150,16033,None)
Sending msg to client play-fork-run-459f5021-a6fc-424c-b80a-6224e51d0a2d: TaskFinished(150,16033,None,true,None)
Sending msg to client play-fork-run-459f5021-a6fc-424c-b80a-6224e51d0a2d: DetachedLogEvent(LogMessage(debug,cancel strategy finish enabled=false lastCommand=Some(LastCommand(CommandExecutionWork(ExecutionId(150),{file:/C:/Users/bram.zerbe/website-java-play/}root/compile:discoveredMainClasses,Set(LiveClient(activator 20be1106-4cbb-48c0-9170-67a242a8d586)),sbt.server.WorkCancellationStatus$$anon$1@38dc1642)))))
Sending msg to client play-fork-run-459f5021-a6fc-424c-b80a-6224e51d0a2d: DetachedLogEvent(LogSuccess(Total time: 25 s, completed Aug 5, 2015 12:35:12 PM))
Sending msg to client play-fork-run-459f5021-a6fc-424c-b80a-6224e51d0a2d: DetachedLogEvent(LogMessage(debug,> server-post-command-cleanup))
Sending msg to client play-fork-run-459f5021-a6fc-424c-b80a-6224e51d0a2d: ExecutionSuccess(150)
Sending msg to client play-fork-run-459f5021-a6fc-424c-b80a-6224e51d0a2d: DetachedLogEvent(LogMessage(debug,> server-handle-next-server-request))
