New log file opened at Tue Aug 04 14:05:21 EDT 2015 by 5748@E430-SPED-22
Sending msg to client play-fork-run-d2ae1aa7-d556-439d-a38e-eccc2f6547d2: DetachedLogEvent(LogMessage(debug,sbt server socket logs are in: C:\Users\bram.zerbe\website-java-play\.sbtserver\connections\master.log))
Sending msg to client play-fork-run-d2ae1aa7-d556-439d-a38e-eccc2f6547d2: DetachedLogEvent(LogMessage(debug,sbt general server logs are in: C:\Users\bram.zerbe\website-java-play\.sbtserver\master.log))
Sending msg to client play-fork-run-d2ae1aa7-d556-439d-a38e-eccc2f6547d2: DetachedLogEvent(LogMessage(debug,sbt client logs are in: C:\Users\bram.zerbe\website-java-play\.sbtserver\connections\play-fork-run-d2ae1aa7-d556-439d-a38e-eccc2f6547d2.log))
Reading next message from client.
Got request: DaemonRequest(true)
Reading next message from client.
Sending msg to client play-fork-run-d2ae1aa7-d556-439d-a38e-eccc2f6547d2: (3,ReceivedResponse())
Got request: ListenToEvents()
Reading next message from client.
Got request: KeyLookupRequest(root/playForkConfig)
Reading next message from client.
Sending msg to client play-fork-run-d2ae1aa7-d556-439d-a38e-eccc2f6547d2: ExecutionWaiting(8,test,ClientInfo(38511aec-3d03-40dd-940b-5da35253386d,activator,Activator,3,Vector()))
Sending msg to client play-fork-run-d2ae1aa7-d556-439d-a38e-eccc2f6547d2: ExecutionStarting(8)
Sending msg to client play-fork-run-d2ae1aa7-d556-439d-a38e-eccc2f6547d2: TaskStarted(8,917,Some(AttributeKey[scala.Tuple2[scala.Enumeration$Value,scala.collection.immutable.Map[java.lang.String,sbt.SuiteResult]]]("mochaExecuteTests") in Scope(Build: file:/C:/Users/bram.zerbe/website-java-play/, , Project: ProjectReference(file:/C:/Users/bram.zerbe/website-java-play/,root))))
Sending msg to client play-fork-run-d2ae1aa7-d556-439d-a38e-eccc2f6547d2: BackgroundJobStarted(7,BackgroundJobInfo(1,backgroundRun,AttributeKey[sbt.BackgroundJobHandle]("backgroundRun") in Scope(Build: file:/C:/Users/bram.zerbe/website-java-play/, , Project: ProjectReference(file:/C:/Users/bram.zerbe/website-java-play/,root), Config: compile)))
Sending msg to client play-fork-run-d2ae1aa7-d556-439d-a38e-eccc2f6547d2: (4,ReceivedResponse())
Sending msg to client play-fork-run-d2ae1aa7-d556-439d-a38e-eccc2f6547d2: (5,KeyLookupResponse(root/playForkConfig,Vector(AttributeKey[play.forkrun.protocol.ForkConfig]("playForkConfig") in Scope(Build: file:/C:/Users/bram.zerbe/website-java-play/, , Project: ProjectReference(file:/C:/Users/bram.zerbe/website-java-play/,root)))))
Got request: ListenToValue(AttributeKey[play.forkrun.protocol.ForkConfig]("playForkConfig") in Scope(Build: file:/C:/Users/bram.zerbe/website-java-play/, , Project: ProjectReference(file:/C:/Users/bram.zerbe/website-java-play/,root)))
Reading next message from client.
Got request: KeyExecutionRequest(AttributeKey[play.forkrun.protocol.ForkConfig]("playForkConfig") in Scope(Build: file:/C:/Users/bram.zerbe/website-java-play/, , Project: ProjectReference(file:/C:/Users/bram.zerbe/website-java-play/,root)))
Reading next message from client.
Sending msg to client play-fork-run-d2ae1aa7-d556-439d-a38e-eccc2f6547d2: (6,ReceivedResponse())
Sending msg to client play-fork-run-d2ae1aa7-d556-439d-a38e-eccc2f6547d2: (7,ExecutionRequestReceived(9))
Sending msg to client play-fork-run-d2ae1aa7-d556-439d-a38e-eccc2f6547d2: ExecutionWaiting(9,{file:/C:/Users/bram.zerbe/website-java-play/}root/*:playForkConfig,ClientInfo(d2ae1aa7-d556-439d-a38e-eccc2f6547d2,play-fork-run,Play Fork Run,1,Vector()))
Sending msg to client play-fork-run-d2ae1aa7-d556-439d-a38e-eccc2f6547d2: TaskFinished(8,917,Some(AttributeKey[scala.Tuple2[scala.Enumeration$Value,scala.collection.immutable.Map[java.lang.String,sbt.SuiteResult]]]("mochaExecuteTests") in Scope(Build: file:/C:/Users/bram.zerbe/website-java-play/, , Project: ProjectReference(file:/C:/Users/bram.zerbe/website-java-play/,root))),true,None)
Sending msg to client play-fork-run-d2ae1aa7-d556-439d-a38e-eccc2f6547d2: TaskStarted(8,916,Some(AttributeKey[sbt.Tests$Output]("executeTests") in Scope(Build: file:/C:/Users/bram.zerbe/website-java-play/, , Project: ProjectReference(file:/C:/Users/bram.zerbe/website-java-play/,root), Config: test)))
Sending msg to client play-fork-run-d2ae1aa7-d556-439d-a38e-eccc2f6547d2: TaskFinished(8,916,Some(AttributeKey[sbt.Tests$Output]("executeTests") in Scope(Build: file:/C:/Users/bram.zerbe/website-java-play/, , Project: ProjectReference(file:/C:/Users/bram.zerbe/website-java-play/,root), Config: test)),true,None)
Sending msg to client play-fork-run-d2ae1aa7-d556-439d-a38e-eccc2f6547d2: TaskStarted(8,915,Some(AttributeKey[void]("test") in Scope(Build: file:/C:/Users/bram.zerbe/website-java-play/, , Project: ProjectReference(file:/C:/Users/bram.zerbe/website-java-play/,root), Config: test)))
Sending msg to client play-fork-run-d2ae1aa7-d556-439d-a38e-eccc2f6547d2: TaskLogEvent(915,LogMessage(debug,Summary for JUnit not available.))
Sending msg to client play-fork-run-d2ae1aa7-d556-439d-a38e-eccc2f6547d2: TaskLogEvent(915,LogMessage(info,Read from stdout: Passed: Total 3, Failed 0, Errors 0, Passed 3))
Sending msg to client play-fork-run-d2ae1aa7-d556-439d-a38e-eccc2f6547d2: TaskLogEvent(915,LogMessage(info,Passed: Total 3, Failed 0, Errors 0, Passed 3))
Sending msg to client play-fork-run-d2ae1aa7-d556-439d-a38e-eccc2f6547d2: TaskLogEvent(915,LogMessage(debug,Passed tests:))
Sending msg to client play-fork-run-d2ae1aa7-d556-439d-a38e-eccc2f6547d2: TaskLogEvent(915,LogMessage(debug,	ApplicationTest
	IntegrationTest))
Sending msg to client play-fork-run-d2ae1aa7-d556-439d-a38e-eccc2f6547d2: TaskFinished(8,915,Some(AttributeKey[void]("test") in Scope(Build: file:/C:/Users/bram.zerbe/website-java-play/, , Project: ProjectReference(file:/C:/Users/bram.zerbe/website-java-play/,root), Config: test)),true,None)
Sending msg to client play-fork-run-d2ae1aa7-d556-439d-a38e-eccc2f6547d2: TaskStarted(8,914,None)
Sending msg to client play-fork-run-d2ae1aa7-d556-439d-a38e-eccc2f6547d2: TaskFinished(8,914,None,true,None)
Sending msg to client play-fork-run-d2ae1aa7-d556-439d-a38e-eccc2f6547d2: TaskStarted(8,913,None)
Sending msg to client play-fork-run-d2ae1aa7-d556-439d-a38e-eccc2f6547d2: TaskFinished(8,913,None,true,None)
Sending msg to client play-fork-run-d2ae1aa7-d556-439d-a38e-eccc2f6547d2: DetachedLogEvent(LogMessage(debug,cancel strategy finish enabled=false lastCommand=Some(LastCommand(CommandExecutionWork(ExecutionId(8),test,Set(LiveClient(activator 38511aec-3d03-40dd-940b-5da35253386d)),sbt.server.WorkCancellationStatus$$anon$1@2d321725)))))
Sending msg to client play-fork-run-d2ae1aa7-d556-439d-a38e-eccc2f6547d2: BackgroundJobLogEvent(1,LogMessage(info,Passed: Total 3, Failed 0, Errors 0, Passed 3))
Sending msg to client play-fork-run-d2ae1aa7-d556-439d-a38e-eccc2f6547d2: DetachedLogEvent(LogSuccess(Total time: 8 s, completed Aug 4, 2015 2:05:22 PM))
Sending msg to client play-fork-run-d2ae1aa7-d556-439d-a38e-eccc2f6547d2: DetachedLogEvent(LogMessage(debug,> server-post-command-cleanup))
Sending msg to client play-fork-run-d2ae1aa7-d556-439d-a38e-eccc2f6547d2: ExecutionSuccess(8)
Sending msg to client play-fork-run-d2ae1aa7-d556-439d-a38e-eccc2f6547d2: DetachedLogEvent(LogMessage(debug,> server-handle-next-server-request))
Sending msg to client play-fork-run-d2ae1aa7-d556-439d-a38e-eccc2f6547d2: ExecutionStarting(9)
Sending msg to client play-fork-run-d2ae1aa7-d556-439d-a38e-eccc2f6547d2: DetachedLogEvent(LogMessage(debug,> {file:/C:/Users/bram.zerbe/website-java-play/}root/*:playForkConfig))
Sending msg to client play-fork-run-d2ae1aa7-d556-439d-a38e-eccc2f6547d2: DetachedLogEvent(LogMessage(debug,Evaluating tasks: *:playForkConfig))
Sending msg to client play-fork-run-d2ae1aa7-d556-439d-a38e-eccc2f6547d2: DetachedLogEvent(LogMessage(debug,Running task... Cancel: sbt.server.ServerTaskCancellation@6f1db7f2, check cycles: false))
Sending msg to client play-fork-run-d2ae1aa7-d556-439d-a38e-eccc2f6547d2: DetachedLogEvent(LogMessage(debug,cancel strategy start enabled=true lastCommand=Some(LastCommand(CommandExecutionWork(ExecutionId(9),{file:/C:/Users/bram.zerbe/website-java-play/}root/*:playForkConfig,Set(LiveClient(play-fork-run d2ae1aa7-d556-439d-a38e-eccc2f6547d2)),sbt.server.WorkCancellationStatus$$anon$1@6d6dde51)))))
Sending msg to client play-fork-run-d2ae1aa7-d556-439d-a38e-eccc2f6547d2: TaskStarted(9,1389,None)
Sending msg to client play-fork-run-d2ae1aa7-d556-439d-a38e-eccc2f6547d2: TaskStarted(9,1390,None)
Sending msg to client play-fork-run-d2ae1aa7-d556-439d-a38e-eccc2f6547d2: TaskStarted(9,1395,Some(AttributeKey[boolean]("skip") in Scope(Global)))
Sending msg to client play-fork-run-d2ae1aa7-d556-439d-a38e-eccc2f6547d2: TaskStarted(9,1399,Some(AttributeKey[java.lang.String]("updateCacheName") in Scope(Build: file:/C:/Users/bram.zerbe/website-java-play/, , Project: ProjectReference(file:/C:/Users/bram.zerbe/website-java-play/,root))))
Sending msg to client play-fork-run-d2ae1aa7-d556-439d-a38e-eccc2f6547d2: TaskStarted(9,1401,None)
Sending msg to client play-fork-run-d2ae1aa7-d556-439d-a38e-eccc2f6547d2: TaskStarted(9,1403,None)
Sending msg to client play-fork-run-d2ae1aa7-d556-439d-a38e-eccc2f6547d2: TaskStarted(9,1404,None)
Sending msg to client play-fork-run-d2ae1aa7-d556-439d-a38e-eccc2f6547d2: TaskStarted(9,1405,None)
Sending msg to client play-fork-run-d2ae1aa7-d556-439d-a38e-eccc2f6547d2: TaskStarted(9,1412,Some(AttributeKey[scala.collection.Seq[sbt.Credentials]]("credentials") in Scope(Global)))
Sending msg to client play-fork-run-d2ae1aa7-d556-439d-a38e-eccc2f6547d2: TaskStarted(9,1415,Some(AttributeKey[scala.collection.Seq[sbt.Resolver]]("externalResolvers") in Scope(Build: file:/C:/Users/bram.zerbe/website-java-play/, , Project: ProjectReference(file:/C:/Users/bram.zerbe/website-java-play/,root))))
Sending msg to client play-fork-run-d2ae1aa7-d556-439d-a38e-eccc2f6547d2: TaskStarted(9,1416,Some(AttributeKey[scala.Option[scala.collection.Seq[sbt.Resolver]]]("bootResolvers") in Scope(Build: file:/C:/Users/bram.zerbe/website-java-play/, , Project: ProjectReference(file:/C:/Users/bram.zerbe/website-java-play/,root))))
Sending msg to client play-fork-run-d2ae1aa7-d556-439d-a38e-eccc2f6547d2: TaskStarted(9,1423,None)
Sending msg to client play-fork-run-d2ae1aa7-d556-439d-a38e-eccc2f6547d2: TaskStarted(9,1424,Some(AttributeKey[scala.Option[java.lang.String]]("mainClass") in Scope(Build: file:/C:/Users/bram.zerbe/website-java-play/, , Project: ProjectReference(file:/C:/Users/bram.zerbe/website-java-play/,root), Config: compile, Task: AttributeKey[void]("run"))))
Sending msg to client play-fork-run-d2ae1aa7-d556-439d-a38e-eccc2f6547d2: TaskStarted(9,1432,None)
Sending msg to client play-fork-run-d2ae1aa7-d556-439d-a38e-eccc2f6547d2: TaskStarted(9,1438,Some(AttributeKey[scala.collection.Seq[java.lang.String]]("javaOptions") in Scope(Global)))
Sending msg to client play-fork-run-d2ae1aa7-d556-439d-a38e-eccc2f6547d2: TaskStarted(9,1440,Some(AttributeKey[scala.Tuple2[java.lang.String,java.io.File]]("playPrefixAndAssets") in Scope(Build: file:/C:/Users/bram.zerbe/website-java-play/, , Project: ProjectReference(file:/C:/Users/bram.zerbe/website-java-play/,root))))
Sending msg to client play-fork-run-d2ae1aa7-d556-439d-a38e-eccc2f6547d2: TaskFinished(9,1389,None,true,None)
Sending msg to client play-fork-run-d2ae1aa7-d556-439d-a38e-eccc2f6547d2: TaskStarted(9,1388,Some(AttributeKey[sbt.BuildStructure]("buildStructure") in Scope(Global)))
Sending msg to client play-fork-run-d2ae1aa7-d556-439d-a38e-eccc2f6547d2: TaskStarted(9,1396,Some(AttributeKey[java.io.File]("dependencyCacheDirectory") in Scope(Build: file:/C:/Users/bram.zerbe/website-java-play/, , Project: ProjectReference(file:/C:/Users/bram.zerbe/website-java-play/,root))))
Sending msg to client play-fork-run-d2ae1aa7-d556-439d-a38e-eccc2f6547d2: TaskFinished(9,1395,Some(AttributeKey[boolean]("skip") in Scope(Global)),true,None)
Sending msg to client play-fork-run-d2ae1aa7-d556-439d-a38e-eccc2f6547d2: TaskFinished(9,1401,None,true,None)
Sending msg to client play-fork-run-d2ae1aa7-d556-439d-a38e-eccc2f6547d2: TaskStarted(9,1400,None)
Sending msg to client play-fork-run-d2ae1aa7-d556-439d-a38e-eccc2f6547d2: TaskStarted(9,1411,None)
Sending msg to client play-fork-run-d2ae1aa7-d556-439d-a38e-eccc2f6547d2: TaskStarted(9,1419,None)
Sending msg to client play-fork-run-d2ae1aa7-d556-439d-a38e-eccc2f6547d2: TaskStarted(9,1420,None)
Sending msg to client play-fork-run-d2ae1aa7-d556-439d-a38e-eccc2f6547d2: TaskStarted(9,1421,None)
Sending msg to client play-fork-run-d2ae1aa7-d556-439d-a38e-eccc2f6547d2: TaskStarted(9,1433,None)
Sending msg to client play-fork-run-d2ae1aa7-d556-439d-a38e-eccc2f6547d2: TaskStarted(9,1436,None)
Sending msg to client play-fork-run-d2ae1aa7-d556-439d-a38e-eccc2f6547d2: TaskStarted(9,1437,None)
Sending msg to client play-fork-run-d2ae1aa7-d556-439d-a38e-eccc2f6547d2: TaskFinished(9,1403,None,true,None)
Sending msg to client play-fork-run-d2ae1aa7-d556-439d-a38e-eccc2f6547d2: TaskFinished(9,1404,None,true,None)
Sending msg to client play-fork-run-d2ae1aa7-d556-439d-a38e-eccc2f6547d2: TaskStarted(9,1402,Some(AttributeKey[scala.collection.Seq[sbt.UpdateReport]]("transitiveUpdate") in Scope(Build: file:/C:/Users/bram.zerbe/website-java-play/, , Project: ProjectReference(file:/C:/Users/bram.zerbe/website-java-play/,root))))
Sending msg to client play-fork-run-d2ae1aa7-d556-439d-a38e-eccc2f6547d2: TaskFinished(9,1405,None,true,None)
Sending msg to client play-fork-run-d2ae1aa7-d556-439d-a38e-eccc2f6547d2: TaskFinished(9,1412,Some(AttributeKey[scala.collection.Seq[sbt.Credentials]]("credentials") in Scope(Global)),true,None)
Sending msg to client play-fork-run-d2ae1aa7-d556-439d-a38e-eccc2f6547d2: TaskFinished(9,1399,Some(AttributeKey[java.lang.String]("updateCacheName") in Scope(Build: file:/C:/Users/bram.zerbe/website-java-play/, , Project: ProjectReference(file:/C:/Users/bram.zerbe/website-java-play/,root))),true,None)
Sending msg to client play-fork-run-d2ae1aa7-d556-439d-a38e-eccc2f6547d2: TaskFinished(9,1416,Some(AttributeKey[scala.Option[scala.collection.Seq[sbt.Resolver]]]("bootResolvers") in Scope(Build: file:/C:/Users/bram.zerbe/website-java-play/, , Project: ProjectReference(file:/C:/Users/bram.zerbe/website-java-play/,root))),true,None)
Sending msg to client play-fork-run-d2ae1aa7-d556-439d-a38e-eccc2f6547d2: TaskFinished(9,1423,None,true,None)
Sending msg to client play-fork-run-d2ae1aa7-d556-439d-a38e-eccc2f6547d2: TaskFinished(9,1432,None,true,None)
Sending msg to client play-fork-run-d2ae1aa7-d556-439d-a38e-eccc2f6547d2: TaskFinished(9,1438,Some(AttributeKey[scala.collection.Seq[java.lang.String]]("javaOptions") in Scope(Global)),true,None)
Sending msg to client play-fork-run-d2ae1aa7-d556-439d-a38e-eccc2f6547d2: TaskFinished(9,1424,Some(AttributeKey[scala.Option[java.lang.String]]("mainClass") in Scope(Build: file:/C:/Users/bram.zerbe/website-java-play/, , Project: ProjectReference(file:/C:/Users/bram.zerbe/website-java-play/,root), Config: compile, Task: AttributeKey[void]("run"))),true,None)
Sending msg to client play-fork-run-d2ae1aa7-d556-439d-a38e-eccc2f6547d2: TaskFinished(9,1388,Some(AttributeKey[sbt.BuildStructure]("buildStructure") in Scope(Global)),true,None)
Sending msg to client play-fork-run-d2ae1aa7-d556-439d-a38e-eccc2f6547d2: TaskStarted(9,1387,Some(AttributeKey[sbt.Settings[sbt.Scope]]("settingsData") in Scope(Global)))
Sending msg to client play-fork-run-d2ae1aa7-d556-439d-a38e-eccc2f6547d2: TaskFinished(9,1396,Some(AttributeKey[java.io.File]("dependencyCacheDirectory") in Scope(Build: file:/C:/Users/bram.zerbe/website-java-play/, , Project: ProjectReference(file:/C:/Users/bram.zerbe/website-java-play/,root))),true,None)
Sending msg to client play-fork-run-d2ae1aa7-d556-439d-a38e-eccc2f6547d2: TaskFinished(9,1400,None,true,None)
Sending msg to client play-fork-run-d2ae1aa7-d556-439d-a38e-eccc2f6547d2: TaskStarted(9,1398,Some(AttributeKey[scala.collection.immutable.Map[sbt.ModuleID,sbt.SourcePosition]]("dependencyPositions") in Scope(Build: file:/C:/Users/bram.zerbe/website-java-play/, , Project: ProjectReference(file:/C:/Users/bram.zerbe/website-java-play/,root))))
Sending msg to client play-fork-run-d2ae1aa7-d556-439d-a38e-eccc2f6547d2: TaskFinished(9,1440,Some(AttributeKey[scala.Tuple2[java.lang.String,java.io.File]]("playPrefixAndAssets") in Scope(Build: file:/C:/Users/bram.zerbe/website-java-play/, , Project: ProjectReference(file:/C:/Users/bram.zerbe/website-java-play/,root))),true,None)
Sending msg to client play-fork-run-d2ae1aa7-d556-439d-a38e-eccc2f6547d2: TaskStarted(9,1439,Some(AttributeKey[scala.collection.Seq[scala.Tuple2[java.lang.String,java.io.File]]]("playAllAssets") in Scope(Build: file:/C:/Users/bram.zerbe/website-java-play/, , Project: ProjectReference(file:/C:/Users/bram.zerbe/website-java-play/,root))))
Sending msg to client play-fork-run-d2ae1aa7-d556-439d-a38e-eccc2f6547d2: TaskFinished(9,1419,None,true,None)
Sending msg to client play-fork-run-d2ae1aa7-d556-439d-a38e-eccc2f6547d2: TaskFinished(9,1420,None,true,None)
Sending msg to client play-fork-run-d2ae1aa7-d556-439d-a38e-eccc2f6547d2: TaskFinished(9,1421,None,true,None)
Sending msg to client play-fork-run-d2ae1aa7-d556-439d-a38e-eccc2f6547d2: TaskFinished(9,1433,None,true,None)
Sending msg to client play-fork-run-d2ae1aa7-d556-439d-a38e-eccc2f6547d2: TaskFinished(9,1436,None,true,None)
Sending msg to client play-fork-run-d2ae1aa7-d556-439d-a38e-eccc2f6547d2: TaskFinished(9,1437,None,true,None)
Sending msg to client play-fork-run-d2ae1aa7-d556-439d-a38e-eccc2f6547d2: TaskFinished(9,1402,Some(AttributeKey[scala.collection.Seq[sbt.UpdateReport]]("transitiveUpdate") in Scope(Build: file:/C:/Users/bram.zerbe/website-java-play/, , Project: ProjectReference(file:/C:/Users/bram.zerbe/website-java-play/,root))),true,None)
Sending msg to client play-fork-run-d2ae1aa7-d556-439d-a38e-eccc2f6547d2: TaskFinished(9,1390,None,true,None)
Sending msg to client play-fork-run-d2ae1aa7-d556-439d-a38e-eccc2f6547d2: TaskFinished(9,1415,Some(AttributeKey[scala.collection.Seq[sbt.Resolver]]("externalResolvers") in Scope(Build: file:/C:/Users/bram.zerbe/website-java-play/, , Project: ProjectReference(file:/C:/Users/bram.zerbe/website-java-play/,root))),true,None)
Sending msg to client play-fork-run-d2ae1aa7-d556-439d-a38e-eccc2f6547d2: TaskFinished(9,1439,Some(AttributeKey[scala.collection.Seq[scala.Tuple2[java.lang.String,java.io.File]]]("playAllAssets") in Scope(Build: file:/C:/Users/bram.zerbe/website-java-play/, , Project: ProjectReference(file:/C:/Users/bram.zerbe/website-java-play/,root))),true,None)
Sending msg to client play-fork-run-d2ae1aa7-d556-439d-a38e-eccc2f6547d2: TaskFinished(9,1387,Some(AttributeKey[sbt.Settings[sbt.Scope]]("settingsData") in Scope(Global)),true,None)
Sending msg to client play-fork-run-d2ae1aa7-d556-439d-a38e-eccc2f6547d2: TaskStarted(9,1386,Some(AttributeKey[scala.collection.Seq[java.io.File]]("playMonitoredFiles") in Scope(Build: file:/C:/Users/bram.zerbe/website-java-play/, , Project: ProjectReference(file:/C:/Users/bram.zerbe/website-java-play/,root))))
Sending msg to client play-fork-run-d2ae1aa7-d556-439d-a38e-eccc2f6547d2: TaskStarted(9,1409,Some(AttributeKey[scala.collection.Seq[sbt.ModuleID]]("projectDependencies") in Scope(Build: file:/C:/Users/bram.zerbe/website-java-play/, , Project: ProjectReference(file:/C:/Users/bram.zerbe/website-java-play/,root))))
Sending msg to client play-fork-run-d2ae1aa7-d556-439d-a38e-eccc2f6547d2: TaskStarted(9,1418,Some(AttributeKey[scala.collection.immutable.Map[org.apache.ivy.core.module.id.ModuleRevisionId,org.apache.ivy.core.module.descriptor.ModuleDescriptor]]("projectDescriptors") in Scope(Build: file:/C:/Users/bram.zerbe/website-java-play/, , Project: ProjectReference(file:/C:/Users/bram.zerbe/website-java-play/,root))))
Sending msg to client play-fork-run-d2ae1aa7-d556-439d-a38e-eccc2f6547d2: TaskStarted(9,1422,None)
Sending msg to client play-fork-run-d2ae1aa7-d556-439d-a38e-eccc2f6547d2: TaskStarted(9,1435,None)
Sending msg to client play-fork-run-d2ae1aa7-d556-439d-a38e-eccc2f6547d2: TaskFinished(9,1409,Some(AttributeKey[scala.collection.Seq[sbt.ModuleID]]("projectDependencies") in Scope(Build: file:/C:/Users/bram.zerbe/website-java-play/, , Project: ProjectReference(file:/C:/Users/bram.zerbe/website-java-play/,root))),true,None)
Sending msg to client play-fork-run-d2ae1aa7-d556-439d-a38e-eccc2f6547d2: TaskStarted(9,1408,Some(AttributeKey[scala.collection.Seq[sbt.ModuleID]]("allDependencies") in Scope(Build: file:/C:/Users/bram.zerbe/website-java-play/, , Project: ProjectReference(file:/C:/Users/bram.zerbe/website-java-play/,root))))
Sending msg to client play-fork-run-d2ae1aa7-d556-439d-a38e-eccc2f6547d2: TaskStarted(9,1442,None)
Sending msg to client play-fork-run-d2ae1aa7-d556-439d-a38e-eccc2f6547d2: TaskStarted(9,1443,None)
Sending msg to client play-fork-run-d2ae1aa7-d556-439d-a38e-eccc2f6547d2: TaskFinished(9,1411,None,true,None)
Sending msg to client play-fork-run-d2ae1aa7-d556-439d-a38e-eccc2f6547d2: TaskStarted(9,1447,None)
Sending msg to client play-fork-run-d2ae1aa7-d556-439d-a38e-eccc2f6547d2: TaskStarted(9,1448,None)
Sending msg to client play-fork-run-d2ae1aa7-d556-439d-a38e-eccc2f6547d2: TaskStarted(9,1451,None)
Sending msg to client play-fork-run-d2ae1aa7-d556-439d-a38e-eccc2f6547d2: TaskStarted(9,1453,None)
Sending msg to client play-fork-run-d2ae1aa7-d556-439d-a38e-eccc2f6547d2: TaskStarted(9,1454,None)
Sending msg to client play-fork-run-d2ae1aa7-d556-439d-a38e-eccc2f6547d2: TaskFinished(9,1408,Some(AttributeKey[scala.collection.Seq[sbt.ModuleID]]("allDependencies") in Scope(Build: file:/C:/Users/bram.zerbe/website-java-play/, , Project: ProjectReference(file:/C:/Users/bram.zerbe/website-java-play/,root))),true,None)
Sending msg to client play-fork-run-d2ae1aa7-d556-439d-a38e-eccc2f6547d2: TaskStarted(9,1407,Some(AttributeKey[sbt.ModuleSettings]("moduleSettings") in Scope(Build: file:/C:/Users/bram.zerbe/website-java-play/, , Project: ProjectReference(file:/C:/Users/bram.zerbe/website-java-play/,root))))
Sending msg to client play-fork-run-d2ae1aa7-d556-439d-a38e-eccc2f6547d2: TaskFinished(9,1442,None,true,None)
Sending msg to client play-fork-run-d2ae1aa7-d556-439d-a38e-eccc2f6547d2: TaskStarted(9,1441,None)
Sending msg to client play-fork-run-d2ae1aa7-d556-439d-a38e-eccc2f6547d2: TaskFinished(9,1443,None,true,None)
Sending msg to client play-fork-run-d2ae1aa7-d556-439d-a38e-eccc2f6547d2: TaskFinished(9,1422,None,true,None)
Sending msg to client play-fork-run-d2ae1aa7-d556-439d-a38e-eccc2f6547d2: TaskFinished(9,1447,None,true,None)
Sending msg to client play-fork-run-d2ae1aa7-d556-439d-a38e-eccc2f6547d2: TaskFinished(9,1448,None,true,None)
Sending msg to client play-fork-run-d2ae1aa7-d556-439d-a38e-eccc2f6547d2: TaskStarted(9,1446,Some(AttributeKey[scala.collection.Seq[sbt.Attributed[java.io.File]]]("unmanagedJars") in Scope(Build: file:/C:/Users/bram.zerbe/website-java-play/, , Project: ProjectReference(file:/C:/Users/bram.zerbe/website-java-play/,root), Config: runtime)))
Sending msg to client play-fork-run-d2ae1aa7-d556-439d-a38e-eccc2f6547d2: TaskFinished(9,1451,None,true,None)
Sending msg to client play-fork-run-d2ae1aa7-d556-439d-a38e-eccc2f6547d2: TaskStarted(9,1450,None)
Sending msg to client play-fork-run-d2ae1aa7-d556-439d-a38e-eccc2f6547d2: TaskFinished(9,1454,None,true,None)
Sending msg to client play-fork-run-d2ae1aa7-d556-439d-a38e-eccc2f6547d2: TaskFinished(9,1453,None,true,None)
Sending msg to client play-fork-run-d2ae1aa7-d556-439d-a38e-eccc2f6547d2: TaskStarted(9,1452,Some(AttributeKey[scala.collection.Seq[sbt.Attributed[java.io.File]]]("unmanagedJars") in Scope(Build: file:/C:/Users/bram.zerbe/website-java-play/, , Project: ProjectReference(file:/C:/Users/bram.zerbe/website-java-play/,root), Config: compile)))
Sending msg to client play-fork-run-d2ae1aa7-d556-439d-a38e-eccc2f6547d2: TaskFinished(9,1441,None,true,None)
Sending msg to client play-fork-run-d2ae1aa7-d556-439d-a38e-eccc2f6547d2: TaskFinished(9,1418,Some(AttributeKey[scala.collection.immutable.Map[org.apache.ivy.core.module.id.ModuleRevisionId,org.apache.ivy.core.module.descriptor.ModuleDescriptor]]("projectDescriptors") in Scope(Build: file:/C:/Users/bram.zerbe/website-java-play/, , Project: ProjectReference(file:/C:/Users/bram.zerbe/website-java-play/,root))),true,None)
Sending msg to client play-fork-run-d2ae1aa7-d556-439d-a38e-eccc2f6547d2: TaskStarted(9,1417,Some(AttributeKey[sbt.Resolver]("projectResolver") in Scope(Build: file:/C:/Users/bram.zerbe/website-java-play/, , Project: ProjectReference(file:/C:/Users/bram.zerbe/website-java-play/,root))))
Sending msg to client play-fork-run-d2ae1aa7-d556-439d-a38e-eccc2f6547d2: TaskFinished(9,1407,Some(AttributeKey[sbt.ModuleSettings]("moduleSettings") in Scope(Build: file:/C:/Users/bram.zerbe/website-java-play/, , Project: ProjectReference(file:/C:/Users/bram.zerbe/website-java-play/,root))),true,None)
Sending msg to client play-fork-run-d2ae1aa7-d556-439d-a38e-eccc2f6547d2: TaskStarted(9,1455,None)
Sending msg to client play-fork-run-d2ae1aa7-d556-439d-a38e-eccc2f6547d2: TaskFinished(9,1446,Some(AttributeKey[scala.collection.Seq[sbt.Attributed[java.io.File]]]("unmanagedJars") in Scope(Build: file:/C:/Users/bram.zerbe/website-java-play/, , Project: ProjectReference(file:/C:/Users/bram.zerbe/website-java-play/,root), Config: runtime)),true,None)
Sending msg to client play-fork-run-d2ae1aa7-d556-439d-a38e-eccc2f6547d2: TaskFinished(9,1452,Some(AttributeKey[scala.collection.Seq[sbt.Attributed[java.io.File]]]("unmanagedJars") in Scope(Build: file:/C:/Users/bram.zerbe/website-java-play/, , Project: ProjectReference(file:/C:/Users/bram.zerbe/website-java-play/,root), Config: compile)),true,None)
Sending msg to client play-fork-run-d2ae1aa7-d556-439d-a38e-eccc2f6547d2: TaskFinished(9,1417,Some(AttributeKey[sbt.Resolver]("projectResolver") in Scope(Build: file:/C:/Users/bram.zerbe/website-java-play/, , Project: ProjectReference(file:/C:/Users/bram.zerbe/website-java-play/,root))),true,None)
Sending msg to client play-fork-run-d2ae1aa7-d556-439d-a38e-eccc2f6547d2: TaskStarted(9,1414,Some(AttributeKey[scala.collection.Seq[sbt.Resolver]]("fullResolvers") in Scope(Build: file:/C:/Users/bram.zerbe/website-java-play/, , Project: ProjectReference(file:/C:/Users/bram.zerbe/website-java-play/,root))))
Sending msg to client play-fork-run-d2ae1aa7-d556-439d-a38e-eccc2f6547d2: TaskFinished(9,1455,None,true,None)
Sending msg to client play-fork-run-d2ae1aa7-d556-439d-a38e-eccc2f6547d2: TaskFinished(9,1450,None,true,None)
Sending msg to client play-fork-run-d2ae1aa7-d556-439d-a38e-eccc2f6547d2: TaskStarted(9,1449,Some(AttributeKey[scala.collection.Seq[sbt.Attributed[java.io.File]]]("unmanagedJars") in Scope(Build: file:/C:/Users/bram.zerbe/website-java-play/, , Project: ProjectReference(file:/C:/Users/bram.zerbe/website-java-play/,root), Config: compile)))
Sending msg to client play-fork-run-d2ae1aa7-d556-439d-a38e-eccc2f6547d2: TaskFinished(9,1414,Some(AttributeKey[scala.collection.Seq[sbt.Resolver]]("fullResolvers") in Scope(Build: file:/C:/Users/bram.zerbe/website-java-play/, , Project: ProjectReference(file:/C:/Users/bram.zerbe/website-java-play/,root))),true,None)
Sending msg to client play-fork-run-d2ae1aa7-d556-439d-a38e-eccc2f6547d2: TaskStarted(9,1413,Some(AttributeKey[sbt.IvyConfiguration]("ivyConfiguration") in Scope(Build: file:/C:/Users/bram.zerbe/website-java-play/, , Project: ProjectReference(file:/C:/Users/bram.zerbe/website-java-play/,root))))
Sending msg to client play-fork-run-d2ae1aa7-d556-439d-a38e-eccc2f6547d2: TaskFinished(9,1449,Some(AttributeKey[scala.collection.Seq[sbt.Attributed[java.io.File]]]("unmanagedJars") in Scope(Build: file:/C:/Users/bram.zerbe/website-java-play/, , Project: ProjectReference(file:/C:/Users/bram.zerbe/website-java-play/,root), Config: compile)),true,None)
Sending msg to client play-fork-run-d2ae1aa7-d556-439d-a38e-eccc2f6547d2: TaskStarted(9,1445,None)
Sending msg to client play-fork-run-d2ae1aa7-d556-439d-a38e-eccc2f6547d2: TaskFinished(9,1445,None,true,None)
Sending msg to client play-fork-run-d2ae1aa7-d556-439d-a38e-eccc2f6547d2: TaskStarted(9,1444,None)
Sending msg to client play-fork-run-d2ae1aa7-d556-439d-a38e-eccc2f6547d2: TaskFinished(9,1444,None,true,None)
Sending msg to client play-fork-run-d2ae1aa7-d556-439d-a38e-eccc2f6547d2: TaskFinished(9,1435,None,true,None)
Sending msg to client play-fork-run-d2ae1aa7-d556-439d-a38e-eccc2f6547d2: TaskStarted(9,1434,Some(AttributeKey[scala.collection.Seq[sbt.Attributed[java.io.File]]]("unmanagedClasspath") in Scope(Build: file:/C:/Users/bram.zerbe/website-java-play/, , Project: ProjectReference(file:/C:/Users/bram.zerbe/website-java-play/,root), Config: runtime)))
Sending msg to client play-fork-run-d2ae1aa7-d556-439d-a38e-eccc2f6547d2: TaskFinished(9,1434,Some(AttributeKey[scala.collection.Seq[sbt.Attributed[java.io.File]]]("unmanagedClasspath") in Scope(Build: file:/C:/Users/bram.zerbe/website-java-play/, , Project: ProjectReference(file:/C:/Users/bram.zerbe/website-java-play/,root), Config: runtime)),true,None)
Sending msg to client play-fork-run-d2ae1aa7-d556-439d-a38e-eccc2f6547d2: TaskFinished(9,1413,Some(AttributeKey[sbt.IvyConfiguration]("ivyConfiguration") in Scope(Build: file:/C:/Users/bram.zerbe/website-java-play/, , Project: ProjectReference(file:/C:/Users/bram.zerbe/website-java-play/,root))),true,None)
Sending msg to client play-fork-run-d2ae1aa7-d556-439d-a38e-eccc2f6547d2: TaskStarted(9,1410,Some(AttributeKey[sbt.IvySbt]("ivySbt") in Scope(Build: file:/C:/Users/bram.zerbe/website-java-play/, , Project: ProjectReference(file:/C:/Users/bram.zerbe/website-java-play/,root))))
Sending msg to client play-fork-run-d2ae1aa7-d556-439d-a38e-eccc2f6547d2: TaskFinished(9,1410,Some(AttributeKey[sbt.IvySbt]("ivySbt") in Scope(Build: file:/C:/Users/bram.zerbe/website-java-play/, , Project: ProjectReference(file:/C:/Users/bram.zerbe/website-java-play/,root))),true,None)
Sending msg to client play-fork-run-d2ae1aa7-d556-439d-a38e-eccc2f6547d2: TaskStarted(9,1406,Some(AttributeKey[sbt.IvySbt$Module]("ivyModule") in Scope(Build: file:/C:/Users/bram.zerbe/website-java-play/, , Project: ProjectReference(file:/C:/Users/bram.zerbe/website-java-play/,root))))
Sending msg to client play-fork-run-d2ae1aa7-d556-439d-a38e-eccc2f6547d2: TaskStarted(9,1456,None)
Sending msg to client play-fork-run-d2ae1aa7-d556-439d-a38e-eccc2f6547d2: TaskFinished(9,1406,Some(AttributeKey[sbt.IvySbt$Module]("ivyModule") in Scope(Build: file:/C:/Users/bram.zerbe/website-java-play/, , Project: ProjectReference(file:/C:/Users/bram.zerbe/website-java-play/,root))),true,None)
Sending msg to client play-fork-run-d2ae1aa7-d556-439d-a38e-eccc2f6547d2: TaskFinished(9,1398,Some(AttributeKey[scala.collection.immutable.Map[sbt.ModuleID,sbt.SourcePosition]]("dependencyPositions") in Scope(Build: file:/C:/Users/bram.zerbe/website-java-play/, , Project: ProjectReference(file:/C:/Users/bram.zerbe/website-java-play/,root))),true,None)
Sending msg to client play-fork-run-d2ae1aa7-d556-439d-a38e-eccc2f6547d2: TaskStarted(9,1397,Some(AttributeKey[sbt.UnresolvedWarningConfiguration]("unresolvedWarningConfiguration") in Scope(Build: file:/C:/Users/bram.zerbe/website-java-play/, , Project: ProjectReference(file:/C:/Users/bram.zerbe/website-java-play/,root), Task: AttributeKey[sbt.UpdateReport]("update"))))
Sending msg to client play-fork-run-d2ae1aa7-d556-439d-a38e-eccc2f6547d2: TaskFinished(9,1456,None,true,None)
Sending msg to client play-fork-run-d2ae1aa7-d556-439d-a38e-eccc2f6547d2: TaskFinished(9,1386,Some(AttributeKey[scala.collection.Seq[java.io.File]]("playMonitoredFiles") in Scope(Build: file:/C:/Users/bram.zerbe/website-java-play/, , Project: ProjectReference(file:/C:/Users/bram.zerbe/website-java-play/,root))),true,None)
Sending msg to client play-fork-run-d2ae1aa7-d556-439d-a38e-eccc2f6547d2: TaskFinished(9,1397,Some(AttributeKey[sbt.UnresolvedWarningConfiguration]("unresolvedWarningConfiguration") in Scope(Build: file:/C:/Users/bram.zerbe/website-java-play/, , Project: ProjectReference(file:/C:/Users/bram.zerbe/website-java-play/,root), Task: AttributeKey[sbt.UpdateReport]("update"))),true,None)
Sending msg to client play-fork-run-d2ae1aa7-d556-439d-a38e-eccc2f6547d2: TaskStarted(9,1394,Some(AttributeKey[sbt.UpdateReport]("update") in Scope(Build: file:/C:/Users/bram.zerbe/website-java-play/, , Project: ProjectReference(file:/C:/Users/bram.zerbe/website-java-play/,root))))
Sending msg to client play-fork-run-d2ae1aa7-d556-439d-a38e-eccc2f6547d2: TaskFinished(9,1394,Some(AttributeKey[sbt.UpdateReport]("update") in Scope(Build: file:/C:/Users/bram.zerbe/website-java-play/, , Project: ProjectReference(file:/C:/Users/bram.zerbe/website-java-play/,root))),true,None)
Sending msg to client play-fork-run-d2ae1aa7-d556-439d-a38e-eccc2f6547d2: TaskStarted(9,1393,Some(AttributeKey[sbt.UpdateReport]("update") in Scope(Build: file:/C:/Users/bram.zerbe/website-java-play/, , Project: ProjectReference(file:/C:/Users/bram.zerbe/website-java-play/,root))))
Sending msg to client play-fork-run-d2ae1aa7-d556-439d-a38e-eccc2f6547d2: TaskFinished(9,1393,Some(AttributeKey[sbt.UpdateReport]("update") in Scope(Build: file:/C:/Users/bram.zerbe/website-java-play/, , Project: ProjectReference(file:/C:/Users/bram.zerbe/website-java-play/,root))),true,None)
Sending msg to client play-fork-run-d2ae1aa7-d556-439d-a38e-eccc2f6547d2: TaskStarted(9,1392,Some(AttributeKey[scala.collection.Seq[sbt.Attributed[java.io.File]]]("managedClasspath") in Scope(Build: file:/C:/Users/bram.zerbe/website-java-play/, , Project: ProjectReference(file:/C:/Users/bram.zerbe/website-java-play/,root), Config: docs)))
Sending msg to client play-fork-run-d2ae1aa7-d556-439d-a38e-eccc2f6547d2: TaskStarted(9,1431,Some(AttributeKey[sbt.Configuration]("classpathConfiguration") in Scope(Build: file:/C:/Users/bram.zerbe/website-java-play/, , Project: ProjectReference(file:/C:/Users/bram.zerbe/website-java-play/,root), Config: compile)))
Sending msg to client play-fork-run-d2ae1aa7-d556-439d-a38e-eccc2f6547d2: TaskFinished(9,1392,Some(AttributeKey[scala.collection.Seq[sbt.Attributed[java.io.File]]]("managedClasspath") in Scope(Build: file:/C:/Users/bram.zerbe/website-java-play/, , Project: ProjectReference(file:/C:/Users/bram.zerbe/website-java-play/,root), Config: docs)),true,None)
Sending msg to client play-fork-run-d2ae1aa7-d556-439d-a38e-eccc2f6547d2: TaskStarted(9,1391,Some(AttributeKey[scala.Option[java.io.File]]("playDocsJar") in Scope(Build: file:/C:/Users/bram.zerbe/website-java-play/, , Project: ProjectReference(file:/C:/Users/bram.zerbe/website-java-play/,root))))
Sending msg to client play-fork-run-d2ae1aa7-d556-439d-a38e-eccc2f6547d2: TaskFinished(9,1431,Some(AttributeKey[sbt.Configuration]("classpathConfiguration") in Scope(Build: file:/C:/Users/bram.zerbe/website-java-play/, , Project: ProjectReference(file:/C:/Users/bram.zerbe/website-java-play/,root), Config: compile)),true,None)
Sending msg to client play-fork-run-d2ae1aa7-d556-439d-a38e-eccc2f6547d2: TaskStarted(9,1430,None)
Sending msg to client play-fork-run-d2ae1aa7-d556-439d-a38e-eccc2f6547d2: TaskFinished(9,1391,Some(AttributeKey[scala.Option[java.io.File]]("playDocsJar") in Scope(Build: file:/C:/Users/bram.zerbe/website-java-play/, , Project: ProjectReference(file:/C:/Users/bram.zerbe/website-java-play/,root))),true,None)
Sending msg to client play-fork-run-d2ae1aa7-d556-439d-a38e-eccc2f6547d2: TaskFinished(9,1430,None,true,None)
Sending msg to client play-fork-run-d2ae1aa7-d556-439d-a38e-eccc2f6547d2: TaskStarted(9,1429,Some(AttributeKey[sbt.Configuration]("classpathConfiguration") in Scope(Build: file:/C:/Users/bram.zerbe/website-java-play/, , Project: ProjectReference(file:/C:/Users/bram.zerbe/website-java-play/,root), Config: runtime)))
Sending msg to client play-fork-run-d2ae1aa7-d556-439d-a38e-eccc2f6547d2: TaskFinished(9,1429,Some(AttributeKey[sbt.Configuration]("classpathConfiguration") in Scope(Build: file:/C:/Users/bram.zerbe/website-java-play/, , Project: ProjectReference(file:/C:/Users/bram.zerbe/website-java-play/,root), Config: runtime)),true,None)
Sending msg to client play-fork-run-d2ae1aa7-d556-439d-a38e-eccc2f6547d2: TaskStarted(9,1428,None)
Sending msg to client play-fork-run-d2ae1aa7-d556-439d-a38e-eccc2f6547d2: TaskFinished(9,1428,None,true,None)
Sending msg to client play-fork-run-d2ae1aa7-d556-439d-a38e-eccc2f6547d2: TaskStarted(9,1427,Some(AttributeKey[scala.collection.Seq[sbt.Attributed[java.io.File]]]("managedClasspath") in Scope(Build: file:/C:/Users/bram.zerbe/website-java-play/, , Project: ProjectReference(file:/C:/Users/bram.zerbe/website-java-play/,root), Config: runtime)))
Sending msg to client play-fork-run-d2ae1aa7-d556-439d-a38e-eccc2f6547d2: TaskFinished(9,1427,Some(AttributeKey[scala.collection.Seq[sbt.Attributed[java.io.File]]]("managedClasspath") in Scope(Build: file:/C:/Users/bram.zerbe/website-java-play/, , Project: ProjectReference(file:/C:/Users/bram.zerbe/website-java-play/,root), Config: runtime)),true,None)
Sending msg to client play-fork-run-d2ae1aa7-d556-439d-a38e-eccc2f6547d2: TaskStarted(9,1426,None)
Sending msg to client play-fork-run-d2ae1aa7-d556-439d-a38e-eccc2f6547d2: TaskFinished(9,1426,None,true,None)
Sending msg to client play-fork-run-d2ae1aa7-d556-439d-a38e-eccc2f6547d2: TaskStarted(9,1425,Some(AttributeKey[scala.collection.Seq[sbt.Attributed[java.io.File]]]("playDependencyClasspath") in Scope(Build: file:/C:/Users/bram.zerbe/website-java-play/, , Project: ProjectReference(file:/C:/Users/bram.zerbe/website-java-play/,root))))
Sending msg to client play-fork-run-d2ae1aa7-d556-439d-a38e-eccc2f6547d2: TaskFinished(9,1425,Some(AttributeKey[scala.collection.Seq[sbt.Attributed[java.io.File]]]("playDependencyClasspath") in Scope(Build: file:/C:/Users/bram.zerbe/website-java-play/, , Project: ProjectReference(file:/C:/Users/bram.zerbe/website-java-play/,root))),true,None)
Sending msg to client play-fork-run-d2ae1aa7-d556-439d-a38e-eccc2f6547d2: TaskStarted(9,1385,Some(AttributeKey[play.forkrun.protocol.ForkConfig]("playForkConfig") in Scope(Build: file:/C:/Users/bram.zerbe/website-java-play/, , Project: ProjectReference(file:/C:/Users/bram.zerbe/website-java-play/,root))))
Sending msg to client play-fork-run-d2ae1aa7-d556-439d-a38e-eccc2f6547d2: TaskFinished(9,1385,Some(AttributeKey[play.forkrun.protocol.ForkConfig]("playForkConfig") in Scope(Build: file:/C:/Users/bram.zerbe/website-java-play/, , Project: ProjectReference(file:/C:/Users/bram.zerbe/website-java-play/,root))),true,None)
Sending msg to client play-fork-run-d2ae1aa7-d556-439d-a38e-eccc2f6547d2: ValueChanged(AttributeKey[play.forkrun.protocol.ForkConfig]("playForkConfig") in Scope(Build: file:/C:/Users/bram.zerbe/website-java-play/, , Project: ProjectReference(file:/C:/Users/bram.zerbe/website-java-play/,root)),TaskSuccess(BuildValue(LazyValue(ForkConfig(C:\Users\bram.zerbe\website-java-play,List(),List(C:\Users\bram.zerbe\.ivy2\cache\org.scala-lang\scala-library\jars\scala-library-2.11.6.jar, C:\Users\bram.zerbe\.ivy2\cache\com.typesafe.play\twirl-api_2.11\jars\twirl-api_2.11-1.1.1.jar, C:\Users\bram.zerbe\.ivy2\cache\org.apache.commons\commons-lang3\jars\commons-lang3-3.4.jar, C:\Users\bram.zerbe\.ivy2\cache\org.scala-lang.modules\scala-xml_2.11\bundles\scala-xml_2.11-1.0.1.jar, C:\Users\bram.zerbe\.ivy2\cache\com.typesafe.play\play-enhancer\jars\play-enhancer-1.1.0.jar, C:\Users\bram.zerbe\.ivy2\cache\com.typesafe.play\play-server_2.11\jars\play-server_2.11-2.4.2.jar, C:\Users\bram.zerbe\.ivy2\cache\com.typesafe.play\play_2.11\jars\play_2.11-2.4.2.jar, C:\Users\bram.zerbe\.ivy2\cache\com.typesafe.play\build-link\jars\build-link-2.4.2.jar, C:\Users\bram.zerbe\.ivy2\cache\com.typesafe.play\play-exceptions\jars\play-exceptions-2.4.2.jar, C:\Users\bram.zerbe\.ivy2\cache\org.javassist\javassist\bundles\javassist-3.19.0-GA.jar, C:\Users\bram.zerbe\.ivy2\cache\com.typesafe.play\play-iteratees_2.11\jars\play-iteratees_2.11-2.4.2.jar, C:\Users\bram.zerbe\.ivy2\cache\org.scala-stm\scala-stm_2.11\jars\scala-stm_2.11-0.7.jar, C:\Users\bram.zerbe\.ivy2\cache\com.typesafe\config\bundles\config-1.3.0.jar, C:\Users\bram.zerbe\.ivy2\cache\com.typesafe.play\play-json_2.11\jars\play-json_2.11-2.4.2.jar, C:\Users\bram.zerbe\.ivy2\cache\com.typesafe.play\play-functional_2.11\jars\play-functional_2.11-2.4.2.jar, C:\Users\bram.zerbe\.ivy2\cache\com.typesafe.play\play-datacommons_2.11\jars\play-datacommons_2.11-2.4.2.jar, C:\Users\bram.zerbe\.ivy2\cache\joda-time\joda-time\jars\joda-time-2.8.1.jar, C:\Users\bram.zerbe\.ivy2\cache\org.joda\joda-convert\jars\joda-convert-1.7.jar, C:\Users\bram.zerbe\.ivy2\cache\org.scala-lang\scala-reflect\jars\scala-reflect-2.11.6.jar, C:\Users\bram.zerbe\.ivy2\cache\com.fasterxml.jackson.core\jackson-core\bundles\jackson-core-2.5.4.jar, C:\Users\bram.zerbe\.ivy2\cache\com.fasterxml.jackson.core\jackson-annotations\bundles\jackson-annotations-2.5.4.jar, C:\Users\bram.zerbe\.ivy2\cache\com.fasterxml.jackson.core\jackson-databind\bundles\jackson-databind-2.5.4.jar, C:\Users\bram.zerbe\.ivy2\cache\com.fasterxml.jackson.datatype\jackson-datatype-jdk8\bundles\jackson-datatype-jdk8-2.5.4.jar, C:\Users\bram.zerbe\.ivy2\cache\com.fasterxml.jackson.datatype\jackson-datatype-jsr310\bundles\jackson-datatype-jsr310-2.5.4.jar, C:\Users\bram.zerbe\.ivy2\cache\com.typesafe.play\play-netty-utils\jars\play-netty-utils-2.4.2.jar, C:\Users\bram.zerbe\.ivy2\cache\org.slf4j\slf4j-api\jars\slf4j-api-1.7.12.jar, C:\Users\bram.zerbe\.ivy2\cache\org.slf4j\jul-to-slf4j\jars\jul-to-slf4j-1.7.12.jar, C:\Users\bram.zerbe\.ivy2\cache\org.slf4j\jcl-over-slf4j\jars\jcl-over-slf4j-1.7.12.jar, C:\Users\bram.zerbe\.ivy2\cache\org.scala-lang.modules\scala-parser-combinators_2.11\bundles\scala-parser-combinators_2.11-1.0.1.jar, C:\Users\bram.zerbe\.ivy2\cache\ch.qos.logback\logback-core\jars\logback-core-1.1.3.jar, C:\Users\bram.zerbe\.ivy2\cache\ch.qos.logback\logback-classic\jars\logback-classic-1.1.3.jar, C:\Users\bram.zerbe\.ivy2\cache\com.typesafe.akka\akka-actor_2.11\jars\akka-actor_2.11-2.3.11.jar, C:\Users\bram.zerbe\.ivy2\cache\com.typesafe.akka\akka-slf4j_2.11\jars\akka-slf4j_2.11-2.3.11.jar, C:\Users\bram.zerbe\.ivy2\cache\commons-codec\commons-codec\jars\commons-codec-1.10.jar, C:\Users\bram.zerbe\.ivy2\cache\xerces\xercesImpl\jars\xercesImpl-2.11.0.jar, C:\Users\bram.zerbe\.ivy2\cache\xml-apis\xml-apis\jars\xml-apis-1.4.01.jar, C:\Users\bram.zerbe\.ivy2\cache\javax.transaction\jta\jars\jta-1.1.jar, C:\Users\bram.zerbe\.ivy2\cache\com.google.inject\guice\jars\guice-4.0.jar, C:\Users\bram.zerbe\.ivy2\cache\javax.inject\javax.inject\jars\javax.inject-1.jar, C:\Users\bram.zerbe\.ivy2\cache\aopalliance\aopalliance\jars\aopalliance-1.0.jar, C:\Users\bram.zerbe\.ivy2\cache\com.google.inject.extensions\guice-assistedinject\jars\guice-assistedinject-4.0.jar, C:\Users\bram.zerbe\.ivy2\cache\com.typesafe.play\play-java_2.11\jars\play-java_2.11-2.4.2.jar, C:\Users\bram.zerbe\.ivy2\cache\org.scala-lang.modules\scala-java8-compat_2.11\bundles\scala-java8-compat_2.11-0.3.0.jar, C:\Users\bram.zerbe\.ivy2\cache\org.yaml\snakeyaml\bundles\snakeyaml-1.15.jar, C:\Users\bram.zerbe\.ivy2\cache\org.hibernate\hibernate-validator\jars\hibernate-validator-5.0.3.Final.jar, C:\Users\bram.zerbe\.ivy2\cache\javax.validation\validation-api\jars\validation-api-1.1.0.Final.jar, C:\Users\bram.zerbe\.ivy2\cache\com.fasterxml\classmate\bundles\classmate-1.0.0.jar, C:\Users\bram.zerbe\.ivy2\cache\org.jboss.logging\jboss-logging\jars\jboss-logging-3.2.1.Final.jar, C:\Users\bram.zerbe\.ivy2\cache\org.springframework\spring-context\jars\spring-context-4.1.6.RELEASE.jar, C:\Users\bram.zerbe\.ivy2\cache\org.springframework\spring-core\jars\spring-core-4.1.6.RELEASE.jar, C:\Users\bram.zerbe\.ivy2\cache\org.springframework\spring-beans\jars\spring-beans-4.1.6.RELEASE.jar, C:\Users\bram.zerbe\.ivy2\cache\org.reflections\reflections\jars\reflections-0.9.9.jar, C:\Users\bram.zerbe\.ivy2\cache\com.google.guava\guava\bundles\guava-18.0.jar, C:\Users\bram.zerbe\.ivy2\cache\com.google.code.findbugs\annotations\jars\annotations-2.0.1.jar, C:\Users\bram.zerbe\.ivy2\cache\net.jodah\typetools\bundles\typetools-0.4.1.jar, C:\Users\bram.zerbe\.ivy2\cache\com.google.code.findbugs\jsr305\jars\jsr305-2.0.3.jar, C:\Users\bram.zerbe\.ivy2\cache\org.apache.tomcat\tomcat-servlet-api\jars\tomcat-servlet-api-8.0.21.jar, C:\Users\bram.zerbe\.ivy2\cache\com.typesafe.play\play-netty-server_2.11\jars\play-netty-server_2.11-2.4.2.jar, C:\Users\bram.zerbe\.ivy2\cache\io.netty\netty\bundles\netty-3.10.3.Final.jar, C:\Users\bram.zerbe\.ivy2\cache\com.typesafe.netty\netty-http-pipelining\jars\netty-http-pipelining-1.1.4.jar, C:\Users\bram.zerbe\.ivy2\cache\com.typesafe.play\play-java-jdbc_2.11\jars\play-java-jdbc_2.11-2.4.2.jar, C:\Users\bram.zerbe\.ivy2\cache\com.typesafe.play\play-jdbc_2.11\jars\play-jdbc_2.11-2.4.2.jar, C:\Users\bram.zerbe\.ivy2\cache\com.typesafe.play\play-jdbc-api_2.11\jars\play-jdbc-api_2.11-2.4.2.jar, C:\Users\bram.zerbe\.ivy2\cache\com.jolbox\bonecp\bundles\bonecp-0.8.0.RELEASE.jar, C:\Users\bram.zerbe\.ivy2\cache\com.zaxxer\HikariCP\bundles\HikariCP-2.3.7.jar, C:\Users\bram.zerbe\.ivy2\cache\com.h2database\h2\jars\h2-1.4.187.jar, C:\Users\bram.zerbe\.ivy2\cache\tyrex\tyrex\jars\tyrex-1.0.1.jar, C:\Users\bram.zerbe\.ivy2\cache\com.typesafe.play\play-cache_2.11\jars\play-cache_2.11-2.4.2.jar, C:\Users\bram.zerbe\.ivy2\cache\net.sf.ehcache\ehcache-core\jars\ehcache-core-2.6.11.jar, C:\Users\bram.zerbe\.ivy2\cache\com.typesafe.play\play-java-ws_2.11\jars\play-java-ws_2.11-2.4.2.jar, C:\Users\bram.zerbe\.ivy2\cache\com.typesafe.play\play-ws_2.11\jars\play-ws_2.11-2.4.2.jar, C:\Users\bram.zerbe\.ivy2\cache\com.ning\async-http-client\jars\async-http-client-1.9.21.jar, C:\Users\bram.zerbe\.ivy2\cache\oauth.signpost\signpost-core\jars\signpost-core-1.2.1.2.jar, C:\Users\bram.zerbe\.ivy2\cache\oauth.signpost\signpost-commonshttp4\jars\signpost-commonshttp4-1.2.1.2.jar, C:\Users\bram.zerbe\.ivy2\cache\org.apache.httpcomponents\httpcore\jars\httpcore-4.0.1.jar, C:\Users\bram.zerbe\.ivy2\cache\org.apache.httpcomponents\httpclient\jars\httpclient-4.0.1.jar, C:\Users\bram.zerbe\.ivy2\cache\commons-logging\commons-logging\jars\commons-logging-1.1.1.jar),List((public/,C:\Users\bram.zerbe\website-java-play\target\web\public\main)),List(C:\Users\bram.zerbe\.ivy2\cache\com.typesafe.play\play-omnidoc_2.11\jars\play-omnidoc_2.11-2.4.2.jar, C:\Users\bram.zerbe\.ivy2\cache\org.scala-lang\scala-library\jars\scala-library-2.11.6.jar, C:\Users\bram.zerbe\.ivy2\cache\com.typesafe.play\play-docs_2.11\jars\play-docs_2.11-2.4.2.jar, C:\Users\bram.zerbe\.ivy2\cache\com.typesafe.play\play-netty-server_2.11\jars\play-netty-server_2.11-2.4.2.jar, C:\Users\bram.zerbe\.ivy2\cache\com.typesafe.play\play-server_2.11\jars\play-server_2.11-2.4.2.jar, C:\Users\bram.zerbe\.ivy2\cache\com.typesafe.play\play_2.11\jars\play_2.11-2.4.2.jar, C:\Users\bram.zerbe\.ivy2\cache\com.typesafe.play\build-link\jars\build-link-2.4.2.jar, C:\Users\bram.zerbe\.ivy2\cache\com.typesafe.play\play-exceptions\jars\play-exceptions-2.4.2.jar, C:\Users\bram.zerbe\.ivy2\cache\org.javassist\javassist\bundles\javassist-3.19.0-GA.jar, C:\Users\bram.zerbe\.ivy2\cache\com.typesafe.play\play-iteratees_2.11\jars\play-iteratees_2.11-2.4.2.jar, C:\Users\bram.zerbe\.ivy2\cache\org.scala-stm\scala-stm_2.11\jars\scala-stm_2.11-0.7.jar, C:\Users\bram.zerbe\.ivy2\cache\com.typesafe\config\bundles\config-1.3.0.jar, C:\Users\bram.zerbe\.ivy2\cache\com.typesafe.play\play-json_2.11\jars\play-json_2.11-2.4.2.jar, C:\Users\bram.zerbe\.ivy2\cache\com.typesafe.play\play-functional_2.11\jars\play-functional_2.11-2.4.2.jar, C:\Users\bram.zerbe\.ivy2\cache\com.typesafe.play\play-datacommons_2.11\jars\play-datacommons_2.11-2.4.2.jar, C:\Users\bram.zerbe\.ivy2\cache\joda-time\joda-time\jars\joda-time-2.8.1.jar, C:\Users\bram.zerbe\.ivy2\cache\org.joda\joda-convert\jars\joda-convert-1.7.jar, C:\Users\bram.zerbe\.ivy2\cache\org.scala-lang\scala-reflect\jars\scala-reflect-2.11.6.jar, C:\Users\bram.zerbe\.ivy2\cache\com.fasterxml.jackson.core\jackson-core\bundles\jackson-core-2.5.4.jar, C:\Users\bram.zerbe\.ivy2\cache\com.fasterxml.jackson.core\jackson-annotations\bundles\jackson-annotations-2.5.4.jar, C:\Users\bram.zerbe\.ivy2\cache\com.fasterxml.jackson.core\jackson-databind\bundles\jackson-databind-2.5.4.jar, C:\Users\bram.zerbe\.ivy2\cache\com.fasterxml.jackson.datatype\jackson-datatype-jdk8\bundles\jackson-datatype-jdk8-2.5.4.jar, C:\Users\bram.zerbe\.ivy2\cache\com.fasterxml.jackson.datatype\jackson-datatype-jsr310\bundles\jackson-datatype-jsr310-2.5.4.jar, C:\Users\bram.zerbe\.ivy2\cache\com.typesafe.play\play-netty-utils\jars\play-netty-utils-2.4.2.jar, C:\Users\bram.zerbe\.ivy2\cache\org.slf4j\slf4j-api\jars\slf4j-api-1.7.12.jar, C:\Users\bram.zerbe\.ivy2\cache\org.slf4j\jul-to-slf4j\jars\jul-to-slf4j-1.7.12.jar, C:\Users\bram.zerbe\.ivy2\cache\org.slf4j\jcl-over-slf4j\jars\jcl-over-slf4j-1.7.12.jar, C:\Users\bram.zerbe\.ivy2\cache\com.typesafe.play\twirl-api_2.11\jars\twirl-api_2.11-1.1.1.jar, C:\Users\bram.zerbe\.ivy2\cache\org.apache.commons\commons-lang3\jars\commons-lang3-3.4.jar, C:\Users\bram.zerbe\.ivy2\cache\org.scala-lang.modules\scala-xml_2.11\bundles\scala-xml_2.11-1.0.1.jar, C:\Users\bram.zerbe\.ivy2\cache\org.scala-lang.modules\scala-parser-combinators_2.11\bundles\scala-parser-combinators_2.11-1.0.1.jar, C:\Users\bram.zerbe\.ivy2\cache\ch.qos.logback\logback-core\jars\logback-core-1.1.3.jar, C:\Users\bram.zerbe\.ivy2\cache\ch.qos.logback\logback-classic\jars\logback-classic-1.1.3.jar, C:\Users\bram.zerbe\.ivy2\cache\com.typesafe.akka\akka-actor_2.11\jars\akka-actor_2.11-2.3.11.jar, C:\Users\bram.zerbe\.ivy2\cache\com.typesafe.akka\akka-slf4j_2.11\jars\akka-slf4j_2.11-2.3.11.jar, C:\Users\bram.zerbe\.ivy2\cache\commons-codec\commons-codec\jars\commons-codec-1.10.jar, C:\Users\bram.zerbe\.ivy2\cache\xerces\xercesImpl\jars\xercesImpl-2.11.0.jar, C:\Users\bram.zerbe\.ivy2\cache\xml-apis\xml-apis\jars\xml-apis-1.4.01.jar, C:\Users\bram.zerbe\.ivy2\cache\javax.transaction\jta\jars\jta-1.1.jar, C:\Users\bram.zerbe\.ivy2\cache\com.google.inject\guice\jars\guice-4.0.jar, C:\Users\bram.zerbe\.ivy2\cache\javax.inject\javax.inject\jars\javax.inject-1.jar, C:\Users\bram.zerbe\.ivy2\cache\aopalliance\aopalliance\jars\aopalliance-1.0.jar, C:\Users\bram.zerbe\.ivy2\cache\com.google.guava\guava\bundles\guava-16.0.1.jar, C:\Users\bram.zerbe\.ivy2\cache\com.google.inject.extensions\guice-assistedinject\jars\guice-assistedinject-4.0.jar, C:\Users\bram.zerbe\.ivy2\cache\io.netty\netty\bundles\netty-3.10.3.Final.jar, C:\Users\bram.zerbe\.ivy2\cache\com.typesafe.netty\netty-http-pipelining\jars\netty-http-pipelining-1.1.4.jar, C:\Users\bram.zerbe\.ivy2\cache\com.typesafe.play\play-doc_2.11\jars\play-doc_2.11-1.2.2.jar, C:\Users\bram.zerbe\.ivy2\cache\org.pegdown\pegdown\jars\pegdown-1.4.0.jar, C:\Users\bram.zerbe\.ivy2\cache\org.parboiled\parboiled-java\bundles\parboiled-java-1.1.5.jar, C:\Users\bram.zerbe\.ivy2\cache\org.parboiled\parboiled-core\bundles\parboiled-core-1.1.5.jar, C:\Users\bram.zerbe\.ivy2\cache\org.ow2.asm\asm\jars\asm-4.1.jar, C:\Users\bram.zerbe\.ivy2\cache\org.ow2.asm\asm-tree\jars\asm-tree-4.1.jar, C:\Users\bram.zerbe\.ivy2\cache\org.ow2.asm\asm-analysis\jars\asm-analysis-4.1.jar, C:\Users\bram.zerbe\.ivy2\cache\org.ow2.asm\asm-util\jars\asm-util-4.1.jar, C:\Users\bram.zerbe\.ivy2\cache\commons-io\commons-io\jars\commons-io-2.4.jar),Some(C:\Users\bram.zerbe\.ivy2\cache\com.typesafe.play\play-omnidoc_2.11\jars\play-omnidoc_2.11-2.4.2.jar),List(),9000,0.0.0.0,DefaultWatchService,List(C:\Users\bram.zerbe\website-java-play\public, C:\Users\bram.zerbe\website-java-play\conf, C:\Users\bram.zerbe\website-java-play\app-2.11, C:\Users\bram.zerbe\website-java-play\app),C:\Users\bram.zerbe\website-java-play\target,500,root/playForkNotifyStart,root/playForkReload,300000,play.core.server.DevServerStart),scala.pickling.PicklerUnpickler$DelegatingPicklerUnpickler@52f2e964),ForkConfig(C:\Users\bram.zerbe\website-java-play,List(),List(C:\Users\bram.zerbe\.ivy2\cache\org.scala-lang\scala-library\jars\scala-library-2.11.6.jar, C:\Users\bram.zerbe\.ivy2\cache\com.typesafe.play\twirl-api_2.11\jars\twirl-api_2.11-1.1.1.jar, C:\Users\bram.zerbe\.ivy2\cache\org.apache.commons\commons-lang3\jars\commons-lang3-3.4.jar, C:\Users\bram.zerbe\.ivy2\cache\org.scala-lang.modules\scala-xml_2.11\bundles\scala-xml_2.11-1.0.1.jar, C:\Users\bram.zerbe\.ivy2\cache\com.typesafe.play\play-enhancer\jars\play-enhancer-1.1.0.jar, C:\Users\bram.zerbe\.ivy2\cache\com.typesafe.play\play-server_2.11\jars\play-server_2.11-2.4.2.jar, C:\Users\bram.zerbe\.ivy2\cache\com.typesafe.play\play_2.11\jars\play_2.11-2.4.2.jar, C:\Users\bram.zerbe\.ivy2\cache\com.typesafe.play\build-link\jars\build-link-2.4.2.jar, C:\Users\bram.zerbe\.ivy2\cache\com.typesafe.play\play-exceptions\jars\play-exceptions-2.4.2.jar, C:\Users\bram.zerbe\.ivy2\cache\org.javassist\javassist\bundles\javassist-3.19.0-GA.jar, C:\Users\bram.zerbe\.ivy2\cache\com.typesafe.play\play-iteratees_2.11\jars\play-iteratees_2.11-2.4.2.jar, C:\Users\bram.zerbe\.ivy2\cache\org.scala-stm\scala-stm_2.11\jars\scala-stm_2.11-0.7.jar, C:\Users\bram.zerbe\.ivy2\cache\com.typesafe\config\bundles\config-1.3.0.jar, C:\Users\bram.zerbe\.ivy2\cache\com.typesafe.play\play-json_2.11\jars\play-json_2.11-2.4.2.jar, C:\Users\bram.zerbe\.ivy2\cache\com.typesafe.play\play-functional_2.11\jars\play-functional_2.11-2.4.2.jar, C:\Users\bram.zerbe\.ivy2\cache\com.typesafe.play\play-datacommons_2.11\jars\play-datacommons_2.11-2.4.2.jar, C:\Users\bram.zerbe\.ivy2\cache\joda-time\joda-time\jars\joda-time-2.8.1.jar, C:\Users\bram.zerbe\.ivy2\cache\org.joda\joda-convert\jars\joda-convert-1.7.jar, C:\Users\bram.zerbe\.ivy2\cache\org.scala-lang\scala-reflect\jars\scala-reflect-2.11.6.jar, C:\Users\bram.zerbe\.ivy2\cache\com.fasterxml.jackson.core\jackson-core\bundles\jackson-core-2.5.4.jar, C:\Users\bram.zerbe\.ivy2\cache\com.fasterxml.jackson.core\jackson-annotations\bundles\jackson-annotations-2.5.4.jar, C:\Users\bram.zerbe\.ivy2\cache\com.fasterxml.jackson.core\jackson-databind\bundles\jackson-databind-2.5.4.jar, C:\Users\bram.zerbe\.ivy2\cache\com.fasterxml.jackson.datatype\jackson-datatype-jdk8\bundles\jackson-datatype-jdk8-2.5.4.jar, C:\Users\bram.zerbe\.ivy2\cache\com.fasterxml.jackson.datatype\jackson-datatype-jsr310\bundles\jackson-datatype-jsr310-2.5.4.jar, C:\Users\bram.zerbe\.ivy2\cache\com.typesafe.play\play-netty-utils\jars\play-netty-utils-2.4.2.jar, C:\Users\bram.zerbe\.ivy2\cache\org.slf4j\slf4j-api\jars\slf4j-api-1.7.12.jar, C:\Users\bram.zerbe\.ivy2\cache\org.slf4j\jul-to-slf4j\jars\jul-to-slf4j-1.7.12.jar, C:\Users\bram.zerbe\.ivy2\cache\org.slf4j\jcl-over-slf4j\jars\jcl-over-slf4j-1.7.12.jar, C:\Users\bram.zerbe\.ivy2\cache\org.scala-lang.modules\scala-parser-combinators_2.11\bundles\scala-parser-combinators_2.11-1.0.1.jar, C:\Users\bram.zerbe\.ivy2\cache\ch.qos.logback\logback-core\jars\logback-core-1.1.3.jar, C:\Users\bram.zerbe\.ivy2\cache\ch.qos.logback\logback-classic\jars\logback-classic-1.1.3.jar, C:\Users\bram.zerbe\.ivy2\cache\com.typesafe.akka\akka-actor_2.11\jars\akka-actor_2.11-2.3.11.jar, C:\Users\bram.zerbe\.ivy2\cache\com.typesafe.akka\akka-slf4j_2.11\jars\akka-slf4j_2.11-2.3.11.jar, C:\Users\bram.zerbe\.ivy2\cache\commons-codec\commons-codec\jars\commons-codec-1.10.jar, C:\Users\bram.zerbe\.ivy2\cache\xerces\xercesImpl\jars\xercesImpl-2.11.0.jar, C:\Users\bram.zerbe\.ivy2\cache\xml-apis\xml-apis\jars\xml-apis-1.4.01.jar, C:\Users\bram.zerbe\.ivy2\cache\javax.transaction\jta\jars\jta-1.1.jar, C:\Users\bram.zerbe\.ivy2\cache\com.google.inject\guice\jars\guice-4.0.jar, C:\Users\bram.zerbe\.ivy2\cache\javax.inject\javax.inject\jars\javax.inject-1.jar, C:\Users\bram.zerbe\.ivy2\cache\aopalliance\aopalliance\jars\aopalliance-1.0.jar, C:\Users\bram.zerbe\.ivy2\cache\com.google.inject.extensions\guice-assistedinject\jars\guice-assistedinject-4.0.jar, C:\Users\bram.zerbe\.ivy2\cache\com.typesafe.play\play-java_2.11\jars\play-java_2.11-2.4.2.jar, C:\Users\bram.zerbe\.ivy2\cache\org.scala-lang.modules\scala-java8-compat_2.11\bundles\scala-java8-compat_2.11-0.3.0.jar, C:\Users\bram.zerbe\.ivy2\cache\org.yaml\snakeyaml\bundles\snakeyaml-1.15.jar, C:\Users\bram.zerbe\.ivy2\cache\org.hibernate\hibernate-validator\jars\hibernate-validator-5.0.3.Final.jar, C:\Users\bram.zerbe\.ivy2\cache\javax.validation\validation-api\jars\validation-api-1.1.0.Final.jar, C:\Users\bram.zerbe\.ivy2\cache\com.fasterxml\classmate\bundles\classmate-1.0.0.jar, C:\Users\bram.zerbe\.ivy2\cache\org.jboss.logging\jboss-logging\jars\jboss-logging-3.2.1.Final.jar, C:\Users\bram.zerbe\.ivy2\cache\org.springframework\spring-context\jars\spring-context-4.1.6.RELEASE.jar, C:\Users\bram.zerbe\.ivy2\cache\org.springframework\spring-core\jars\spring-core-4.1.6.RELEASE.jar, C:\Users\bram.zerbe\.ivy2\cache\org.springframework\spring-beans\jars\spring-beans-4.1.6.RELEASE.jar, C:\Users\bram.zerbe\.ivy2\cache\org.reflections\reflections\jars\reflections-0.9.9.jar, C:\Users\bram.zerbe\.ivy2\cache\com.google.guava\guava\bundles\guava-18.0.jar, C:\Users\bram.zerbe\.ivy2\cache\com.google.code.findbugs\annotations\jars\annotations-2.0.1.jar, C:\Users\bram.zerbe\.ivy2\cache\net.jodah\typetools\bundles\typetools-0.4.1.jar, C:\Users\bram.zerbe\.ivy2\cache\com.google.code.findbugs\jsr305\jars\jsr305-2.0.3.jar, C:\Users\bram.zerbe\.ivy2\cache\org.apache.tomcat\tomcat-servlet-api\jars\tomcat-servlet-api-8.0.21.jar, C:\Users\bram.zerbe\.ivy2\cache\com.typesafe.play\play-netty-server_2.11\jars\play-netty-server_2.11-2.4.2.jar, C:\Users\bram.zerbe\.ivy2\cache\io.netty\netty\bundles\netty-3.10.3.Final.jar, C:\Users\bram.zerbe\.ivy2\cache\com.typesafe.netty\netty-http-pipelining\jars\netty-http-pipelining-1.1.4.jar, C:\Users\bram.zerbe\.ivy2\cache\com.typesafe.play\play-java-jdbc_2.11\jars\play-java-jdbc_2.11-2.4.2.jar, C:\Users\bram.zerbe\.ivy2\cache\com.typesafe.play\play-jdbc_2.11\jars\play-jdbc_2.11-2.4.2.jar, C:\Users\bram.zerbe\.ivy2\cache\com.typesafe.play\play-jdbc-api_2.11\jars\play-jdbc-api_2.11-2.4.2.jar, C:\Users\bram.zerbe\.ivy2\cache\com.jolbox\bonecp\bundles\bonecp-0.8.0.RELEASE.jar, C:\Users\bram.zerbe\.ivy2\cache\com.zaxxer\HikariCP\bundles\HikariCP-2.3.7.jar, C:\Users\bram.zerbe\.ivy2\cache\com.h2database\h2\jars\h2-1.4.187.jar, C:\Users\bram.zerbe\.ivy2\cache\tyrex\tyrex\jars\tyrex-1.0.1.jar, C:\Users\bram.zerbe\.ivy2\cache\com.typesafe.play\play-cache_2.11\jars\play-cache_2.11-2.4.2.jar, C:\Users\bram.zerbe\.ivy2\cache\net.sf.ehcache\ehcache-core\jars\ehcache-core-2.6.11.jar, C:\Users\bram.zerbe\.ivy2\cache\com.typesafe.play\play-java-ws_2.11\jars\play-java-ws_2.11-2.4.2.jar, C:\Users\bram.zerbe\.ivy2\cache\com.typesafe.play\play-ws_2.11\jars\play-ws_2.11-2.4.2.jar, C:\Users\bram.zerbe\.ivy2\cache\com.ning\async-http-client\jars\async-http-client-1.9.21.jar, C:\Users\bram.zerbe\.ivy2\cache\oauth.signpost\signpost-core\jars\signpost-core-1.2.1.2.jar, C:\Users\bram.zerbe\.ivy2\cache\oauth.signpost\signpost-commonshttp4\jars\signpost-commonshttp4-1.2.1.2.jar, C:\Users\bram.zerbe\.ivy2\cache\org.apache.httpcomponents\httpcore\jars\httpcore-4.0.1.jar, C:\Users\bram.zerbe\.ivy2\cache\org.apache.httpcomponents\httpclient\jars\httpclient-4.0.1.jar, C:\Users\bram.zerbe\.ivy2\cache\commons-logging\commons-logging\jars\commons-logging-1.1.1.jar),List((public/,C:\Users\bram.zerbe\website-java-play\target\web\public\main)),List(C:\Users\bram.zerbe\.ivy2\cache\com.typesafe.play\play-omnidoc_2.11\jars\play-omnidoc_2.11-2.4.2.jar, C:\Users\bram.zerbe\.ivy2\cache\org.scala-lang\scala-library\jars\scala-library-2.11.6.jar, C:\Users\bram.zerbe\.ivy2\cache\com.typesafe.play\play-docs_2.11\jars\play-docs_2.11-2.4.2.jar, C:\Users\bram.zerbe\.ivy2\cache\com.typesafe.play\play-netty-server_2.11\jars\play-netty-server_2.11-2.4.2.jar, C:\Users\bram.zerbe\.ivy2\cache\com.typesafe.play\play-server_2.11\jars\play-server_2.11-2.4.2.jar, C:\Users\bram.zerbe\.ivy2\cache\com.typesafe.play\play_2.11\jars\play_2.11-2.4.2.jar, C:\Users\bram.zerbe\.ivy2\cache\com.typesafe.play\build-link\jars\build-link-2.4.2.jar, C:\Users\bram.zerbe\.ivy2\cache\com.typesafe.play\play-exceptions\jars\play-exceptions-2.4.2.jar, C:\Users\bram.zerbe\.ivy2\cache\org.javassist\javassist\bundles\javassist-3.19.0-GA.jar, C:\Users\bram.zerbe\.ivy2\cache\com.typesafe.play\play-iteratees_2.11\jars\play-iteratees_2.11-2.4.2.jar, C:\Users\bram.zerbe\.ivy2\cache\org.scala-stm\scala-stm_2.11\jars\scala-stm_2.11-0.7.jar, C:\Users\bram.zerbe\.ivy2\cache\com.typesafe\config\bundles\config-1.3.0.jar, C:\Users\bram.zerbe\.ivy2\cache\com.typesafe.play\play-json_2.11\jars\play-json_2.11-2.4.2.jar, C:\Users\bram.zerbe\.ivy2\cache\com.typesafe.play\play-functional_2.11\jars\play-functional_2.11-2.4.2.jar, C:\Users\bram.zerbe\.ivy2\cache\com.typesafe.play\play-datacommons_2.11\jars\play-datacommons_2.11-2.4.2.jar, C:\Users\bram.zerbe\.ivy2\cache\joda-time\joda-time\jars\joda-time-2.8.1.jar, C:\Users\bram.zerbe\.ivy2\cache\org.joda\joda-convert\jars\joda-convert-1.7.jar, C:\Users\bram.zerbe\.ivy2\cache\org.scala-lang\scala-reflect\jars\scala-reflect-2.11.6.jar, C:\Users\bram.zerbe\.ivy2\cache\com.fasterxml.jackson.core\jackson-core\bundles\jackson-core-2.5.4.jar, C:\Users\bram.zerbe\.ivy2\cache\com.fasterxml.jackson.core\jackson-annotations\bundles\jackson-annotations-2.5.4.jar, C:\Users\bram.zerbe\.ivy2\cache\com.fasterxml.jackson.core\jackson-databind\bundles\jackson-databind-2.5.4.jar, C:\Users\bram.zerbe\.ivy2\cache\com.fasterxml.jackson.datatype\jackson-datatype-jdk8\bundles\jackson-datatype-jdk8-2.5.4.jar, C:\Users\bram.zerbe\.ivy2\cache\com.fasterxml.jackson.datatype\jackson-datatype-jsr310\bundles\jackson-datatype-jsr310-2.5.4.jar, C:\Users\bram.zerbe\.ivy2\cache\com.typesafe.play\play-netty-utils\jars\play-netty-utils-2.4.2.jar, C:\Users\bram.zerbe\.ivy2\cache\org.slf4j\slf4j-api\jars\slf4j-api-1.7.12.jar, C:\Users\bram.zerbe\.ivy2\cache\org.slf4j\jul-to-slf4j\jars\jul-to-slf4j-1.7.12.jar, C:\Users\bram.zerbe\.ivy2\cache\org.slf4j\jcl-over-slf4j\jars\jcl-over-slf4j-1.7.12.jar, C:\Users\bram.zerbe\.ivy2\cache\com.typesafe.play\twirl-api_2.11\jars\twirl-api_2.11-1.1.1.jar, C:\Users\bram.zerbe\.ivy2\cache\org.apache.commons\commons-lang3\jars\commons-lang3-3.4.jar, C:\Users\bram.zerbe\.ivy2\cache\org.scala-lang.modules\scala-xml_2.11\bundles\scala-xml_2.11-1.0.1.jar, C:\Users\bram.zerbe\.ivy2\cache\org.scala-lang.modules\scala-parser-combinators_2.11\bundles\scala-parser-combinators_2.11-1.0.1.jar, C:\Users\bram.zerbe\.ivy2\cache\ch.qos.logback\logback-core\jars\logback-core-1.1.3.jar, C:\Users\bram.zerbe\.ivy2\cache\ch.qos.logback\logback-classic\jars\logback-classic-1.1.3.jar, C:\Users\bram.zerbe\.ivy2\cache\com.typesafe.akka\akka-actor_2.11\jars\akka-actor_2.11-2.3.11.jar, C:\Users\bram.zerbe\.ivy2\cache\com.typesafe.akka\akka-slf4j_2.11\jars\akka-slf4j_2.11-2.3.11.jar, C:\Users\bram.zerbe\.ivy2\cache\commons-codec\commons-codec\jars\commons-codec-1.10.jar, C:\Users\bram.zerbe\.ivy2\cache\xerces\xercesImpl\jars\xercesImpl-2.11.0.jar, C:\Users\bram.zerbe\.ivy2\cache\xml-apis\xml-apis\jars\xml-apis-1.4.01.jar, C:\Users\bram.zerbe\.ivy2\cache\javax.transaction\jta\jars\jta-1.1.jar, C:\Users\bram.zerbe\.ivy2\cache\com.google.inject\guice\jars\guice-4.0.jar, C:\Users\bram.zerbe\.ivy2\cache\javax.inject\javax.inject\jars\javax.inject-1.jar, C:\Users\bram.zerbe\.ivy2\cache\aopalliance\aopalliance\jars\aopalliance-1.0.jar, C:\Users\bram.zerbe\.ivy2\cache\com.google.guava\guava\bundles\guava-16.0.1.jar, C:\Users\bram.zerbe\.ivy2\cache\com.google.inject.extensions\guice-assistedinject\jars\guice-assistedinject-4.0.jar, C:\Users\bram.zerbe\.ivy2\cache\io.netty\netty\bundles\netty-3.10.3.Final.jar, C:\Users\bram.zerbe\.ivy2\cache\com.typesafe.netty\netty-http-pipelining\jars\netty-http-pipelining-1.1.4.jar, C:\Users\bram.zerbe\.ivy2\cache\com.typesafe.play\play-doc_2.11\jars\play-doc_2.11-1.2.2.jar, C:\Users\bram.zerbe\.ivy2\cache\org.pegdown\pegdown\jars\pegdown-1.4.0.jar, C:\Users\bram.zerbe\.ivy2\cache\org.parboiled\parboiled-java\bundles\parboiled-java-1.1.5.jar, C:\Users\bram.zerbe\.ivy2\cache\org.parboiled\parboiled-core\bundles\parboiled-core-1.1.5.jar, C:\Users\bram.zerbe\.ivy2\cache\org.ow2.asm\asm\jars\asm-4.1.jar, C:\Users\bram.zerbe\.ivy2\cache\org.ow2.asm\asm-tree\jars\asm-tree-4.1.jar, C:\Users\bram.zerbe\.ivy2\cache\org.ow2.asm\asm-analysis\jars\asm-analysis-4.1.jar, C:\Users\bram.zerbe\.ivy2\cache\org.ow2.asm\asm-util\jars\asm-util-4.1.jar, C:\Users\bram.zerbe\.ivy2\cache\commons-io\commons-io\jars\commons-io-2.4.jar),Some(C:\Users\bram.zerbe\.ivy2\cache\com.typesafe.play\play-omnidoc_2.11\jars\play-omnidoc_2.11-2.4.2.jar),List(),9000,0.0.0.0,DefaultWatchService,List(C:\Users\bram.zerbe\website-java-play\public, C:\Users\bram.zerbe\website-java-play\conf, C:\Users\bram.zerbe\website-java-play\app-2.11, C:\Users\bram.zerbe\website-java-play\app),C:\Users\bram.zerbe\website-java-play\target,500,root/playForkNotifyStart,root/playForkReload,300000,play.core.server.DevServerStart))))
Sending msg to client play-fork-run-d2ae1aa7-d556-439d-a38e-eccc2f6547d2: TaskStarted(9,1384,None)
Sending msg to client play-fork-run-d2ae1aa7-d556-439d-a38e-eccc2f6547d2: TaskFinished(9,1384,None,true,None)
Sending msg to client play-fork-run-d2ae1aa7-d556-439d-a38e-eccc2f6547d2: TaskStarted(9,1383,None)
Sending msg to client play-fork-run-d2ae1aa7-d556-439d-a38e-eccc2f6547d2: TaskFinished(9,1383,None,true,None)
Sending msg to client play-fork-run-d2ae1aa7-d556-439d-a38e-eccc2f6547d2: DetachedLogEvent(LogMessage(debug,cancel strategy finish enabled=false lastCommand=Some(LastCommand(CommandExecutionWork(ExecutionId(9),{file:/C:/Users/bram.zerbe/website-java-play/}root/*:playForkConfig,Set(LiveClient(play-fork-run d2ae1aa7-d556-439d-a38e-eccc2f6547d2)),sbt.server.WorkCancellationStatus$$anon$1@6d6dde51)))))
Sending msg to client play-fork-run-d2ae1aa7-d556-439d-a38e-eccc2f6547d2: DetachedLogEvent(LogSuccess(Total time: 1 s, completed Aug 4, 2015 2:05:23 PM))
Sending msg to client play-fork-run-d2ae1aa7-d556-439d-a38e-eccc2f6547d2: DetachedLogEvent(LogMessage(debug,> server-post-command-cleanup))
Sending msg to client play-fork-run-d2ae1aa7-d556-439d-a38e-eccc2f6547d2: ExecutionSuccess(9)
Sending msg to client play-fork-run-d2ae1aa7-d556-439d-a38e-eccc2f6547d2: DetachedLogEvent(LogMessage(debug,> server-handle-next-server-request))
Sending msg to client play-fork-run-d2ae1aa7-d556-439d-a38e-eccc2f6547d2: BackgroundJobLogEvent(1,LogMessage(info,))
Sending msg to client play-fork-run-d2ae1aa7-d556-439d-a38e-eccc2f6547d2: BackgroundJobLogEvent(1,LogMessage(info,--- (Running the application, auto-reloading is enabled) ---))
Sending msg to client play-fork-run-d2ae1aa7-d556-439d-a38e-eccc2f6547d2: BackgroundJobLogEvent(1,LogMessage(info,))
Sending msg to client play-fork-run-d2ae1aa7-d556-439d-a38e-eccc2f6547d2: BackgroundJobLogEvent(1,LogMessage(info,p.a.l.c.ActorSystemProvider - Starting application default Akka system: application))
Sending msg to client play-fork-run-d2ae1aa7-d556-439d-a38e-eccc2f6547d2: BackgroundJobLogEvent(1,LogMessage(info,p.c.s.NettyServer - Listening for HTTP on /0:0:0:0:0:0:0:0:9000))
Sending msg to client play-fork-run-d2ae1aa7-d556-439d-a38e-eccc2f6547d2: BackgroundJobLogEvent(1,LogMessage(info,))
Sending msg to client play-fork-run-d2ae1aa7-d556-439d-a38e-eccc2f6547d2: BackgroundJobLogEvent(1,LogMessage(info,(Server started, use Ctrl+D to stop and go back to the console...)))
Sending msg to client play-fork-run-d2ae1aa7-d556-439d-a38e-eccc2f6547d2: BackgroundJobLogEvent(1,LogMessage(info,))
Got request: ExecutionRequest(root/playForkNotifyStart http://localhost:9000)
Reading next message from client.
Sending msg to client play-fork-run-d2ae1aa7-d556-439d-a38e-eccc2f6547d2: (8,ExecutionRequestReceived(10))
Sending msg to client play-fork-run-d2ae1aa7-d556-439d-a38e-eccc2f6547d2: ExecutionWaiting(10,root/playForkNotifyStart http://localhost:9000,ClientInfo(d2ae1aa7-d556-439d-a38e-eccc2f6547d2,play-fork-run,Play Fork Run,1,Vector()))
Sending msg to client play-fork-run-d2ae1aa7-d556-439d-a38e-eccc2f6547d2: ExecutionStarting(10)
Sending msg to client play-fork-run-d2ae1aa7-d556-439d-a38e-eccc2f6547d2: DetachedLogEvent(LogMessage(debug,> root/playForkNotifyStart http://localhost:9000))
Sending msg to client play-fork-run-d2ae1aa7-d556-439d-a38e-eccc2f6547d2: DetachedLogEvent(LogMessage(debug,Evaluating tasks: *:playForkNotifyStart))
Sending msg to client play-fork-run-d2ae1aa7-d556-439d-a38e-eccc2f6547d2: DetachedLogEvent(LogMessage(debug,Running task... Cancel: sbt.server.ServerTaskCancellation@1592f26, check cycles: false))
Sending msg to client play-fork-run-d2ae1aa7-d556-439d-a38e-eccc2f6547d2: DetachedLogEvent(LogMessage(debug,cancel strategy start enabled=true lastCommand=Some(LastCommand(CommandExecutionWork(ExecutionId(10),root/playForkNotifyStart http://localhost:9000,Set(LiveClient(play-fork-run d2ae1aa7-d556-439d-a38e-eccc2f6547d2)),sbt.server.WorkCancellationStatus$$anon$1@15706c85)))))
Sending msg to client play-fork-run-d2ae1aa7-d556-439d-a38e-eccc2f6547d2: TaskStarted(10,1461,Some(AttributeKey[sbt.SendEventService]("sendEventService") in Scope(Global)))
Sending msg to client play-fork-run-d2ae1aa7-d556-439d-a38e-eccc2f6547d2: TaskFinished(10,1461,Some(AttributeKey[sbt.SendEventService]("sendEventService") in Scope(Global)),true,None)
Sending msg to client play-fork-run-d2ae1aa7-d556-439d-a38e-eccc2f6547d2: TaskStarted(10,1460,Some(AttributeKey[scala.Function1[java.lang.String,void]]("playForkStarted") in Scope(Build: file:/C:/Users/bram.zerbe/website-java-play/, , Project: ProjectReference(file:/C:/Users/bram.zerbe/website-java-play/,root))))
Sending msg to client play-fork-run-d2ae1aa7-d556-439d-a38e-eccc2f6547d2: TaskFinished(10,1460,Some(AttributeKey[scala.Function1[java.lang.String,void]]("playForkStarted") in Scope(Build: file:/C:/Users/bram.zerbe/website-java-play/, , Project: ProjectReference(file:/C:/Users/bram.zerbe/website-java-play/,root))),true,None)
Sending msg to client play-fork-run-d2ae1aa7-d556-439d-a38e-eccc2f6547d2: TaskStarted(10,1459,Some(AttributeKey[void]("playForkNotifyStart") in Scope(Build: file:/C:/Users/bram.zerbe/website-java-play/, , Project: ProjectReference(file:/C:/Users/bram.zerbe/website-java-play/,root))))
Sending msg to client play-fork-run-d2ae1aa7-d556-439d-a38e-eccc2f6547d2: TaskEvent(1459,LazyValue(PlayServerStarted(http://localhost:9000),play.forkrun.protocol.Serializers$PlayForkrunProtocolPlayServerStartedPickler1$2$@46b41e64))
Sending msg to client play-fork-run-d2ae1aa7-d556-439d-a38e-eccc2f6547d2: TaskFinished(10,1459,Some(AttributeKey[void]("playForkNotifyStart") in Scope(Build: file:/C:/Users/bram.zerbe/website-java-play/, , Project: ProjectReference(file:/C:/Users/bram.zerbe/website-java-play/,root))),true,None)
Sending msg to client play-fork-run-d2ae1aa7-d556-439d-a38e-eccc2f6547d2: TaskStarted(10,1458,None)
Sending msg to client play-fork-run-d2ae1aa7-d556-439d-a38e-eccc2f6547d2: TaskFinished(10,1458,None,true,None)
Sending msg to client play-fork-run-d2ae1aa7-d556-439d-a38e-eccc2f6547d2: TaskStarted(10,1457,None)
Sending msg to client play-fork-run-d2ae1aa7-d556-439d-a38e-eccc2f6547d2: TaskFinished(10,1457,None,true,None)
Sending msg to client play-fork-run-d2ae1aa7-d556-439d-a38e-eccc2f6547d2: DetachedLogEvent(LogMessage(debug,cancel strategy finish enabled=false lastCommand=Some(LastCommand(CommandExecutionWork(ExecutionId(10),root/playForkNotifyStart http://localhost:9000,Set(LiveClient(play-fork-run d2ae1aa7-d556-439d-a38e-eccc2f6547d2)),sbt.server.WorkCancellationStatus$$anon$1@15706c85)))))
Sending msg to client play-fork-run-d2ae1aa7-d556-439d-a38e-eccc2f6547d2: DetachedLogEvent(LogSuccess(Total time: 0 s, completed Aug 4, 2015 2:05:26 PM))
Sending msg to client play-fork-run-d2ae1aa7-d556-439d-a38e-eccc2f6547d2: DetachedLogEvent(LogMessage(debug,> server-post-command-cleanup))
Sending msg to client play-fork-run-d2ae1aa7-d556-439d-a38e-eccc2f6547d2: ExecutionSuccess(10)
Sending msg to client play-fork-run-d2ae1aa7-d556-439d-a38e-eccc2f6547d2: DetachedLogEvent(LogMessage(debug,> server-handle-next-server-request))
