New log file opened at Tue Aug 04 14:03:28 EDT 2015 by 5748@E430-SPED-22
jvm 5748@E430-SPED-22
jvm vmName=Java HotSpot(TM) 64-Bit Server VM vmVendor=Oracle Corporation vmVersion=25.45-b02
jvm specName=Java Virtual Machine Specification specVendor=Oracle Corporation specVersion=1.8
jvm arguments: [-Xms256m, -Xmx1024m, -XX:MetaspaceSize=64m, -XX:MaxMetaspaceSize=256m]
Starting event engine
Starting sbt command engine
Waiting for sbt command engine
Command engine arguments=List()
Command engine baseDirectory=C:\Users\bram.zerbe\website-java-play
Command engine initial remaining commands List(--initialize, onFailure load-failed, boot, server-send-ready-for-request, server-handle-next-server-request)
> --initialize
> initialize
> onFailure load-failed
> boot
> reload
[Loading] Scanning directory C:\Users\bram.zerbe\website-java-play\project
[Loading] Found non-root projects 
[Loading] Done in C:\Users\bram.zerbe\website-java-play\project, returning: ()
deducing auto plugins based on known facts Set(Atom(sbt.plugins.CorePlugin)) and clauses Clauses(List(Clause(Atom(sbt.plugins.JvmPlugin),Set(Atom(sbt.plugins.IvyPlugin))), Clause(Atom(sbt.plugins.JUnitXmlReportPlugin),Set(Atom(sbt.plugins.JvmPlugin))), Clause(Atom(sbt.plugins.CorePlugin),Set(Atom(sbt.plugins.IvyPlugin))), Clause(Atom(sbt.plugins.IvyPlugin),Set(Atom(sbt.plugins.JvmPlugin))), Clause(Atom(sbt.plugins.JvmPlugin),Set(Atom(sbt.plugins.JUnitXmlReportPlugin)))))
  :: deduced result: Matched(sbt.plugins.CorePlugin,sbt.plugins.IvyPlugin,sbt.plugins.JvmPlugin,sbt.plugins.JUnitXmlReportPlugin)
sorting: ns: List(sbt.plugins.CorePlugin, sbt.plugins.IvyPlugin, sbt.plugins.JvmPlugin, sbt.plugins.JUnitXmlReportPlugin)
  :: sorting:: found: List(sbt.plugins.CorePlugin) not found List(sbt.plugins.IvyPlugin, sbt.plugins.JvmPlugin, sbt.plugins.JUnitXmlReportPlugin)
  :: sorting:: found: List(sbt.plugins.CorePlugin, sbt.plugins.IvyPlugin) not found List(sbt.plugins.JvmPlugin, sbt.plugins.JUnitXmlReportPlugin)
  :: sorting:: found: List(sbt.plugins.CorePlugin, sbt.plugins.IvyPlugin, sbt.plugins.JvmPlugin) not found List(sbt.plugins.JUnitXmlReportPlugin)
  :: sorting:: found: List(sbt.plugins.CorePlugin, sbt.plugins.IvyPlugin, sbt.plugins.JvmPlugin, sbt.plugins.JUnitXmlReportPlugin) not found List()
  :: sorted deduced result: List(sbt.plugins.CorePlugin, sbt.plugins.IvyPlugin, sbt.plugins.JvmPlugin, sbt.plugins.JUnitXmlReportPlugin)
[Loading] Done in C:\Users\bram.zerbe\website-java-play\project, returning: (website-java-play-build)
Loading project definition from C:\Users\bram.zerbe\website-java-play\project
Running task... Cancel: sbt.TaskCancellationStrategy$Null$@60677ba2, check cycles: false

Initial source changes: 
	removed:Set()
	added: Set()
	modified: Set()
Removed products: Set()
External API changes: API Changes: Set()
Modified binary dependencies: Set()
Initial directly invalidated sources: Set()

Sources indirectly invalidated by:
	product: Set()
	binary dep: Set()
	external source: Set()
All initially invalidated sources: Set()

Copy resource mappings: 
	
[Loading] Scanning directory C:\Users\bram.zerbe\website-java-play
[Loading] Found root project root w/ remaining 
deducing auto plugins based on known facts Set(Atom(play.sbt.PlayJava), Atom(sbt.plugins.CorePlugin)) and clauses Clauses(List(Clause(Atom(sbt.plugins.JvmPlugin),Set(Atom(sbt.plugins.IvyPlugin))), Clause(Atom(sbt.plugins.JUnitXmlReportPlugin),Set(Atom(sbt.plugins.JvmPlugin))), Clause(Atom(play.sbt.forkrun.PlayForkRun),Set(Atom(sbt.plugins.BackgroundRunPlugin))), Clause(Atom(play.sbt.forkrun.PlayForkRun),Set(Atom(play.sbt.Play))), Clause(Atom(play.sbt.forkrun.PlayForkRun),Set(Atom(sbt.plugins.SerializersPlugin))), Clause(Atom(play.sbt.Play),Set(Atom(com.typesafe.sbt.packager.archetypes.JavaServerAppPackaging))), Clause(Atom(play.sbt.Play),Set(Atom(play.sbt.routes.RoutesCompiler))), Clause(Atom(play.sbt.Play),Set(Atom(play.twirl.sbt.SbtTwirl))), Clause(Atom(play.sbt.Play),Set(Atom(com.typesafe.sbt.jse.SbtJsTask))), Clause(Atom(play.sbt.PlayAkkaHttpServer),Set(Atom(play.sbt.Play))), Clause(Atom(play.sbt.PlayJava),Set(Atom(play.sbt.Play))), Clause(Atom(play.sbt.PlayLayoutPlugin),Set(Atom(play.sbt.Play))), Clause(Atom(play.sbt.PlayNettyServer),Set(Atom(play.sbt.Play))), Clause(Atom(play.sbt.PlayScala),Set(Atom(play.sbt.Play))), Clause(Atom(play.sbt.routes.RoutesCompiler),Set(Atom(sbt.plugins.JvmPlugin))), Clause(Atom(play.twirl.sbt.SbtTwirl),Set(Atom(sbt.plugins.JvmPlugin))), Clause(Atom(com.typesafe.sbt.packager.archetypes.AkkaAppPackaging),Set(Atom(com.typesafe.sbt.packager.archetypes.JavaAppPackaging))), Clause(Atom(com.typesafe.sbt.packager.archetypes.JavaAppPackaging),Set(Atom(com.typesafe.sbt.packager.windows.WindowsPlugin))), Clause(Atom(com.typesafe.sbt.packager.archetypes.JavaAppPackaging),Set(Atom(com.typesafe.sbt.packager.docker.DockerPlugin))), Clause(Atom(com.typesafe.sbt.packager.archetypes.JavaAppPackaging),Set(Atom(com.typesafe.sbt.packager.debian.DebianPlugin))), Clause(Atom(com.typesafe.sbt.packager.archetypes.JavaAppPackaging),Set(Atom(com.typesafe.sbt.packager.rpm.RpmPlugin))), Clause(Atom(com.typesafe.sbt.packager.archetypes.JavaServerAppPackaging),Set(Atom(com.typesafe.sbt.packager.archetypes.JavaAppPackaging))), Clause(Atom(com.typesafe.sbt.packager.archetypes.jar.ClasspathJarPlugin),Set(Atom(com.typesafe.sbt.packager.archetypes.JavaAppPackaging))), Clause(Atom(com.typesafe.sbt.packager.archetypes.jar.LauncherJarPlugin),Set(Atom(com.typesafe.sbt.packager.archetypes.JavaAppPackaging))), Clause(Atom(com.typesafe.sbt.packager.debian.DebianDeployPlugin),Set(Atom(com.typesafe.sbt.packager.debian.DebianPlugin))), Clause(Atom(com.typesafe.sbt.packager.debian.DebianPlugin),Set(Atom(com.typesafe.sbt.packager.linux.LinuxPlugin))), Clause(Atom(com.typesafe.sbt.packager.debian.JDebPackaging),Set(Atom(com.typesafe.sbt.packager.debian.DebianPlugin))), Clause(Atom(com.typesafe.sbt.packager.docker.DockerPlugin),Set(Atom(com.typesafe.sbt.packager.universal.UniversalPlugin))), Clause(Atom(com.typesafe.sbt.packager.jdkpackager.JDKPackagerDeployPlugin),Set(Atom(com.typesafe.sbt.packager.jdkpackager.JDKPackagerPlugin))), Clause(Atom(com.typesafe.sbt.packager.jdkpackager.JDKPackagerPlugin),Set(Atom(com.typesafe.sbt.packager.archetypes.JavaAppPackaging))), Clause(Atom(com.typesafe.sbt.packager.jdkpackager.JDKPackagerPlugin),Set(Atom(com.typesafe.sbt.packager.archetypes.jar.ClasspathJarPlugin))), Clause(Atom(com.typesafe.sbt.packager.linux.LinuxPlugin),Set(Atom(com.typesafe.sbt.packager.universal.UniversalPlugin))), Clause(Atom(com.typesafe.sbt.packager.rpm.RpmDeployPlugin),Set(Atom(com.typesafe.sbt.packager.rpm.RpmPlugin))), Clause(Atom(com.typesafe.sbt.packager.rpm.RpmPlugin),Set(Atom(com.typesafe.sbt.packager.linux.LinuxPlugin))), Clause(Atom(com.typesafe.sbt.packager.universal.UniversalDeployPlugin),Set(Atom(com.typesafe.sbt.packager.universal.UniversalPlugin))), Clause(Atom(com.typesafe.sbt.packager.universal.UniversalPlugin),Set(Atom(com.typesafe.sbt.SbtNativePackager))), Clause(Atom(com.typesafe.sbt.packager.windows.WindowsDeployPlugin),Set(Atom(com.typesafe.sbt.packager.windows.WindowsPlugin))), Clause(Atom(com.typesafe.sbt.packager.windows.WindowsPlugin),Set(Atom(com.typesafe.sbt.packager.universal.UniversalPlugin))), Clause(Atom(com.typesafe.sbt.web.SbtWeb),Set(Atom(sbt.plugins.JvmPlugin))), Clause(Atom(com.typesafe.sbt.jse.SbtJsEngine),Set(Atom(com.typesafe.sbt.web.SbtWeb))), Clause(Atom(com.typesafe.sbt.jse.SbtJsTask),Set(Atom(com.typesafe.sbt.jse.SbtJsEngine))), Clause(Atom(sbt.plugins.BackgroundRunPlugin),Set(Atom(sbt.plugins.JvmPlugin))), Clause(Atom(com.typesafe.sbt.coffeescript.SbtCoffeeScript),Set(Atom(com.typesafe.sbt.jse.SbtJsTask))), Clause(Atom(com.typesafe.sbt.less.SbtLess),Set(Atom(com.typesafe.sbt.jse.SbtJsTask))), Clause(Atom(com.typesafe.sbt.jshint.SbtJSHint),Set(Atom(com.typesafe.sbt.jse.SbtJsTask))), Clause(Atom(com.typesafe.sbt.rjs.SbtRjs),Set(Atom(com.typesafe.sbt.jse.SbtJsTask))), Clause(Atom(com.typesafe.sbt.digest.SbtDigest),Set(Atom(com.typesafe.sbt.web.SbtWeb))), Clause(Atom(com.typesafe.sbt.mocha.SbtMocha),Set(Atom(com.typesafe.sbt.jse.SbtJsTask))), Clause(Atom(com.typesafe.play.sbt.enhancer.PlayEnhancer),Set(Atom(sbt.plugins.JvmPlugin))), Clause(Atom(sbt.plugins.CorePlugin),Set(Atom(sbt.plugins.IvyPlugin))), Clause(Atom(sbt.plugins.IvyPlugin),Set(Atom(sbt.plugins.JvmPlugin))), Clause(Atom(sbt.plugins.JvmPlugin),Set(Atom(sbt.plugins.JUnitXmlReportPlugin))), Clause(And(Set(Atom(sbt.plugins.BackgroundRunPlugin), Atom(play.sbt.Play), Atom(sbt.plugins.SerializersPlugin))),Set(Atom(play.sbt.forkrun.PlayForkRun))), Clause(Atom(play.sbt.Play),Set(Atom(play.sbt.PlayLayoutPlugin))), Clause(Atom(play.sbt.Play),Set(Atom(play.sbt.PlayNettyServer))), Clause(Atom(com.typesafe.sbt.web.SbtWeb),Set(Atom(com.typesafe.sbt.jse.SbtJsEngine))), Clause(Atom(com.typesafe.sbt.jse.SbtJsEngine),Set(Atom(com.typesafe.sbt.jse.SbtJsTask))), Clause(Atom(sbt.plugins.JvmPlugin),Set(Atom(sbt.plugins.BackgroundRunPlugin))), Clause(Atom(sbt.plugins.CorePlugin),Set(Atom(sbt.plugins.InteractionServicePlugin))), Clause(Atom(sbt.plugins.CorePlugin),Set(Atom(sbt.plugins.SendEventServicePlugin))), Clause(Atom(sbt.plugins.CorePlugin),Set(Atom(sbt.plugins.SerializersPlugin))), Clause(Atom(com.typesafe.sbt.jse.SbtJsTask),Set(Atom(com.typesafe.sbt.coffeescript.SbtCoffeeScript))), Clause(Atom(com.typesafe.sbt.jse.SbtJsTask),Set(Atom(com.typesafe.sbt.less.SbtLess))), Clause(Atom(com.typesafe.sbt.jse.SbtJsTask),Set(Atom(com.typesafe.sbt.jshint.SbtJSHint))), Clause(Atom(com.typesafe.sbt.jse.SbtJsTask),Set(Atom(com.typesafe.sbt.rjs.SbtRjs))), Clause(Atom(com.typesafe.sbt.web.SbtWeb),Set(Atom(com.typesafe.sbt.digest.SbtDigest))), Clause(Atom(com.typesafe.sbt.jse.SbtJsTask),Set(Atom(com.typesafe.sbt.mocha.SbtMocha))), Clause(Atom(sbt.plugins.JvmPlugin),Set(Atom(com.typesafe.play.sbt.enhancer.PlayEnhancer)))))
  :: deduced result: Matched(sbt.plugins.CorePlugin,play.sbt.PlayJava,sbt.plugins.InteractionServicePlugin,sbt.plugins.SendEventServicePlugin,play.sbt.Play,sbt.plugins.SerializersPlugin,sbt.plugins.IvyPlugin,com.typesafe.sbt.packager.archetypes.JavaServerAppPackaging,play.twirl.sbt.SbtTwirl,sbt.plugins.JvmPlugin,play.sbt.PlayNettyServer,play.sbt.PlayLayoutPlugin,play.sbt.routes.RoutesCompiler,com.typesafe.sbt.jse.SbtJsTask,com.typesafe.sbt.jshint.SbtJSHint,com.typesafe.play.sbt.enhancer.PlayEnhancer,com.typesafe.sbt.packager.archetypes.JavaAppPackaging,sbt.plugins.JUnitXmlReportPlugin,com.typesafe.sbt.mocha.SbtMocha,com.typesafe.sbt.less.SbtLess,com.typesafe.sbt.rjs.SbtRjs,com.typesafe.sbt.jse.SbtJsEngine,com.typesafe.sbt.coffeescript.SbtCoffeeScript,sbt.plugins.BackgroundRunPlugin,com.typesafe.sbt.packager.rpm.RpmPlugin,com.typesafe.sbt.packager.windows.WindowsPlugin,com.typesafe.sbt.web.SbtWeb,com.typesafe.sbt.packager.docker.DockerPlugin,play.sbt.forkrun.PlayForkRun,com.typesafe.sbt.packager.debian.DebianPlugin,com.typesafe.sbt.digest.SbtDigest,com.typesafe.sbt.packager.universal.UniversalPlugin,com.typesafe.sbt.packager.linux.LinuxPlugin,com.typesafe.sbt.SbtNativePackager)
sorting: ns: List(sbt.plugins.CorePlugin, play.sbt.PlayJava, sbt.plugins.InteractionServicePlugin, sbt.plugins.SendEventServicePlugin, play.sbt.Play, sbt.plugins.SerializersPlugin, sbt.plugins.IvyPlugin, com.typesafe.sbt.packager.archetypes.JavaServerAppPackaging, play.twirl.sbt.SbtTwirl, sbt.plugins.JvmPlugin, play.sbt.PlayNettyServer, play.sbt.PlayLayoutPlugin, play.sbt.routes.RoutesCompiler, com.typesafe.sbt.jse.SbtJsTask, com.typesafe.sbt.jshint.SbtJSHint, com.typesafe.play.sbt.enhancer.PlayEnhancer, com.typesafe.sbt.packager.archetypes.JavaAppPackaging, sbt.plugins.JUnitXmlReportPlugin, com.typesafe.sbt.mocha.SbtMocha, com.typesafe.sbt.less.SbtLess, com.typesafe.sbt.rjs.SbtRjs, com.typesafe.sbt.jse.SbtJsEngine, com.typesafe.sbt.coffeescript.SbtCoffeeScript, sbt.plugins.BackgroundRunPlugin, com.typesafe.sbt.packager.rpm.RpmPlugin, com.typesafe.sbt.packager.windows.WindowsPlugin, com.typesafe.sbt.web.SbtWeb, com.typesafe.sbt.packager.docker.DockerPlugin, play.sbt.forkrun.PlayForkRun, com.typesafe.sbt.packager.debian.DebianPlugin, com.typesafe.sbt.digest.SbtDigest, com.typesafe.sbt.packager.universal.UniversalPlugin, com.typesafe.sbt.packager.linux.LinuxPlugin, com.typesafe.sbt.SbtNativePackager)
  :: sorting:: found: List(sbt.plugins.CorePlugin, com.typesafe.sbt.SbtNativePackager) not found List(play.sbt.PlayJava, sbt.plugins.InteractionServicePlugin, sbt.plugins.SendEventServicePlugin, play.sbt.Play, sbt.plugins.SerializersPlugin, sbt.plugins.IvyPlugin, com.typesafe.sbt.packager.archetypes.JavaServerAppPackaging, play.twirl.sbt.SbtTwirl, sbt.plugins.JvmPlugin, play.sbt.PlayNettyServer, play.sbt.PlayLayoutPlugin, play.sbt.routes.RoutesCompiler, com.typesafe.sbt.jse.SbtJsTask, com.typesafe.sbt.jshint.SbtJSHint, com.typesafe.play.sbt.enhancer.PlayEnhancer, com.typesafe.sbt.packager.archetypes.JavaAppPackaging, sbt.plugins.JUnitXmlReportPlugin, com.typesafe.sbt.mocha.SbtMocha, com.typesafe.sbt.less.SbtLess, com.typesafe.sbt.rjs.SbtRjs, com.typesafe.sbt.jse.SbtJsEngine, com.typesafe.sbt.coffeescript.SbtCoffeeScript, sbt.plugins.BackgroundRunPlugin, com.typesafe.sbt.packager.rpm.RpmPlugin, com.typesafe.sbt.packager.windows.WindowsPlugin, com.typesafe.sbt.web.SbtWeb, com.typesafe.sbt.packager.docker.DockerPlugin, play.sbt.forkrun.PlayForkRun, com.typesafe.sbt.packager.debian.DebianPlugin, com.typesafe.sbt.digest.SbtDigest, com.typesafe.sbt.packager.universal.UniversalPlugin, com.typesafe.sbt.packager.linux.LinuxPlugin)
  :: sorting:: found: List(sbt.plugins.CorePlugin, com.typesafe.sbt.SbtNativePackager, sbt.plugins.InteractionServicePlugin, sbt.plugins.SendEventServicePlugin, sbt.plugins.SerializersPlugin, sbt.plugins.IvyPlugin, com.typesafe.sbt.packager.universal.UniversalPlugin) not found List(play.sbt.PlayJava, play.sbt.Play, com.typesafe.sbt.packager.archetypes.JavaServerAppPackaging, play.twirl.sbt.SbtTwirl, sbt.plugins.JvmPlugin, play.sbt.PlayNettyServer, play.sbt.PlayLayoutPlugin, play.sbt.routes.RoutesCompiler, com.typesafe.sbt.jse.SbtJsTask, com.typesafe.sbt.jshint.SbtJSHint, com.typesafe.play.sbt.enhancer.PlayEnhancer, com.typesafe.sbt.packager.archetypes.JavaAppPackaging, sbt.plugins.JUnitXmlReportPlugin, com.typesafe.sbt.mocha.SbtMocha, com.typesafe.sbt.less.SbtLess, com.typesafe.sbt.rjs.SbtRjs, com.typesafe.sbt.jse.SbtJsEngine, com.typesafe.sbt.coffeescript.SbtCoffeeScript, sbt.plugins.BackgroundRunPlugin, com.typesafe.sbt.packager.rpm.RpmPlugin, com.typesafe.sbt.packager.windows.WindowsPlugin, com.typesafe.sbt.web.SbtWeb, com.typesafe.sbt.packager.docker.DockerPlugin, play.sbt.forkrun.PlayForkRun, com.typesafe.sbt.packager.debian.DebianPlugin, com.typesafe.sbt.digest.SbtDigest, com.typesafe.sbt.packager.linux.LinuxPlugin)
  :: sorting:: found: List(sbt.plugins.CorePlugin, com.typesafe.sbt.SbtNativePackager, sbt.plugins.InteractionServicePlugin, sbt.plugins.SendEventServicePlugin, sbt.plugins.SerializersPlugin, sbt.plugins.IvyPlugin, com.typesafe.sbt.packager.universal.UniversalPlugin, sbt.plugins.JvmPlugin, com.typesafe.sbt.packager.windows.WindowsPlugin, com.typesafe.sbt.packager.docker.DockerPlugin, com.typesafe.sbt.packager.linux.LinuxPlugin) not found List(play.sbt.PlayJava, play.sbt.Play, com.typesafe.sbt.packager.archetypes.JavaServerAppPackaging, play.twirl.sbt.SbtTwirl, play.sbt.PlayNettyServer, play.sbt.PlayLayoutPlugin, play.sbt.routes.RoutesCompiler, com.typesafe.sbt.jse.SbtJsTask, com.typesafe.sbt.jshint.SbtJSHint, com.typesafe.play.sbt.enhancer.PlayEnhancer, com.typesafe.sbt.packager.archetypes.JavaAppPackaging, sbt.plugins.JUnitXmlReportPlugin, com.typesafe.sbt.mocha.SbtMocha, com.typesafe.sbt.less.SbtLess, com.typesafe.sbt.rjs.SbtRjs, com.typesafe.sbt.jse.SbtJsEngine, com.typesafe.sbt.coffeescript.SbtCoffeeScript, sbt.plugins.BackgroundRunPlugin, com.typesafe.sbt.packager.rpm.RpmPlugin, com.typesafe.sbt.web.SbtWeb, play.sbt.forkrun.PlayForkRun, com.typesafe.sbt.packager.debian.DebianPlugin, com.typesafe.sbt.digest.SbtDigest)
  :: sorting:: found: List(sbt.plugins.CorePlugin, com.typesafe.sbt.SbtNativePackager, sbt.plugins.InteractionServicePlugin, sbt.plugins.SendEventServicePlugin, sbt.plugins.SerializersPlugin, sbt.plugins.IvyPlugin, com.typesafe.sbt.packager.universal.UniversalPlugin, sbt.plugins.JvmPlugin, com.typesafe.sbt.packager.windows.WindowsPlugin, com.typesafe.sbt.packager.docker.DockerPlugin, com.typesafe.sbt.packager.linux.LinuxPlugin, play.twirl.sbt.SbtTwirl, play.sbt.routes.RoutesCompiler, com.typesafe.play.sbt.enhancer.PlayEnhancer, sbt.plugins.JUnitXmlReportPlugin, sbt.plugins.BackgroundRunPlugin, com.typesafe.sbt.packager.rpm.RpmPlugin, com.typesafe.sbt.web.SbtWeb, com.typesafe.sbt.packager.debian.DebianPlugin) not found List(play.sbt.PlayJava, play.sbt.Play, com.typesafe.sbt.packager.archetypes.JavaServerAppPackaging, play.sbt.PlayNettyServer, play.sbt.PlayLayoutPlugin, com.typesafe.sbt.jse.SbtJsTask, com.typesafe.sbt.jshint.SbtJSHint, com.typesafe.sbt.packager.archetypes.JavaAppPackaging, com.typesafe.sbt.mocha.SbtMocha, com.typesafe.sbt.less.SbtLess, com.typesafe.sbt.rjs.SbtRjs, com.typesafe.sbt.jse.SbtJsEngine, com.typesafe.sbt.coffeescript.SbtCoffeeScript, play.sbt.forkrun.PlayForkRun, com.typesafe.sbt.digest.SbtDigest)
  :: sorting:: found: List(sbt.plugins.CorePlugin, com.typesafe.sbt.SbtNativePackager, sbt.plugins.InteractionServicePlugin, sbt.plugins.SendEventServicePlugin, sbt.plugins.SerializersPlugin, sbt.plugins.IvyPlugin, com.typesafe.sbt.packager.universal.UniversalPlugin, sbt.plugins.JvmPlugin, com.typesafe.sbt.packager.windows.WindowsPlugin, com.typesafe.sbt.packager.docker.DockerPlugin, com.typesafe.sbt.packager.linux.LinuxPlugin, play.twirl.sbt.SbtTwirl, play.sbt.routes.RoutesCompiler, com.typesafe.play.sbt.enhancer.PlayEnhancer, sbt.plugins.JUnitXmlReportPlugin, sbt.plugins.BackgroundRunPlugin, com.typesafe.sbt.packager.rpm.RpmPlugin, com.typesafe.sbt.web.SbtWeb, com.typesafe.sbt.packager.debian.DebianPlugin, com.typesafe.sbt.packager.archetypes.JavaAppPackaging, com.typesafe.sbt.jse.SbtJsEngine, com.typesafe.sbt.digest.SbtDigest) not found List(play.sbt.PlayJava, play.sbt.Play, com.typesafe.sbt.packager.archetypes.JavaServerAppPackaging, play.sbt.PlayNettyServer, play.sbt.PlayLayoutPlugin, com.typesafe.sbt.jse.SbtJsTask, com.typesafe.sbt.jshint.SbtJSHint, com.typesafe.sbt.mocha.SbtMocha, com.typesafe.sbt.less.SbtLess, com.typesafe.sbt.rjs.SbtRjs, com.typesafe.sbt.coffeescript.SbtCoffeeScript, play.sbt.forkrun.PlayForkRun)
  :: sorting:: found: List(sbt.plugins.CorePlugin, com.typesafe.sbt.SbtNativePackager, sbt.plugins.InteractionServicePlugin, sbt.plugins.SendEventServicePlugin, sbt.plugins.SerializersPlugin, sbt.plugins.IvyPlugin, com.typesafe.sbt.packager.universal.UniversalPlugin, sbt.plugins.JvmPlugin, com.typesafe.sbt.packager.windows.WindowsPlugin, com.typesafe.sbt.packager.docker.DockerPlugin, com.typesafe.sbt.packager.linux.LinuxPlugin, play.twirl.sbt.SbtTwirl, play.sbt.routes.RoutesCompiler, com.typesafe.play.sbt.enhancer.PlayEnhancer, sbt.plugins.JUnitXmlReportPlugin, sbt.plugins.BackgroundRunPlugin, com.typesafe.sbt.packager.rpm.RpmPlugin, com.typesafe.sbt.web.SbtWeb, com.typesafe.sbt.packager.debian.DebianPlugin, com.typesafe.sbt.packager.archetypes.JavaAppPackaging, com.typesafe.sbt.jse.SbtJsEngine, com.typesafe.sbt.digest.SbtDigest, com.typesafe.sbt.packager.archetypes.JavaServerAppPackaging, com.typesafe.sbt.jse.SbtJsTask) not found List(play.sbt.PlayJava, play.sbt.Play, play.sbt.PlayNettyServer, play.sbt.PlayLayoutPlugin, com.typesafe.sbt.jshint.SbtJSHint, com.typesafe.sbt.mocha.SbtMocha, com.typesafe.sbt.less.SbtLess, com.typesafe.sbt.rjs.SbtRjs, com.typesafe.sbt.coffeescript.SbtCoffeeScript, play.sbt.forkrun.PlayForkRun)
  :: sorting:: found: List(sbt.plugins.CorePlugin, com.typesafe.sbt.SbtNativePackager, sbt.plugins.InteractionServicePlugin, sbt.plugins.SendEventServicePlugin, sbt.plugins.SerializersPlugin, sbt.plugins.IvyPlugin, com.typesafe.sbt.packager.universal.UniversalPlugin, sbt.plugins.JvmPlugin, com.typesafe.sbt.packager.windows.WindowsPlugin, com.typesafe.sbt.packager.docker.DockerPlugin, com.typesafe.sbt.packager.linux.LinuxPlugin, play.twirl.sbt.SbtTwirl, play.sbt.routes.RoutesCompiler, com.typesafe.play.sbt.enhancer.PlayEnhancer, sbt.plugins.JUnitXmlReportPlugin, sbt.plugins.BackgroundRunPlugin, com.typesafe.sbt.packager.rpm.RpmPlugin, com.typesafe.sbt.web.SbtWeb, com.typesafe.sbt.packager.debian.DebianPlugin, com.typesafe.sbt.packager.archetypes.JavaAppPackaging, com.typesafe.sbt.jse.SbtJsEngine, com.typesafe.sbt.digest.SbtDigest, com.typesafe.sbt.packager.archetypes.JavaServerAppPackaging, com.typesafe.sbt.jse.SbtJsTask, play.sbt.Play, com.typesafe.sbt.jshint.SbtJSHint, com.typesafe.sbt.mocha.SbtMocha, com.typesafe.sbt.less.SbtLess, com.typesafe.sbt.rjs.SbtRjs, com.typesafe.sbt.coffeescript.SbtCoffeeScript) not found List(play.sbt.PlayJava, play.sbt.PlayNettyServer, play.sbt.PlayLayoutPlugin, play.sbt.forkrun.PlayForkRun)
  :: sorting:: found: List(sbt.plugins.CorePlugin, com.typesafe.sbt.SbtNativePackager, sbt.plugins.InteractionServicePlugin, sbt.plugins.SendEventServicePlugin, sbt.plugins.SerializersPlugin, sbt.plugins.IvyPlugin, com.typesafe.sbt.packager.universal.UniversalPlugin, sbt.plugins.JvmPlugin, com.typesafe.sbt.packager.windows.WindowsPlugin, com.typesafe.sbt.packager.docker.DockerPlugin, com.typesafe.sbt.packager.linux.LinuxPlugin, play.twirl.sbt.SbtTwirl, play.sbt.routes.RoutesCompiler, com.typesafe.play.sbt.enhancer.PlayEnhancer, sbt.plugins.JUnitXmlReportPlugin, sbt.plugins.BackgroundRunPlugin, com.typesafe.sbt.packager.rpm.RpmPlugin, com.typesafe.sbt.web.SbtWeb, com.typesafe.sbt.packager.debian.DebianPlugin, com.typesafe.sbt.packager.archetypes.JavaAppPackaging, com.typesafe.sbt.jse.SbtJsEngine, com.typesafe.sbt.digest.SbtDigest, com.typesafe.sbt.packager.archetypes.JavaServerAppPackaging, com.typesafe.sbt.jse.SbtJsTask, play.sbt.Play, com.typesafe.sbt.jshint.SbtJSHint, com.typesafe.sbt.mocha.SbtMocha, com.typesafe.sbt.less.SbtLess, com.typesafe.sbt.rjs.SbtRjs, com.typesafe.sbt.coffeescript.SbtCoffeeScript, play.sbt.PlayJava, play.sbt.PlayNettyServer, play.sbt.PlayLayoutPlugin, play.sbt.forkrun.PlayForkRun) not found List()
  :: sorted deduced result: List(sbt.plugins.CorePlugin, com.typesafe.sbt.SbtNativePackager, sbt.plugins.InteractionServicePlugin, sbt.plugins.SendEventServicePlugin, sbt.plugins.SerializersPlugin, sbt.plugins.IvyPlugin, com.typesafe.sbt.packager.universal.UniversalPlugin, sbt.plugins.JvmPlugin, com.typesafe.sbt.packager.windows.WindowsPlugin, com.typesafe.sbt.packager.docker.DockerPlugin, com.typesafe.sbt.packager.linux.LinuxPlugin, play.twirl.sbt.SbtTwirl, play.sbt.routes.RoutesCompiler, com.typesafe.play.sbt.enhancer.PlayEnhancer, sbt.plugins.JUnitXmlReportPlugin, sbt.plugins.BackgroundRunPlugin, com.typesafe.sbt.packager.rpm.RpmPlugin, com.typesafe.sbt.web.SbtWeb, com.typesafe.sbt.packager.debian.DebianPlugin, com.typesafe.sbt.packager.archetypes.JavaAppPackaging, com.typesafe.sbt.jse.SbtJsEngine, com.typesafe.sbt.digest.SbtDigest, com.typesafe.sbt.packager.archetypes.JavaServerAppPackaging, com.typesafe.sbt.jse.SbtJsTask, play.sbt.Play, com.typesafe.sbt.jshint.SbtJSHint, com.typesafe.sbt.mocha.SbtMocha, com.typesafe.sbt.less.SbtLess, com.typesafe.sbt.rjs.SbtRjs, com.typesafe.sbt.coffeescript.SbtCoffeeScript, play.sbt.PlayJava, play.sbt.PlayNettyServer, play.sbt.PlayLayoutPlugin, play.sbt.forkrun.PlayForkRun)
[Loading] Done in C:\Users\bram.zerbe\website-java-play, returning: (root)
Set current project to play-java (in build file:/C:/Users/bram.zerbe/website-java-play/)
Reapplying settings...
Set current project to play-java (in build file:/C:/Users/bram.zerbe/website-java-play/)
> iflast shell
> server-send-ready-for-request
> server-handle-next-server-request
> compile
Evaluating tasks: compile:compile
Running task... Cancel: sbt.server.ServerTaskCancellation@1033bbec, check cycles: false

Initial source changes: 
	removed:Set()
	added: Set()
	modified: Set()
Removed products: Set()
External API changes: API Changes: Set()
Modified binary dependencies: Set()
Initial directly invalidated sources: Set()

Sources indirectly invalidated by:
	product: Set()
	binary dep: Set()
	external source: Set()
All initially invalidated sources: Set()

Total time: 3 s, completed Aug 4, 2015 2:03:41 PM
> server-post-command-cleanup
> server-handle-next-server-request
> {file:/C:/Users/bram.zerbe/website-java-play/}root/compile:mainClass
Evaluating tasks: compile:mainClass
Running task... Cancel: sbt.server.ServerTaskCancellation@7618fdc1, check cycles: false
Total time: 0 s, completed Aug 4, 2015 2:03:41 PM
> server-post-command-cleanup
> server-handle-next-server-request
> {file:/C:/Users/bram.zerbe/website-java-play/}root/compile:discoveredMainClasses
Evaluating tasks: compile:discoveredMainClasses
Running task... Cancel: sbt.server.ServerTaskCancellation@1e4eccc3, check cycles: false

Initial source changes: 
	removed:Set()
	added: Set()
	modified: Set()
Removed products: Set()
External API changes: API Changes: Set()
Modified binary dependencies: Set()
Initial directly invalidated sources: Set()

Sources indirectly invalidated by:
	product: Set()
	binary dep: Set()
	external source: Set()
All initially invalidated sources: Set()

Total time: 2 s, completed Aug 4, 2015 2:03:43 PM
> server-post-command-cleanup
> server-handle-next-server-request
> test
Evaluating tasks: test:test
Running task... Cancel: sbt.server.ServerTaskCancellation@5cbc541b, check cycles: false

Initial source changes: 
	removed:Set()
	added: Set()
	modified: Set()
Removed products: Set()
External API changes: API Changes: Set()
Modified binary dependencies: Set()
Initial directly invalidated sources: Set()

Sources indirectly invalidated by:
	product: Set()
	binary dep: Set()
	external source: Set()
All initially invalidated sources: Set()

Copy resource mappings: 
	(C:\Users\bram.zerbe\website-java-play\conf\application.conf,C:\Users\bram.zerbe\website-java-play\target\scala-2.11\classes\application.conf)
	(C:\Users\bram.zerbe\website-java-play\conf\logback.xml,C:\Users\bram.zerbe\website-java-play\target\scala-2.11\classes\logback.xml)
	(C:\Users\bram.zerbe\website-java-play\conf\routes,C:\Users\bram.zerbe\website-java-play\target\scala-2.11\classes\routes)
Warning: node.js detection failed, sbt will use the Rhino based Trireme JavaScript engine instead to run JavaScript assets compilation, which in some cases may be orders of magnitude slower than using node.js.

Initial source changes: 
	removed:Set()
	added: Set()
	modified: Set()
Removed products: Set()
External API changes: API Changes: Set()
Modified binary dependencies: Set()
Initial directly invalidated sources: Set()

Sources indirectly invalidated by:
	product: Set()
	binary dep: Set()
	external source: Set()
All initially invalidated sources: Set()

Copy resource mappings: 
	
Framework implementation 'org.scalacheck.ScalaCheckFramework' not present.
Framework implementation 'org.specs2.runner.Specs2Framework' not present.
Framework implementation 'org.specs2.runner.SpecsFramework' not present.
Framework implementation 'org.specs.runner.SpecsFramework' not present.
Framework implementation 'org.scalatest.tools.Framework' not present.
Framework implementation 'org.scalatest.tools.ScalaTestFramework' not present.
Subclass fingerprints: List((junit.framework.TestCase,false,com.novocode.junit.JUnit3Fingerprint@6a6c7c18))
Annotation fingerprints: List((org.junit.runner.RunWith,false,com.novocode.junit.RunWithFingerprint@7af7fd4b), (org.junit.Test,false,com.novocode.junit.JUnitFingerprint@7372c2b1))
Forking tests - parallelism = false
Create a single-thread test executor
Runner for com.novocode.junit.JUnitFramework produced 2 initial tasks for 2 tests.
  Running TaskDef(ApplicationTest, sbt.ForkMain$AnnotatedFingerscan@d930706, false, [SuiteSelector])
Test run started
Test ApplicationTest.simpleCheck started
Test ApplicationTest.simpleCheck finished, took 0.007 sec
Test ApplicationTest.renderTemplate started
Test ApplicationTest.renderTemplate finished, took 1.495 sec
Test run finished: 0 failed, 0 ignored, 2 total, 1.517s
    Produced 0 nested tasks and 2 events.
  Running TaskDef(IntegrationTest, sbt.ForkMain$AnnotatedFingerscan@51c8be6b, false, [SuiteSelector])
Test run started
Test IntegrationTest.test started
Test IntegrationTest.test finished, took 0.001 sec
Test run finished: 0 failed, 0 ignored, 1 total, 0.003s
    Produced 0 nested tasks and 1 events.
Summary for JUnit not available.
Read from stdout: Passed: Total 3, Failed 0, Errors 0, Passed 3
Passed: Total 3, Failed 0, Errors 0, Passed 3
Passed tests:
	ApplicationTest
	IntegrationTest
Total time: 9 s, completed Aug 4, 2015 2:03:51 PM
> server-post-command-cleanup
> server-handle-next-server-request
> {file:/C:/Users/bram.zerbe/website-java-play/}root/compile:mainClass
Evaluating tasks: compile:mainClass
Running task... Cancel: sbt.server.ServerTaskCancellation@36e2fb12, check cycles: false
Total time: 0 s, completed Aug 4, 2015 2:03:52 PM
> server-post-command-cleanup
> server-handle-next-server-request
> compile
Evaluating tasks: compile:compile
Running task... Cancel: sbt.server.ServerTaskCancellation@9700177, check cycles: false

Initial source changes: 
	removed:Set()
	added: Set()
	modified: Set()
Removed products: Set()
External API changes: API Changes: Set()
Modified binary dependencies: Set()
Initial directly invalidated sources: Set()

Sources indirectly invalidated by:
	product: Set()
	binary dep: Set()
	external source: Set()
All initially invalidated sources: Set()

Total time: 1 s, completed Aug 4, 2015 2:05:13 PM
> server-post-command-cleanup
> server-handle-next-server-request
> backgroundRun
Evaluating tasks: compile:backgroundRun
Running task... Cancel: sbt.server.ServerTaskCancellation@3b9ee9c3, check cycles: false
Total time: 0 s, completed Aug 4, 2015 2:05:14 PM
> server-post-command-cleanup
> server-handle-next-server-request
> test
Evaluating tasks: test:test
Running task... Cancel: sbt.server.ServerTaskCancellation@301e9171, check cycles: false

Initial source changes: 
	removed:Set()
	added: Set()
	modified: Set()
Removed products: Set()
External API changes: API Changes: Set()
Modified binary dependencies: Set()
Initial directly invalidated sources: Set()

Sources indirectly invalidated by:
	product: Set()
	binary dep: Set()
	external source: Set()
All initially invalidated sources: Set()

Copy resource mappings: 
	(C:\Users\bram.zerbe\website-java-play\conf\application.conf,C:\Users\bram.zerbe\website-java-play\target\scala-2.11\classes\application.conf)
	(C:\Users\bram.zerbe\website-java-play\conf\logback.xml,C:\Users\bram.zerbe\website-java-play\target\scala-2.11\classes\logback.xml)
	(C:\Users\bram.zerbe\website-java-play\conf\routes,C:\Users\bram.zerbe\website-java-play\target\scala-2.11\classes\routes)

Initial source changes: 
	removed:Set()
	added: Set()
	modified: Set()
Removed products: Set()
External API changes: API Changes: Set()
Modified binary dependencies: Set()
Initial directly invalidated sources: Set()

Sources indirectly invalidated by:
	product: Set()
	binary dep: Set()
	external source: Set()
All initially invalidated sources: Set()

Copy resource mappings: 
	
Framework implementation 'org.scalacheck.ScalaCheckFramework' not present.
Framework implementation 'org.specs2.runner.Specs2Framework' not present.
Framework implementation 'org.specs2.runner.SpecsFramework' not present.
Framework implementation 'org.specs.runner.SpecsFramework' not present.
Framework implementation 'org.scalatest.tools.Framework' not present.
Framework implementation 'org.scalatest.tools.ScalaTestFramework' not present.
Subclass fingerprints: List((junit.framework.TestCase,false,com.novocode.junit.JUnit3Fingerprint@2a531f92))
Annotation fingerprints: List((org.junit.runner.RunWith,false,com.novocode.junit.RunWithFingerprint@d8b3bed), (org.junit.Test,false,com.novocode.junit.JUnitFingerprint@38b7c8e0))
Forking tests - parallelism = false
Create a single-thread test executor
Runner for com.novocode.junit.JUnitFramework produced 2 initial tasks for 2 tests.
  Running TaskDef(ApplicationTest, sbt.ForkMain$AnnotatedFingerscan@2788ee1b, false, [SuiteSelector])
Test run started
Test ApplicationTest.simpleCheck started
Test ApplicationTest.simpleCheck finished, took 0.022 sec
Test ApplicationTest.renderTemplate started
Test ApplicationTest.renderTemplate finished, took 1.664 sec
Test run finished: 0 failed, 0 ignored, 2 total, 1.706s
    Produced 0 nested tasks and 2 events.
  Running TaskDef(IntegrationTest, sbt.ForkMain$AnnotatedFingerscan@3ada1288, false, [SuiteSelector])
Test run started
Test IntegrationTest.test started
Test IntegrationTest.test finished, took 0.001 sec
Test run finished: 0 failed, 0 ignored, 1 total, 0.001s
    Produced 0 nested tasks and 1 events.
Summary for JUnit not available.
Read from stdout: Passed: Total 3, Failed 0, Errors 0, Passed 3
Passed: Total 3, Failed 0, Errors 0, Passed 3
Passed tests:
	ApplicationTest
	IntegrationTest
Total time: 8 s, completed Aug 4, 2015 2:05:22 PM
> server-post-command-cleanup
> server-handle-next-server-request
> {file:/C:/Users/bram.zerbe/website-java-play/}root/*:playForkConfig
Evaluating tasks: *:playForkConfig
Running task... Cancel: sbt.server.ServerTaskCancellation@6f1db7f2, check cycles: false
Total time: 1 s, completed Aug 4, 2015 2:05:23 PM
> server-post-command-cleanup
> server-handle-next-server-request
> root/playForkNotifyStart http://localhost:9000
Evaluating tasks: *:playForkNotifyStart
Running task... Cancel: sbt.server.ServerTaskCancellation@1592f26, check cycles: false
Total time: 0 s, completed Aug 4, 2015 2:05:26 PM
> server-post-command-cleanup
> server-handle-next-server-request
> compile
Evaluating tasks: compile:compile
Running task... Cancel: sbt.server.ServerTaskCancellation@4daaae2, check cycles: false

Initial source changes: 
	removed:Set()
	added: Set()
	modified: Set(C:\Users\bram.zerbe\website-java-play\app\controllers\Games.java)
Removed products: Set()
External API changes: API Changes: Set()
Modified binary dependencies: Set()
Initial directly invalidated sources: Set(C:\Users\bram.zerbe\website-java-play\app\controllers\Games.java)

Sources indirectly invalidated by:
	product: Set()
	binary dep: Set()
	external source: Set()
All initially invalidated sources: Set(C:\Users\bram.zerbe\website-java-play\app\controllers\Games.java)

Read from stdout: Compiling 1 Java source to C:\Users\bram.zerbe\website-java-play\target\scala-2.11\classes...
Compiling 1 Java source to C:\Users\bram.zerbe\website-java-play\target\scala-2.11\classes...
Attempting to call com.sun.tools.javac.api.JavacTool@48a160e2 directly...
Java compilation took 10.18566629 s
Java analysis took 1.100516933 s
Java compile + analysis took 11.361868346 s
New invalidations:
	Set()
Initial set of included nodes: Set()
Previously invalidated, but (transitively) depend on new invalidations:
	Set()
All newly invalidated sources after taking into account (previously) recompiled sources:Set()
Total time: 13 s, completed Aug 4, 2015 2:17:57 PM
> server-post-command-cleanup
> server-handle-next-server-request
> jobStop 1
Evaluating tasks: *:jobStop
Running task... Cancel: sbt.server.ServerTaskCancellation@3f24da03, check cycles: false
Total time: 0 s, completed Aug 4, 2015 2:17:57 PM
> server-post-command-cleanup
> server-handle-next-server-request
> backgroundRun
Evaluating tasks: compile:backgroundRun
Running task... Cancel: sbt.server.ServerTaskCancellation@242f01d9, check cycles: false
Total time: 0 s, completed Aug 4, 2015 2:17:58 PM
> server-post-command-cleanup
> server-handle-next-server-request
> test
Evaluating tasks: test:test
Running task... Cancel: sbt.server.ServerTaskCancellation@41aafab2, check cycles: false

Initial source changes: 
	removed:Set()
	added: Set()
	modified: Set()
Removed products: Set()
External API changes: API Changes: Set()
Modified binary dependencies: Set()
Initial directly invalidated sources: Set()

Sources indirectly invalidated by:
	product: Set()
	binary dep: Set()
	external source: Set()
All initially invalidated sources: Set()

Copy resource mappings: 
	(C:\Users\bram.zerbe\website-java-play\conf\application.conf,C:\Users\bram.zerbe\website-java-play\target\scala-2.11\classes\application.conf)
	(C:\Users\bram.zerbe\website-java-play\conf\logback.xml,C:\Users\bram.zerbe\website-java-play\target\scala-2.11\classes\logback.xml)
	(C:\Users\bram.zerbe\website-java-play\conf\routes,C:\Users\bram.zerbe\website-java-play\target\scala-2.11\classes\routes)

Initial source changes: 
	removed:Set()
	added: Set()
	modified: Set()
Removed products: Set()
External API changes: API Changes: Set()
Modified binary dependencies: Set()
Initial directly invalidated sources: Set()

Sources indirectly invalidated by:
	product: Set()
	binary dep: Set()
	external source: Set()
All initially invalidated sources: Set()

Copy resource mappings: 
	
Framework implementation 'org.scalacheck.ScalaCheckFramework' not present.
Framework implementation 'org.specs2.runner.Specs2Framework' not present.
Framework implementation 'org.specs2.runner.SpecsFramework' not present.
Framework implementation 'org.specs.runner.SpecsFramework' not present.
Framework implementation 'org.scalatest.tools.Framework' not present.
Framework implementation 'org.scalatest.tools.ScalaTestFramework' not present.
Subclass fingerprints: List((junit.framework.TestCase,false,com.novocode.junit.JUnit3Fingerprint@46582580))
Annotation fingerprints: List((org.junit.runner.RunWith,false,com.novocode.junit.RunWithFingerprint@4c941c8f), (org.junit.Test,false,com.novocode.junit.JUnitFingerprint@2bea1508))
Forking tests - parallelism = false
Create a single-thread test executor
Runner for com.novocode.junit.JUnitFramework produced 2 initial tasks for 2 tests.
  Running TaskDef(ApplicationTest, sbt.ForkMain$AnnotatedFingerscan@2788ee1b, false, [SuiteSelector])
Test run started
Test ApplicationTest.simpleCheck started
Test ApplicationTest.simpleCheck finished, took 0.014 sec
Test ApplicationTest.renderTemplate started
Test ApplicationTest.renderTemplate finished, took 3.682 sec
Test run finished: 0 failed, 0 ignored, 2 total, 3.717s
    Produced 0 nested tasks and 2 events.
  Running TaskDef(IntegrationTest, sbt.ForkMain$AnnotatedFingerscan@3ada1288, false, [SuiteSelector])
Test run started
Test IntegrationTest.test started
Test IntegrationTest.test finished, took 0.0 sec
Test run finished: 0 failed, 0 ignored, 1 total, 0.001s
    Produced 0 nested tasks and 1 events.
Summary for JUnit not available.
Read from stdout: Passed: Total 3, Failed 0, Errors 0, Passed 3
Passed: Total 3, Failed 0, Errors 0, Passed 3
Passed tests:
	ApplicationTest
	IntegrationTest
Total time: 10 s, completed Aug 4, 2015 2:18:08 PM
> server-post-command-cleanup
> server-handle-next-server-request
> {file:/C:/Users/bram.zerbe/website-java-play/}root/*:playForkConfig
Evaluating tasks: *:playForkConfig
Running task... Cancel: sbt.server.ServerTaskCancellation@6dc85b3c, check cycles: false
Total time: 1 s, completed Aug 4, 2015 2:18:11 PM
> server-post-command-cleanup
> server-handle-next-server-request
> root/playForkNotifyStart http://localhost:9000
Evaluating tasks: *:playForkNotifyStart
Running task... Cancel: sbt.server.ServerTaskCancellation@45c9f91, check cycles: false
Total time: 0 s, completed Aug 4, 2015 2:18:14 PM
> server-post-command-cleanup
> server-handle-next-server-request
> {file:/C:/Users/bram.zerbe/website-java-play/}root/*:playForkReload
Evaluating tasks: *:playForkReload
Running task... Cancel: sbt.server.ServerTaskCancellation@4d97c296, check cycles: false

Initial source changes: 
	removed:Set()
	added: Set()
	modified: Set()
Removed products: Set()
External API changes: API Changes: Set()
Modified binary dependencies: Set()
Initial directly invalidated sources: Set()

Sources indirectly invalidated by:
	product: Set()
	binary dep: Set()
	external source: Set()
All initially invalidated sources: Set()

Copy resource mappings: 
	(C:\Users\bram.zerbe\website-java-play\conf\application.conf,C:\Users\bram.zerbe\website-java-play\target\scala-2.11\classes\application.conf)
	(C:\Users\bram.zerbe\website-java-play\conf\logback.xml,C:\Users\bram.zerbe\website-java-play\target\scala-2.11\classes\logback.xml)
	(C:\Users\bram.zerbe\website-java-play\conf\routes,C:\Users\bram.zerbe\website-java-play\target\scala-2.11\classes\routes)
Total time: 2 s, completed Aug 4, 2015 2:18:18 PM
> server-post-command-cleanup
> server-handle-next-server-request
> {file:/C:/Users/bram.zerbe/website-java-play/}root/*:playForkReload
Evaluating tasks: *:playForkReload
Running task... Cancel: sbt.server.ServerTaskCancellation@6467415e, check cycles: false

Initial source changes: 
	removed:Set()
	added: Set()
	modified: Set(C:\Users\bram.zerbe\website-java-play\target\scala-2.11\twirl\main\views\html\content\games\minecraft.template.scala)
Removed products: Set()
External API changes: API Changes: Set()
Modified binary dependencies: Set()
Initial directly invalidated sources: Set(C:\Users\bram.zerbe\website-java-play\target\scala-2.11\twirl\main\views\html\content\games\minecraft.template.scala)

Sources indirectly invalidated by:
	product: Set()
	binary dep: Set()
	external source: Set()
All initially invalidated sources: Set(C:\Users\bram.zerbe\website-java-play\target\scala-2.11\twirl\main\views\html\content\games\minecraft.template.scala)

Read from stdout: Compiling 1 Scala source to C:\Users\bram.zerbe\website-java-play\target\scala-2.11\classes...
Compiling 1 Scala source to C:\Users\bram.zerbe\website-java-play\target\scala-2.11\classes...
Getting compiler-interface from component compiler for Scala 2.11.6
Other repositories:
Default repositories:
Getting compiler-interface from component compiler for Scala 2.11.6
Other repositories:
Default repositories:
Running cached compiler 1f0b613b, interfacing (CompilerInterface) with Scala compiler version 2.11.6
Calling Scala compiler with arguments  (CompilerInterface):
	-deprecation
	-unchecked
	-encoding
	utf8
	-bootclasspath
	C:\Users\bram.zerbe\Downloads\typesafe-activator-1.3.5-minimal\activator-1.3.5-minimal\jre\jre\lib\resources.jar;C:\Users\bram.zerbe\Downloads\typesafe-activator-1.3.5-minimal\activator-1.3.5-minimal\jre\jre\lib\rt.jar;C:\Users\bram.zerbe\Downloads\typesafe-activator-1.3.5-minimal\activator-1.3.5-minimal\jre\jre\lib\sunrsasign.jar;C:\Users\bram.zerbe\Downloads\typesafe-activator-1.3.5-minimal\activator-1.3.5-minimal\jre\jre\lib\jsse.jar;C:\Users\bram.zerbe\Downloads\typesafe-activator-1.3.5-minimal\activator-1.3.5-minimal\jre\jre\lib\jce.jar;C:\Users\bram.zerbe\Downloads\typesafe-activator-1.3.5-minimal\activator-1.3.5-minimal\jre\jre\lib\charsets.jar;C:\Users\bram.zerbe\Downloads\typesafe-activator-1.3.5-minimal\activator-1.3.5-minimal\jre\jre\lib\jfr.jar;C:\Users\bram.zerbe\Downloads\typesafe-activator-1.3.5-minimal\activator-1.3.5-minimal\jre\jre\classes;C:\Users\bram.zerbe\.ivy2\cache\org.scala-lang\scala-library\jars\scala-library-2.11.6.jar
	-classpath
	C:\Users\bram.zerbe\website-java-play\target\scala-2.11\classes;C:\Users\bram.zerbe\.ivy2\cache\com.typesafe.play\twirl-api_2.11\jars\twirl-api_2.11-1.1.1.jar;C:\Users\bram.zerbe\.ivy2\cache\org.apache.commons\commons-lang3\jars\commons-lang3-3.4.jar;C:\Users\bram.zerbe\.ivy2\cache\org.scala-lang.modules\scala-xml_2.11\bundles\scala-xml_2.11-1.0.1.jar;C:\Users\bram.zerbe\.ivy2\cache\com.typesafe.play\play-enhancer\jars\play-enhancer-1.1.0.jar;C:\Users\bram.zerbe\.ivy2\cache\com.typesafe.play\play-server_2.11\jars\play-server_2.11-2.4.2.jar;C:\Users\bram.zerbe\.ivy2\cache\com.typesafe.play\play_2.11\jars\play_2.11-2.4.2.jar;C:\Users\bram.zerbe\.ivy2\cache\com.typesafe.play\build-link\jars\build-link-2.4.2.jar;C:\Users\bram.zerbe\.ivy2\cache\com.typesafe.play\play-exceptions\jars\play-exceptions-2.4.2.jar;C:\Users\bram.zerbe\.ivy2\cache\org.javassist\javassist\bundles\javassist-3.19.0-GA.jar;C:\Users\bram.zerbe\.ivy2\cache\com.typesafe.play\play-iteratees_2.11\jars\play-iteratees_2.11-2.4.2.jar;C:\Users\bram.zerbe\.ivy2\cache\org.scala-stm\scala-stm_2.11\jars\scala-stm_2.11-0.7.jar;C:\Users\bram.zerbe\.ivy2\cache\com.typesafe\config\bundles\config-1.3.0.jar;C:\Users\bram.zerbe\.ivy2\cache\com.typesafe.play\play-json_2.11\jars\play-json_2.11-2.4.2.jar;C:\Users\bram.zerbe\.ivy2\cache\com.typesafe.play\play-functional_2.11\jars\play-functional_2.11-2.4.2.jar;C:\Users\bram.zerbe\.ivy2\cache\com.typesafe.play\play-datacommons_2.11\jars\play-datacommons_2.11-2.4.2.jar;C:\Users\bram.zerbe\.ivy2\cache\joda-time\joda-time\jars\joda-time-2.8.1.jar;C:\Users\bram.zerbe\.ivy2\cache\org.joda\joda-convert\jars\joda-convert-1.7.jar;C:\Users\bram.zerbe\.ivy2\cache\org.scala-lang\scala-reflect\jars\scala-reflect-2.11.6.jar;C:\Users\bram.zerbe\.ivy2\cache\com.fasterxml.jackson.core\jackson-core\bundles\jackson-core-2.5.4.jar;C:\Users\bram.zerbe\.ivy2\cache\com.fasterxml.jackson.core\jackson-annotations\bundles\jackson-annotations-2.5.4.jar;C:\Users\bram.zerbe\.ivy2\cache\com.fasterxml.jackson.core\jackson-databind\bundles\jackson-databind-2.5.4.jar;C:\Users\bram.zerbe\.ivy2\cache\com.fasterxml.jackson.datatype\jackson-datatype-jdk8\bundles\jackson-datatype-jdk8-2.5.4.jar;C:\Users\bram.zerbe\.ivy2\cache\com.fasterxml.jackson.datatype\jackson-datatype-jsr310\bundles\jackson-datatype-jsr310-2.5.4.jar;C:\Users\bram.zerbe\.ivy2\cache\com.typesafe.play\play-netty-utils\jars\play-netty-utils-2.4.2.jar;C:\Users\bram.zerbe\.ivy2\cache\org.slf4j\slf4j-api\jars\slf4j-api-1.7.12.jar;C:\Users\bram.zerbe\.ivy2\cache\org.slf4j\jul-to-slf4j\jars\jul-to-slf4j-1.7.12.jar;C:\Users\bram.zerbe\.ivy2\cache\org.slf4j\jcl-over-slf4j\jars\jcl-over-slf4j-1.7.12.jar;C:\Users\bram.zerbe\.ivy2\cache\org.scala-lang.modules\scala-parser-combinators_2.11\bundles\scala-parser-combinators_2.11-1.0.1.jar;C:\Users\bram.zerbe\.ivy2\cache\ch.qos.logback\logback-core\jars\logback-core-1.1.3.jar;C:\Users\bram.zerbe\.ivy2\cache\ch.qos.logback\logback-classic\jars\logback-classic-1.1.3.jar;C:\Users\bram.zerbe\.ivy2\cache\com.typesafe.akka\akka-actor_2.11\jars\akka-actor_2.11-2.3.11.jar;C:\Users\bram.zerbe\.ivy2\cache\com.typesafe.akka\akka-slf4j_2.11\jars\akka-slf4j_2.11-2.3.11.jar;C:\Users\bram.zerbe\.ivy2\cache\commons-codec\commons-codec\jars\commons-codec-1.10.jar;C:\Users\bram.zerbe\.ivy2\cache\xerces\xercesImpl\jars\xercesImpl-2.11.0.jar;C:\Users\bram.zerbe\.ivy2\cache\xml-apis\xml-apis\jars\xml-apis-1.4.01.jar;C:\Users\bram.zerbe\.ivy2\cache\javax.transaction\jta\jars\jta-1.1.jar;C:\Users\bram.zerbe\.ivy2\cache\com.google.inject\guice\jars\guice-4.0.jar;C:\Users\bram.zerbe\.ivy2\cache\javax.inject\javax.inject\jars\javax.inject-1.jar;C:\Users\bram.zerbe\.ivy2\cache\aopalliance\aopalliance\jars\aopalliance-1.0.jar;C:\Users\bram.zerbe\.ivy2\cache\com.google.inject.extensions\guice-assistedinject\jars\guice-assistedinject-4.0.jar;C:\Users\bram.zerbe\.ivy2\cache\com.typesafe.play\play-java_2.11\jars\play-java_2.11-2.4.2.jar;C:\Users\bram.zerbe\.ivy2\cache\org.scala-lang.modules\scala-java8-compat_2.11\bundles\scala-java8-compat_2.11-0.3.0.jar;C:\Users\bram.zerbe\.ivy2\cache\org.yaml\snakeyaml\bundles\snakeyaml-1.15.jar;C:\Users\bram.zerbe\.ivy2\cache\org.hibernate\hibernate-validator\jars\hibernate-validator-5.0.3.Final.jar;C:\Users\bram.zerbe\.ivy2\cache\javax.validation\validation-api\jars\validation-api-1.1.0.Final.jar;C:\Users\bram.zerbe\.ivy2\cache\com.fasterxml\classmate\bundles\classmate-1.0.0.jar;C:\Users\bram.zerbe\.ivy2\cache\org.jboss.logging\jboss-logging\jars\jboss-logging-3.2.1.Final.jar;C:\Users\bram.zerbe\.ivy2\cache\org.springframework\spring-context\jars\spring-context-4.1.6.RELEASE.jar;C:\Users\bram.zerbe\.ivy2\cache\org.springframework\spring-core\jars\spring-core-4.1.6.RELEASE.jar;C:\Users\bram.zerbe\.ivy2\cache\org.springframework\spring-beans\jars\spring-beans-4.1.6.RELEASE.jar;C:\Users\bram.zerbe\.ivy2\cache\org.reflections\reflections\jars\reflections-0.9.9.jar;C:\Users\bram.zerbe\.ivy2\cache\com.google.guava\guava\bundles\guava-18.0.jar;C:\Users\bram.zerbe\.ivy2\cache\com.google.code.findbugs\annotations\jars\annotations-2.0.1.jar;C:\Users\bram.zerbe\.ivy2\cache\net.jodah\typetools\bundles\typetools-0.4.1.jar;C:\Users\bram.zerbe\.ivy2\cache\com.google.code.findbugs\jsr305\jars\jsr305-2.0.3.jar;C:\Users\bram.zerbe\.ivy2\cache\org.apache.tomcat\tomcat-servlet-api\jars\tomcat-servlet-api-8.0.21.jar;C:\Users\bram.zerbe\.ivy2\cache\com.typesafe.play\play-netty-server_2.11\jars\play-netty-server_2.11-2.4.2.jar;C:\Users\bram.zerbe\.ivy2\cache\io.netty\netty\bundles\netty-3.10.3.Final.jar;C:\Users\bram.zerbe\.ivy2\cache\com.typesafe.netty\netty-http-pipelining\jars\netty-http-pipelining-1.1.4.jar;C:\Users\bram.zerbe\.ivy2\cache\com.typesafe.play\play-java-jdbc_2.11\jars\play-java-jdbc_2.11-2.4.2.jar;C:\Users\bram.zerbe\.ivy2\cache\com.typesafe.play\play-jdbc_2.11\jars\play-jdbc_2.11-2.4.2.jar;C:\Users\bram.zerbe\.ivy2\cache\com.typesafe.play\play-jdbc-api_2.11\jars\play-jdbc-api_2.11-2.4.2.jar;C:\Users\bram.zerbe\.ivy2\cache\com.jolbox\bonecp\bundles\bonecp-0.8.0.RELEASE.jar;C:\Users\bram.zerbe\.ivy2\cache\com.zaxxer\HikariCP\bundles\HikariCP-2.3.7.jar;C:\Users\bram.zerbe\.ivy2\cache\com.h2database\h2\jars\h2-1.4.187.jar;C:\Users\bram.zerbe\.ivy2\cache\tyrex\tyrex\jars\tyrex-1.0.1.jar;C:\Users\bram.zerbe\.ivy2\cache\com.typesafe.play\play-cache_2.11\jars\play-cache_2.11-2.4.2.jar;C:\Users\bram.zerbe\.ivy2\cache\net.sf.ehcache\ehcache-core\jars\ehcache-core-2.6.11.jar;C:\Users\bram.zerbe\.ivy2\cache\com.typesafe.play\play-java-ws_2.11\jars\play-java-ws_2.11-2.4.2.jar;C:\Users\bram.zerbe\.ivy2\cache\com.typesafe.play\play-ws_2.11\jars\play-ws_2.11-2.4.2.jar;C:\Users\bram.zerbe\.ivy2\cache\com.ning\async-http-client\jars\async-http-client-1.9.21.jar;C:\Users\bram.zerbe\.ivy2\cache\oauth.signpost\signpost-core\jars\signpost-core-1.2.1.2.jar;C:\Users\bram.zerbe\.ivy2\cache\oauth.signpost\signpost-commonshttp4\jars\signpost-commonshttp4-1.2.1.2.jar;C:\Users\bram.zerbe\.ivy2\cache\org.apache.httpcomponents\httpcore\jars\httpcore-4.0.1.jar;C:\Users\bram.zerbe\.ivy2\cache\org.apache.httpcomponents\httpclient\jars\httpclient-4.0.1.jar;C:\Users\bram.zerbe\.ivy2\cache\commons-logging\commons-logging\jars\commons-logging-1.1.1.jar
Scala compilation took 10.699022706 s
New invalidations:
	Set()
Initial set of included nodes: Set()
Previously invalidated, but (transitively) depend on new invalidations:
	Set()
All newly invalidated sources after taking into account (previously) recompiled sources:Set()
Copy resource mappings: 
	(C:\Users\bram.zerbe\website-java-play\conf\application.conf,C:\Users\bram.zerbe\website-java-play\target\scala-2.11\classes\application.conf)
	(C:\Users\bram.zerbe\website-java-play\conf\logback.xml,C:\Users\bram.zerbe\website-java-play\target\scala-2.11\classes\logback.xml)
	(C:\Users\bram.zerbe\website-java-play\conf\routes,C:\Users\bram.zerbe\website-java-play\target\scala-2.11\classes\routes)
Total time: 14 s, completed Aug 4, 2015 2:19:04 PM
> server-post-command-cleanup
> server-handle-next-server-request
> {file:/C:/Users/bram.zerbe/website-java-play/}root/*:playForkReload
Evaluating tasks: *:playForkReload
Running task... Cancel: sbt.server.ServerTaskCancellation@4da4505d, check cycles: false

Initial source changes: 
	removed:Set()
	added: Set()
	modified: Set(C:\Users\bram.zerbe\website-java-play\target\scala-2.11\twirl\main\views\html\elements\usermenu.template.scala)
Removed products: Set()
External API changes: API Changes: Set()
Modified binary dependencies: Set()
Initial directly invalidated sources: Set(C:\Users\bram.zerbe\website-java-play\target\scala-2.11\twirl\main\views\html\elements\usermenu.template.scala)

Sources indirectly invalidated by:
	product: Set()
	binary dep: Set()
	external source: Set()
All initially invalidated sources: Set(C:\Users\bram.zerbe\website-java-play\target\scala-2.11\twirl\main\views\html\elements\usermenu.template.scala)

Read from stdout: Compiling 1 Scala source to C:\Users\bram.zerbe\website-java-play\target\scala-2.11\classes...
Compiling 1 Scala source to C:\Users\bram.zerbe\website-java-play\target\scala-2.11\classes...
Getting compiler-interface from component compiler for Scala 2.11.6
Other repositories:
Default repositories:
Getting compiler-interface from component compiler for Scala 2.11.6
Other repositories:
Default repositories:
Running cached compiler 42b757f2, interfacing (CompilerInterface) with Scala compiler version 2.11.6
Calling Scala compiler with arguments  (CompilerInterface):
	-deprecation
	-unchecked
	-encoding
	utf8
	-bootclasspath
	C:\Users\bram.zerbe\Downloads\typesafe-activator-1.3.5-minimal\activator-1.3.5-minimal\jre\jre\lib\resources.jar;C:\Users\bram.zerbe\Downloads\typesafe-activator-1.3.5-minimal\activator-1.3.5-minimal\jre\jre\lib\rt.jar;C:\Users\bram.zerbe\Downloads\typesafe-activator-1.3.5-minimal\activator-1.3.5-minimal\jre\jre\lib\sunrsasign.jar;C:\Users\bram.zerbe\Downloads\typesafe-activator-1.3.5-minimal\activator-1.3.5-minimal\jre\jre\lib\jsse.jar;C:\Users\bram.zerbe\Downloads\typesafe-activator-1.3.5-minimal\activator-1.3.5-minimal\jre\jre\lib\jce.jar;C:\Users\bram.zerbe\Downloads\typesafe-activator-1.3.5-minimal\activator-1.3.5-minimal\jre\jre\lib\charsets.jar;C:\Users\bram.zerbe\Downloads\typesafe-activator-1.3.5-minimal\activator-1.3.5-minimal\jre\jre\lib\jfr.jar;C:\Users\bram.zerbe\Downloads\typesafe-activator-1.3.5-minimal\activator-1.3.5-minimal\jre\jre\classes;C:\Users\bram.zerbe\.ivy2\cache\org.scala-lang\scala-library\jars\scala-library-2.11.6.jar
	-classpath
	C:\Users\bram.zerbe\website-java-play\target\scala-2.11\classes;C:\Users\bram.zerbe\.ivy2\cache\com.typesafe.play\twirl-api_2.11\jars\twirl-api_2.11-1.1.1.jar;C:\Users\bram.zerbe\.ivy2\cache\org.apache.commons\commons-lang3\jars\commons-lang3-3.4.jar;C:\Users\bram.zerbe\.ivy2\cache\org.scala-lang.modules\scala-xml_2.11\bundles\scala-xml_2.11-1.0.1.jar;C:\Users\bram.zerbe\.ivy2\cache\com.typesafe.play\play-enhancer\jars\play-enhancer-1.1.0.jar;C:\Users\bram.zerbe\.ivy2\cache\com.typesafe.play\play-server_2.11\jars\play-server_2.11-2.4.2.jar;C:\Users\bram.zerbe\.ivy2\cache\com.typesafe.play\play_2.11\jars\play_2.11-2.4.2.jar;C:\Users\bram.zerbe\.ivy2\cache\com.typesafe.play\build-link\jars\build-link-2.4.2.jar;C:\Users\bram.zerbe\.ivy2\cache\com.typesafe.play\play-exceptions\jars\play-exceptions-2.4.2.jar;C:\Users\bram.zerbe\.ivy2\cache\org.javassist\javassist\bundles\javassist-3.19.0-GA.jar;C:\Users\bram.zerbe\.ivy2\cache\com.typesafe.play\play-iteratees_2.11\jars\play-iteratees_2.11-2.4.2.jar;C:\Users\bram.zerbe\.ivy2\cache\org.scala-stm\scala-stm_2.11\jars\scala-stm_2.11-0.7.jar;C:\Users\bram.zerbe\.ivy2\cache\com.typesafe\config\bundles\config-1.3.0.jar;C:\Users\bram.zerbe\.ivy2\cache\com.typesafe.play\play-json_2.11\jars\play-json_2.11-2.4.2.jar;C:\Users\bram.zerbe\.ivy2\cache\com.typesafe.play\play-functional_2.11\jars\play-functional_2.11-2.4.2.jar;C:\Users\bram.zerbe\.ivy2\cache\com.typesafe.play\play-datacommons_2.11\jars\play-datacommons_2.11-2.4.2.jar;C:\Users\bram.zerbe\.ivy2\cache\joda-time\joda-time\jars\joda-time-2.8.1.jar;C:\Users\bram.zerbe\.ivy2\cache\org.joda\joda-convert\jars\joda-convert-1.7.jar;C:\Users\bram.zerbe\.ivy2\cache\org.scala-lang\scala-reflect\jars\scala-reflect-2.11.6.jar;C:\Users\bram.zerbe\.ivy2\cache\com.fasterxml.jackson.core\jackson-core\bundles\jackson-core-2.5.4.jar;C:\Users\bram.zerbe\.ivy2\cache\com.fasterxml.jackson.core\jackson-annotations\bundles\jackson-annotations-2.5.4.jar;C:\Users\bram.zerbe\.ivy2\cache\com.fasterxml.jackson.core\jackson-databind\bundles\jackson-databind-2.5.4.jar;C:\Users\bram.zerbe\.ivy2\cache\com.fasterxml.jackson.datatype\jackson-datatype-jdk8\bundles\jackson-datatype-jdk8-2.5.4.jar;C:\Users\bram.zerbe\.ivy2\cache\com.fasterxml.jackson.datatype\jackson-datatype-jsr310\bundles\jackson-datatype-jsr310-2.5.4.jar;C:\Users\bram.zerbe\.ivy2\cache\com.typesafe.play\play-netty-utils\jars\play-netty-utils-2.4.2.jar;C:\Users\bram.zerbe\.ivy2\cache\org.slf4j\slf4j-api\jars\slf4j-api-1.7.12.jar;C:\Users\bram.zerbe\.ivy2\cache\org.slf4j\jul-to-slf4j\jars\jul-to-slf4j-1.7.12.jar;C:\Users\bram.zerbe\.ivy2\cache\org.slf4j\jcl-over-slf4j\jars\jcl-over-slf4j-1.7.12.jar;C:\Users\bram.zerbe\.ivy2\cache\org.scala-lang.modules\scala-parser-combinators_2.11\bundles\scala-parser-combinators_2.11-1.0.1.jar;C:\Users\bram.zerbe\.ivy2\cache\ch.qos.logback\logback-core\jars\logback-core-1.1.3.jar;C:\Users\bram.zerbe\.ivy2\cache\ch.qos.logback\logback-classic\jars\logback-classic-1.1.3.jar;C:\Users\bram.zerbe\.ivy2\cache\com.typesafe.akka\akka-actor_2.11\jars\akka-actor_2.11-2.3.11.jar;C:\Users\bram.zerbe\.ivy2\cache\com.typesafe.akka\akka-slf4j_2.11\jars\akka-slf4j_2.11-2.3.11.jar;C:\Users\bram.zerbe\.ivy2\cache\commons-codec\commons-codec\jars\commons-codec-1.10.jar;C:\Users\bram.zerbe\.ivy2\cache\xerces\xercesImpl\jars\xercesImpl-2.11.0.jar;C:\Users\bram.zerbe\.ivy2\cache\xml-apis\xml-apis\jars\xml-apis-1.4.01.jar;C:\Users\bram.zerbe\.ivy2\cache\javax.transaction\jta\jars\jta-1.1.jar;C:\Users\bram.zerbe\.ivy2\cache\com.google.inject\guice\jars\guice-4.0.jar;C:\Users\bram.zerbe\.ivy2\cache\javax.inject\javax.inject\jars\javax.inject-1.jar;C:\Users\bram.zerbe\.ivy2\cache\aopalliance\aopalliance\jars\aopalliance-1.0.jar;C:\Users\bram.zerbe\.ivy2\cache\com.google.inject.extensions\guice-assistedinject\jars\guice-assistedinject-4.0.jar;C:\Users\bram.zerbe\.ivy2\cache\com.typesafe.play\play-java_2.11\jars\play-java_2.11-2.4.2.jar;C:\Users\bram.zerbe\.ivy2\cache\org.scala-lang.modules\scala-java8-compat_2.11\bundles\scala-java8-compat_2.11-0.3.0.jar;C:\Users\bram.zerbe\.ivy2\cache\org.yaml\snakeyaml\bundles\snakeyaml-1.15.jar;C:\Users\bram.zerbe\.ivy2\cache\org.hibernate\hibernate-validator\jars\hibernate-validator-5.0.3.Final.jar;C:\Users\bram.zerbe\.ivy2\cache\javax.validation\validation-api\jars\validation-api-1.1.0.Final.jar;C:\Users\bram.zerbe\.ivy2\cache\com.fasterxml\classmate\bundles\classmate-1.0.0.jar;C:\Users\bram.zerbe\.ivy2\cache\org.jboss.logging\jboss-logging\jars\jboss-logging-3.2.1.Final.jar;C:\Users\bram.zerbe\.ivy2\cache\org.springframework\spring-context\jars\spring-context-4.1.6.RELEASE.jar;C:\Users\bram.zerbe\.ivy2\cache\org.springframework\spring-core\jars\spring-core-4.1.6.RELEASE.jar;C:\Users\bram.zerbe\.ivy2\cache\org.springframework\spring-beans\jars\spring-beans-4.1.6.RELEASE.jar;C:\Users\bram.zerbe\.ivy2\cache\org.reflections\reflections\jars\reflections-0.9.9.jar;C:\Users\bram.zerbe\.ivy2\cache\com.google.guava\guava\bundles\guava-18.0.jar;C:\Users\bram.zerbe\.ivy2\cache\com.google.code.findbugs\annotations\jars\annotations-2.0.1.jar;C:\Users\bram.zerbe\.ivy2\cache\net.jodah\typetools\bundles\typetools-0.4.1.jar;C:\Users\bram.zerbe\.ivy2\cache\com.google.code.findbugs\jsr305\jars\jsr305-2.0.3.jar;C:\Users\bram.zerbe\.ivy2\cache\org.apache.tomcat\tomcat-servlet-api\jars\tomcat-servlet-api-8.0.21.jar;C:\Users\bram.zerbe\.ivy2\cache\com.typesafe.play\play-netty-server_2.11\jars\play-netty-server_2.11-2.4.2.jar;C:\Users\bram.zerbe\.ivy2\cache\io.netty\netty\bundles\netty-3.10.3.Final.jar;C:\Users\bram.zerbe\.ivy2\cache\com.typesafe.netty\netty-http-pipelining\jars\netty-http-pipelining-1.1.4.jar;C:\Users\bram.zerbe\.ivy2\cache\com.typesafe.play\play-java-jdbc_2.11\jars\play-java-jdbc_2.11-2.4.2.jar;C:\Users\bram.zerbe\.ivy2\cache\com.typesafe.play\play-jdbc_2.11\jars\play-jdbc_2.11-2.4.2.jar;C:\Users\bram.zerbe\.ivy2\cache\com.typesafe.play\play-jdbc-api_2.11\jars\play-jdbc-api_2.11-2.4.2.jar;C:\Users\bram.zerbe\.ivy2\cache\com.jolbox\bonecp\bundles\bonecp-0.8.0.RELEASE.jar;C:\Users\bram.zerbe\.ivy2\cache\com.zaxxer\HikariCP\bundles\HikariCP-2.3.7.jar;C:\Users\bram.zerbe\.ivy2\cache\com.h2database\h2\jars\h2-1.4.187.jar;C:\Users\bram.zerbe\.ivy2\cache\tyrex\tyrex\jars\tyrex-1.0.1.jar;C:\Users\bram.zerbe\.ivy2\cache\com.typesafe.play\play-cache_2.11\jars\play-cache_2.11-2.4.2.jar;C:\Users\bram.zerbe\.ivy2\cache\net.sf.ehcache\ehcache-core\jars\ehcache-core-2.6.11.jar;C:\Users\bram.zerbe\.ivy2\cache\com.typesafe.play\play-java-ws_2.11\jars\play-java-ws_2.11-2.4.2.jar;C:\Users\bram.zerbe\.ivy2\cache\com.typesafe.play\play-ws_2.11\jars\play-ws_2.11-2.4.2.jar;C:\Users\bram.zerbe\.ivy2\cache\com.ning\async-http-client\jars\async-http-client-1.9.21.jar;C:\Users\bram.zerbe\.ivy2\cache\oauth.signpost\signpost-core\jars\signpost-core-1.2.1.2.jar;C:\Users\bram.zerbe\.ivy2\cache\oauth.signpost\signpost-commonshttp4\jars\signpost-commonshttp4-1.2.1.2.jar;C:\Users\bram.zerbe\.ivy2\cache\org.apache.httpcomponents\httpcore\jars\httpcore-4.0.1.jar;C:\Users\bram.zerbe\.ivy2\cache\org.apache.httpcomponents\httpclient\jars\httpclient-4.0.1.jar;C:\Users\bram.zerbe\.ivy2\cache\commons-logging\commons-logging\jars\commons-logging-1.1.1.jar
Scala compilation took 3.157355286 s
New invalidations:
	Set()
Initial set of included nodes: Set()
Previously invalidated, but (transitively) depend on new invalidations:
	Set()
All newly invalidated sources after taking into account (previously) recompiled sources:Set()
Copy resource mappings: 
	(C:\Users\bram.zerbe\website-java-play\conf\application.conf,C:\Users\bram.zerbe\website-java-play\target\scala-2.11\classes\application.conf)
	(C:\Users\bram.zerbe\website-java-play\conf\logback.xml,C:\Users\bram.zerbe\website-java-play\target\scala-2.11\classes\logback.xml)
	(C:\Users\bram.zerbe\website-java-play\conf\routes,C:\Users\bram.zerbe\website-java-play\target\scala-2.11\classes\routes)
Total time: 5 s, completed Aug 4, 2015 2:20:21 PM
> server-post-command-cleanup
> server-handle-next-server-request
> {file:/C:/Users/bram.zerbe/website-java-play/}root/*:playForkReload
Evaluating tasks: *:playForkReload
Running task... Cancel: sbt.server.ServerTaskCancellation@1c147ef4, check cycles: false

Initial source changes: 
	removed:Set()
	added: Set()
	modified: Set(C:\Users\bram.zerbe\website-java-play\target\scala-2.11\twirl\main\views\html\elements\usermenu.template.scala)
Removed products: Set()
External API changes: API Changes: Set()
Modified binary dependencies: Set()
Initial directly invalidated sources: Set(C:\Users\bram.zerbe\website-java-play\target\scala-2.11\twirl\main\views\html\elements\usermenu.template.scala)

Sources indirectly invalidated by:
	product: Set()
	binary dep: Set()
	external source: Set()
All initially invalidated sources: Set(C:\Users\bram.zerbe\website-java-play\target\scala-2.11\twirl\main\views\html\elements\usermenu.template.scala)

Read from stdout: Compiling 1 Scala source to C:\Users\bram.zerbe\website-java-play\target\scala-2.11\classes...
Compiling 1 Scala source to C:\Users\bram.zerbe\website-java-play\target\scala-2.11\classes...
Getting compiler-interface from component compiler for Scala 2.11.6
Other repositories:
Default repositories:
Getting compiler-interface from component compiler for Scala 2.11.6
Other repositories:
Default repositories:
Running cached compiler 1376d2d5, interfacing (CompilerInterface) with Scala compiler version 2.11.6
Calling Scala compiler with arguments  (CompilerInterface):
	-deprecation
	-unchecked
	-encoding
	utf8
	-bootclasspath
	C:\Users\bram.zerbe\Downloads\typesafe-activator-1.3.5-minimal\activator-1.3.5-minimal\jre\jre\lib\resources.jar;C:\Users\bram.zerbe\Downloads\typesafe-activator-1.3.5-minimal\activator-1.3.5-minimal\jre\jre\lib\rt.jar;C:\Users\bram.zerbe\Downloads\typesafe-activator-1.3.5-minimal\activator-1.3.5-minimal\jre\jre\lib\sunrsasign.jar;C:\Users\bram.zerbe\Downloads\typesafe-activator-1.3.5-minimal\activator-1.3.5-minimal\jre\jre\lib\jsse.jar;C:\Users\bram.zerbe\Downloads\typesafe-activator-1.3.5-minimal\activator-1.3.5-minimal\jre\jre\lib\jce.jar;C:\Users\bram.zerbe\Downloads\typesafe-activator-1.3.5-minimal\activator-1.3.5-minimal\jre\jre\lib\charsets.jar;C:\Users\bram.zerbe\Downloads\typesafe-activator-1.3.5-minimal\activator-1.3.5-minimal\jre\jre\lib\jfr.jar;C:\Users\bram.zerbe\Downloads\typesafe-activator-1.3.5-minimal\activator-1.3.5-minimal\jre\jre\classes;C:\Users\bram.zerbe\.ivy2\cache\org.scala-lang\scala-library\jars\scala-library-2.11.6.jar
	-classpath
	C:\Users\bram.zerbe\website-java-play\target\scala-2.11\classes;C:\Users\bram.zerbe\.ivy2\cache\com.typesafe.play\twirl-api_2.11\jars\twirl-api_2.11-1.1.1.jar;C:\Users\bram.zerbe\.ivy2\cache\org.apache.commons\commons-lang3\jars\commons-lang3-3.4.jar;C:\Users\bram.zerbe\.ivy2\cache\org.scala-lang.modules\scala-xml_2.11\bundles\scala-xml_2.11-1.0.1.jar;C:\Users\bram.zerbe\.ivy2\cache\com.typesafe.play\play-enhancer\jars\play-enhancer-1.1.0.jar;C:\Users\bram.zerbe\.ivy2\cache\com.typesafe.play\play-server_2.11\jars\play-server_2.11-2.4.2.jar;C:\Users\bram.zerbe\.ivy2\cache\com.typesafe.play\play_2.11\jars\play_2.11-2.4.2.jar;C:\Users\bram.zerbe\.ivy2\cache\com.typesafe.play\build-link\jars\build-link-2.4.2.jar;C:\Users\bram.zerbe\.ivy2\cache\com.typesafe.play\play-exceptions\jars\play-exceptions-2.4.2.jar;C:\Users\bram.zerbe\.ivy2\cache\org.javassist\javassist\bundles\javassist-3.19.0-GA.jar;C:\Users\bram.zerbe\.ivy2\cache\com.typesafe.play\play-iteratees_2.11\jars\play-iteratees_2.11-2.4.2.jar;C:\Users\bram.zerbe\.ivy2\cache\org.scala-stm\scala-stm_2.11\jars\scala-stm_2.11-0.7.jar;C:\Users\bram.zerbe\.ivy2\cache\com.typesafe\config\bundles\config-1.3.0.jar;C:\Users\bram.zerbe\.ivy2\cache\com.typesafe.play\play-json_2.11\jars\play-json_2.11-2.4.2.jar;C:\Users\bram.zerbe\.ivy2\cache\com.typesafe.play\play-functional_2.11\jars\play-functional_2.11-2.4.2.jar;C:\Users\bram.zerbe\.ivy2\cache\com.typesafe.play\play-datacommons_2.11\jars\play-datacommons_2.11-2.4.2.jar;C:\Users\bram.zerbe\.ivy2\cache\joda-time\joda-time\jars\joda-time-2.8.1.jar;C:\Users\bram.zerbe\.ivy2\cache\org.joda\joda-convert\jars\joda-convert-1.7.jar;C:\Users\bram.zerbe\.ivy2\cache\org.scala-lang\scala-reflect\jars\scala-reflect-2.11.6.jar;C:\Users\bram.zerbe\.ivy2\cache\com.fasterxml.jackson.core\jackson-core\bundles\jackson-core-2.5.4.jar;C:\Users\bram.zerbe\.ivy2\cache\com.fasterxml.jackson.core\jackson-annotations\bundles\jackson-annotations-2.5.4.jar;C:\Users\bram.zerbe\.ivy2\cache\com.fasterxml.jackson.core\jackson-databind\bundles\jackson-databind-2.5.4.jar;C:\Users\bram.zerbe\.ivy2\cache\com.fasterxml.jackson.datatype\jackson-datatype-jdk8\bundles\jackson-datatype-jdk8-2.5.4.jar;C:\Users\bram.zerbe\.ivy2\cache\com.fasterxml.jackson.datatype\jackson-datatype-jsr310\bundles\jackson-datatype-jsr310-2.5.4.jar;C:\Users\bram.zerbe\.ivy2\cache\com.typesafe.play\play-netty-utils\jars\play-netty-utils-2.4.2.jar;C:\Users\bram.zerbe\.ivy2\cache\org.slf4j\slf4j-api\jars\slf4j-api-1.7.12.jar;C:\Users\bram.zerbe\.ivy2\cache\org.slf4j\jul-to-slf4j\jars\jul-to-slf4j-1.7.12.jar;C:\Users\bram.zerbe\.ivy2\cache\org.slf4j\jcl-over-slf4j\jars\jcl-over-slf4j-1.7.12.jar;C:\Users\bram.zerbe\.ivy2\cache\org.scala-lang.modules\scala-parser-combinators_2.11\bundles\scala-parser-combinators_2.11-1.0.1.jar;C:\Users\bram.zerbe\.ivy2\cache\ch.qos.logback\logback-core\jars\logback-core-1.1.3.jar;C:\Users\bram.zerbe\.ivy2\cache\ch.qos.logback\logback-classic\jars\logback-classic-1.1.3.jar;C:\Users\bram.zerbe\.ivy2\cache\com.typesafe.akka\akka-actor_2.11\jars\akka-actor_2.11-2.3.11.jar;C:\Users\bram.zerbe\.ivy2\cache\com.typesafe.akka\akka-slf4j_2.11\jars\akka-slf4j_2.11-2.3.11.jar;C:\Users\bram.zerbe\.ivy2\cache\commons-codec\commons-codec\jars\commons-codec-1.10.jar;C:\Users\bram.zerbe\.ivy2\cache\xerces\xercesImpl\jars\xercesImpl-2.11.0.jar;C:\Users\bram.zerbe\.ivy2\cache\xml-apis\xml-apis\jars\xml-apis-1.4.01.jar;C:\Users\bram.zerbe\.ivy2\cache\javax.transaction\jta\jars\jta-1.1.jar;C:\Users\bram.zerbe\.ivy2\cache\com.google.inject\guice\jars\guice-4.0.jar;C:\Users\bram.zerbe\.ivy2\cache\javax.inject\javax.inject\jars\javax.inject-1.jar;C:\Users\bram.zerbe\.ivy2\cache\aopalliance\aopalliance\jars\aopalliance-1.0.jar;C:\Users\bram.zerbe\.ivy2\cache\com.google.inject.extensions\guice-assistedinject\jars\guice-assistedinject-4.0.jar;C:\Users\bram.zerbe\.ivy2\cache\com.typesafe.play\play-java_2.11\jars\play-java_2.11-2.4.2.jar;C:\Users\bram.zerbe\.ivy2\cache\org.scala-lang.modules\scala-java8-compat_2.11\bundles\scala-java8-compat_2.11-0.3.0.jar;C:\Users\bram.zerbe\.ivy2\cache\org.yaml\snakeyaml\bundles\snakeyaml-1.15.jar;C:\Users\bram.zerbe\.ivy2\cache\org.hibernate\hibernate-validator\jars\hibernate-validator-5.0.3.Final.jar;C:\Users\bram.zerbe\.ivy2\cache\javax.validation\validation-api\jars\validation-api-1.1.0.Final.jar;C:\Users\bram.zerbe\.ivy2\cache\com.fasterxml\classmate\bundles\classmate-1.0.0.jar;C:\Users\bram.zerbe\.ivy2\cache\org.jboss.logging\jboss-logging\jars\jboss-logging-3.2.1.Final.jar;C:\Users\bram.zerbe\.ivy2\cache\org.springframework\spring-context\jars\spring-context-4.1.6.RELEASE.jar;C:\Users\bram.zerbe\.ivy2\cache\org.springframework\spring-core\jars\spring-core-4.1.6.RELEASE.jar;C:\Users\bram.zerbe\.ivy2\cache\org.springframework\spring-beans\jars\spring-beans-4.1.6.RELEASE.jar;C:\Users\bram.zerbe\.ivy2\cache\org.reflections\reflections\jars\reflections-0.9.9.jar;C:\Users\bram.zerbe\.ivy2\cache\com.google.guava\guava\bundles\guava-18.0.jar;C:\Users\bram.zerbe\.ivy2\cache\com.google.code.findbugs\annotations\jars\annotations-2.0.1.jar;C:\Users\bram.zerbe\.ivy2\cache\net.jodah\typetools\bundles\typetools-0.4.1.jar;C:\Users\bram.zerbe\.ivy2\cache\com.google.code.findbugs\jsr305\jars\jsr305-2.0.3.jar;C:\Users\bram.zerbe\.ivy2\cache\org.apache.tomcat\tomcat-servlet-api\jars\tomcat-servlet-api-8.0.21.jar;C:\Users\bram.zerbe\.ivy2\cache\com.typesafe.play\play-netty-server_2.11\jars\play-netty-server_2.11-2.4.2.jar;C:\Users\bram.zerbe\.ivy2\cache\io.netty\netty\bundles\netty-3.10.3.Final.jar;C:\Users\bram.zerbe\.ivy2\cache\com.typesafe.netty\netty-http-pipelining\jars\netty-http-pipelining-1.1.4.jar;C:\Users\bram.zerbe\.ivy2\cache\com.typesafe.play\play-java-jdbc_2.11\jars\play-java-jdbc_2.11-2.4.2.jar;C:\Users\bram.zerbe\.ivy2\cache\com.typesafe.play\play-jdbc_2.11\jars\play-jdbc_2.11-2.4.2.jar;C:\Users\bram.zerbe\.ivy2\cache\com.typesafe.play\play-jdbc-api_2.11\jars\play-jdbc-api_2.11-2.4.2.jar;C:\Users\bram.zerbe\.ivy2\cache\com.jolbox\bonecp\bundles\bonecp-0.8.0.RELEASE.jar;C:\Users\bram.zerbe\.ivy2\cache\com.zaxxer\HikariCP\bundles\HikariCP-2.3.7.jar;C:\Users\bram.zerbe\.ivy2\cache\com.h2database\h2\jars\h2-1.4.187.jar;C:\Users\bram.zerbe\.ivy2\cache\tyrex\tyrex\jars\tyrex-1.0.1.jar;C:\Users\bram.zerbe\.ivy2\cache\com.typesafe.play\play-cache_2.11\jars\play-cache_2.11-2.4.2.jar;C:\Users\bram.zerbe\.ivy2\cache\net.sf.ehcache\ehcache-core\jars\ehcache-core-2.6.11.jar;C:\Users\bram.zerbe\.ivy2\cache\com.typesafe.play\play-java-ws_2.11\jars\play-java-ws_2.11-2.4.2.jar;C:\Users\bram.zerbe\.ivy2\cache\com.typesafe.play\play-ws_2.11\jars\play-ws_2.11-2.4.2.jar;C:\Users\bram.zerbe\.ivy2\cache\com.ning\async-http-client\jars\async-http-client-1.9.21.jar;C:\Users\bram.zerbe\.ivy2\cache\oauth.signpost\signpost-core\jars\signpost-core-1.2.1.2.jar;C:\Users\bram.zerbe\.ivy2\cache\oauth.signpost\signpost-commonshttp4\jars\signpost-commonshttp4-1.2.1.2.jar;C:\Users\bram.zerbe\.ivy2\cache\org.apache.httpcomponents\httpcore\jars\httpcore-4.0.1.jar;C:\Users\bram.zerbe\.ivy2\cache\org.apache.httpcomponents\httpclient\jars\httpclient-4.0.1.jar;C:\Users\bram.zerbe\.ivy2\cache\commons-logging\commons-logging\jars\commons-logging-1.1.1.jar
Scala compilation took 2.068661049 s
New invalidations:
	Set()
Initial set of included nodes: Set()
Previously invalidated, but (transitively) depend on new invalidations:
	Set()
All newly invalidated sources after taking into account (previously) recompiled sources:Set()
Copy resource mappings: 
	(C:\Users\bram.zerbe\website-java-play\conf\application.conf,C:\Users\bram.zerbe\website-java-play\target\scala-2.11\classes\application.conf)
	(C:\Users\bram.zerbe\website-java-play\conf\logback.xml,C:\Users\bram.zerbe\website-java-play\target\scala-2.11\classes\logback.xml)
	(C:\Users\bram.zerbe\website-java-play\conf\routes,C:\Users\bram.zerbe\website-java-play\target\scala-2.11\classes\routes)
Total time: 4 s, completed Aug 4, 2015 2:21:15 PM
> server-post-command-cleanup
> server-handle-next-server-request
> {file:/C:/Users/bram.zerbe/website-java-play/}root/*:playForkReload
Evaluating tasks: *:playForkReload
Running task... Cancel: sbt.server.ServerTaskCancellation@1e91693c, check cycles: false

Initial source changes: 
	removed:Set()
	added: Set()
	modified: Set(C:\Users\bram.zerbe\website-java-play\target\scala-2.11\twirl\main\views\html\elements\usermenu.template.scala)
Removed products: Set()
External API changes: API Changes: Set()
Modified binary dependencies: Set()
Initial directly invalidated sources: Set(C:\Users\bram.zerbe\website-java-play\target\scala-2.11\twirl\main\views\html\elements\usermenu.template.scala)

Sources indirectly invalidated by:
	product: Set()
	binary dep: Set()
	external source: Set()
All initially invalidated sources: Set(C:\Users\bram.zerbe\website-java-play\target\scala-2.11\twirl\main\views\html\elements\usermenu.template.scala)

Read from stdout: Compiling 1 Scala source to C:\Users\bram.zerbe\website-java-play\target\scala-2.11\classes...
Compiling 1 Scala source to C:\Users\bram.zerbe\website-java-play\target\scala-2.11\classes...
Getting compiler-interface from component compiler for Scala 2.11.6
Other repositories:
Default repositories:
Getting compiler-interface from component compiler for Scala 2.11.6
Other repositories:
Default repositories:
Running cached compiler 181d21d5, interfacing (CompilerInterface) with Scala compiler version 2.11.6
Calling Scala compiler with arguments  (CompilerInterface):
	-deprecation
	-unchecked
	-encoding
	utf8
	-bootclasspath
	C:\Users\bram.zerbe\Downloads\typesafe-activator-1.3.5-minimal\activator-1.3.5-minimal\jre\jre\lib\resources.jar;C:\Users\bram.zerbe\Downloads\typesafe-activator-1.3.5-minimal\activator-1.3.5-minimal\jre\jre\lib\rt.jar;C:\Users\bram.zerbe\Downloads\typesafe-activator-1.3.5-minimal\activator-1.3.5-minimal\jre\jre\lib\sunrsasign.jar;C:\Users\bram.zerbe\Downloads\typesafe-activator-1.3.5-minimal\activator-1.3.5-minimal\jre\jre\lib\jsse.jar;C:\Users\bram.zerbe\Downloads\typesafe-activator-1.3.5-minimal\activator-1.3.5-minimal\jre\jre\lib\jce.jar;C:\Users\bram.zerbe\Downloads\typesafe-activator-1.3.5-minimal\activator-1.3.5-minimal\jre\jre\lib\charsets.jar;C:\Users\bram.zerbe\Downloads\typesafe-activator-1.3.5-minimal\activator-1.3.5-minimal\jre\jre\lib\jfr.jar;C:\Users\bram.zerbe\Downloads\typesafe-activator-1.3.5-minimal\activator-1.3.5-minimal\jre\jre\classes;C:\Users\bram.zerbe\.ivy2\cache\org.scala-lang\scala-library\jars\scala-library-2.11.6.jar
	-classpath
	C:\Users\bram.zerbe\website-java-play\target\scala-2.11\classes;C:\Users\bram.zerbe\.ivy2\cache\com.typesafe.play\twirl-api_2.11\jars\twirl-api_2.11-1.1.1.jar;C:\Users\bram.zerbe\.ivy2\cache\org.apache.commons\commons-lang3\jars\commons-lang3-3.4.jar;C:\Users\bram.zerbe\.ivy2\cache\org.scala-lang.modules\scala-xml_2.11\bundles\scala-xml_2.11-1.0.1.jar;C:\Users\bram.zerbe\.ivy2\cache\com.typesafe.play\play-enhancer\jars\play-enhancer-1.1.0.jar;C:\Users\bram.zerbe\.ivy2\cache\com.typesafe.play\play-server_2.11\jars\play-server_2.11-2.4.2.jar;C:\Users\bram.zerbe\.ivy2\cache\com.typesafe.play\play_2.11\jars\play_2.11-2.4.2.jar;C:\Users\bram.zerbe\.ivy2\cache\com.typesafe.play\build-link\jars\build-link-2.4.2.jar;C:\Users\bram.zerbe\.ivy2\cache\com.typesafe.play\play-exceptions\jars\play-exceptions-2.4.2.jar;C:\Users\bram.zerbe\.ivy2\cache\org.javassist\javassist\bundles\javassist-3.19.0-GA.jar;C:\Users\bram.zerbe\.ivy2\cache\com.typesafe.play\play-iteratees_2.11\jars\play-iteratees_2.11-2.4.2.jar;C:\Users\bram.zerbe\.ivy2\cache\org.scala-stm\scala-stm_2.11\jars\scala-stm_2.11-0.7.jar;C:\Users\bram.zerbe\.ivy2\cache\com.typesafe\config\bundles\config-1.3.0.jar;C:\Users\bram.zerbe\.ivy2\cache\com.typesafe.play\play-json_2.11\jars\play-json_2.11-2.4.2.jar;C:\Users\bram.zerbe\.ivy2\cache\com.typesafe.play\play-functional_2.11\jars\play-functional_2.11-2.4.2.jar;C:\Users\bram.zerbe\.ivy2\cache\com.typesafe.play\play-datacommons_2.11\jars\play-datacommons_2.11-2.4.2.jar;C:\Users\bram.zerbe\.ivy2\cache\joda-time\joda-time\jars\joda-time-2.8.1.jar;C:\Users\bram.zerbe\.ivy2\cache\org.joda\joda-convert\jars\joda-convert-1.7.jar;C:\Users\bram.zerbe\.ivy2\cache\org.scala-lang\scala-reflect\jars\scala-reflect-2.11.6.jar;C:\Users\bram.zerbe\.ivy2\cache\com.fasterxml.jackson.core\jackson-core\bundles\jackson-core-2.5.4.jar;C:\Users\bram.zerbe\.ivy2\cache\com.fasterxml.jackson.core\jackson-annotations\bundles\jackson-annotations-2.5.4.jar;C:\Users\bram.zerbe\.ivy2\cache\com.fasterxml.jackson.core\jackson-databind\bundles\jackson-databind-2.5.4.jar;C:\Users\bram.zerbe\.ivy2\cache\com.fasterxml.jackson.datatype\jackson-datatype-jdk8\bundles\jackson-datatype-jdk8-2.5.4.jar;C:\Users\bram.zerbe\.ivy2\cache\com.fasterxml.jackson.datatype\jackson-datatype-jsr310\bundles\jackson-datatype-jsr310-2.5.4.jar;C:\Users\bram.zerbe\.ivy2\cache\com.typesafe.play\play-netty-utils\jars\play-netty-utils-2.4.2.jar;C:\Users\bram.zerbe\.ivy2\cache\org.slf4j\slf4j-api\jars\slf4j-api-1.7.12.jar;C:\Users\bram.zerbe\.ivy2\cache\org.slf4j\jul-to-slf4j\jars\jul-to-slf4j-1.7.12.jar;C:\Users\bram.zerbe\.ivy2\cache\org.slf4j\jcl-over-slf4j\jars\jcl-over-slf4j-1.7.12.jar;C:\Users\bram.zerbe\.ivy2\cache\org.scala-lang.modules\scala-parser-combinators_2.11\bundles\scala-parser-combinators_2.11-1.0.1.jar;C:\Users\bram.zerbe\.ivy2\cache\ch.qos.logback\logback-core\jars\logback-core-1.1.3.jar;C:\Users\bram.zerbe\.ivy2\cache\ch.qos.logback\logback-classic\jars\logback-classic-1.1.3.jar;C:\Users\bram.zerbe\.ivy2\cache\com.typesafe.akka\akka-actor_2.11\jars\akka-actor_2.11-2.3.11.jar;C:\Users\bram.zerbe\.ivy2\cache\com.typesafe.akka\akka-slf4j_2.11\jars\akka-slf4j_2.11-2.3.11.jar;C:\Users\bram.zerbe\.ivy2\cache\commons-codec\commons-codec\jars\commons-codec-1.10.jar;C:\Users\bram.zerbe\.ivy2\cache\xerces\xercesImpl\jars\xercesImpl-2.11.0.jar;C:\Users\bram.zerbe\.ivy2\cache\xml-apis\xml-apis\jars\xml-apis-1.4.01.jar;C:\Users\bram.zerbe\.ivy2\cache\javax.transaction\jta\jars\jta-1.1.jar;C:\Users\bram.zerbe\.ivy2\cache\com.google.inject\guice\jars\guice-4.0.jar;C:\Users\bram.zerbe\.ivy2\cache\javax.inject\javax.inject\jars\javax.inject-1.jar;C:\Users\bram.zerbe\.ivy2\cache\aopalliance\aopalliance\jars\aopalliance-1.0.jar;C:\Users\bram.zerbe\.ivy2\cache\com.google.inject.extensions\guice-assistedinject\jars\guice-assistedinject-4.0.jar;C:\Users\bram.zerbe\.ivy2\cache\com.typesafe.play\play-java_2.11\jars\play-java_2.11-2.4.2.jar;C:\Users\bram.zerbe\.ivy2\cache\org.scala-lang.modules\scala-java8-compat_2.11\bundles\scala-java8-compat_2.11-0.3.0.jar;C:\Users\bram.zerbe\.ivy2\cache\org.yaml\snakeyaml\bundles\snakeyaml-1.15.jar;C:\Users\bram.zerbe\.ivy2\cache\org.hibernate\hibernate-validator\jars\hibernate-validator-5.0.3.Final.jar;C:\Users\bram.zerbe\.ivy2\cache\javax.validation\validation-api\jars\validation-api-1.1.0.Final.jar;C:\Users\bram.zerbe\.ivy2\cache\com.fasterxml\classmate\bundles\classmate-1.0.0.jar;C:\Users\bram.zerbe\.ivy2\cache\org.jboss.logging\jboss-logging\jars\jboss-logging-3.2.1.Final.jar;C:\Users\bram.zerbe\.ivy2\cache\org.springframework\spring-context\jars\spring-context-4.1.6.RELEASE.jar;C:\Users\bram.zerbe\.ivy2\cache\org.springframework\spring-core\jars\spring-core-4.1.6.RELEASE.jar;C:\Users\bram.zerbe\.ivy2\cache\org.springframework\spring-beans\jars\spring-beans-4.1.6.RELEASE.jar;C:\Users\bram.zerbe\.ivy2\cache\org.reflections\reflections\jars\reflections-0.9.9.jar;C:\Users\bram.zerbe\.ivy2\cache\com.google.guava\guava\bundles\guava-18.0.jar;C:\Users\bram.zerbe\.ivy2\cache\com.google.code.findbugs\annotations\jars\annotations-2.0.1.jar;C:\Users\bram.zerbe\.ivy2\cache\net.jodah\typetools\bundles\typetools-0.4.1.jar;C:\Users\bram.zerbe\.ivy2\cache\com.google.code.findbugs\jsr305\jars\jsr305-2.0.3.jar;C:\Users\bram.zerbe\.ivy2\cache\org.apache.tomcat\tomcat-servlet-api\jars\tomcat-servlet-api-8.0.21.jar;C:\Users\bram.zerbe\.ivy2\cache\com.typesafe.play\play-netty-server_2.11\jars\play-netty-server_2.11-2.4.2.jar;C:\Users\bram.zerbe\.ivy2\cache\io.netty\netty\bundles\netty-3.10.3.Final.jar;C:\Users\bram.zerbe\.ivy2\cache\com.typesafe.netty\netty-http-pipelining\jars\netty-http-pipelining-1.1.4.jar;C:\Users\bram.zerbe\.ivy2\cache\com.typesafe.play\play-java-jdbc_2.11\jars\play-java-jdbc_2.11-2.4.2.jar;C:\Users\bram.zerbe\.ivy2\cache\com.typesafe.play\play-jdbc_2.11\jars\play-jdbc_2.11-2.4.2.jar;C:\Users\bram.zerbe\.ivy2\cache\com.typesafe.play\play-jdbc-api_2.11\jars\play-jdbc-api_2.11-2.4.2.jar;C:\Users\bram.zerbe\.ivy2\cache\com.jolbox\bonecp\bundles\bonecp-0.8.0.RELEASE.jar;C:\Users\bram.zerbe\.ivy2\cache\com.zaxxer\HikariCP\bundles\HikariCP-2.3.7.jar;C:\Users\bram.zerbe\.ivy2\cache\com.h2database\h2\jars\h2-1.4.187.jar;C:\Users\bram.zerbe\.ivy2\cache\tyrex\tyrex\jars\tyrex-1.0.1.jar;C:\Users\bram.zerbe\.ivy2\cache\com.typesafe.play\play-cache_2.11\jars\play-cache_2.11-2.4.2.jar;C:\Users\bram.zerbe\.ivy2\cache\net.sf.ehcache\ehcache-core\jars\ehcache-core-2.6.11.jar;C:\Users\bram.zerbe\.ivy2\cache\com.typesafe.play\play-java-ws_2.11\jars\play-java-ws_2.11-2.4.2.jar;C:\Users\bram.zerbe\.ivy2\cache\com.typesafe.play\play-ws_2.11\jars\play-ws_2.11-2.4.2.jar;C:\Users\bram.zerbe\.ivy2\cache\com.ning\async-http-client\jars\async-http-client-1.9.21.jar;C:\Users\bram.zerbe\.ivy2\cache\oauth.signpost\signpost-core\jars\signpost-core-1.2.1.2.jar;C:\Users\bram.zerbe\.ivy2\cache\oauth.signpost\signpost-commonshttp4\jars\signpost-commonshttp4-1.2.1.2.jar;C:\Users\bram.zerbe\.ivy2\cache\org.apache.httpcomponents\httpcore\jars\httpcore-4.0.1.jar;C:\Users\bram.zerbe\.ivy2\cache\org.apache.httpcomponents\httpclient\jars\httpclient-4.0.1.jar;C:\Users\bram.zerbe\.ivy2\cache\commons-logging\commons-logging\jars\commons-logging-1.1.1.jar
Scala compilation took 2.875321236 s
New invalidations:
	Set()
Initial set of included nodes: Set()
Previously invalidated, but (transitively) depend on new invalidations:
	Set()
All newly invalidated sources after taking into account (previously) recompiled sources:Set()
Copy resource mappings: 
	(C:\Users\bram.zerbe\website-java-play\conf\application.conf,C:\Users\bram.zerbe\website-java-play\target\scala-2.11\classes\application.conf)
	(C:\Users\bram.zerbe\website-java-play\conf\logback.xml,C:\Users\bram.zerbe\website-java-play\target\scala-2.11\classes\logback.xml)
	(C:\Users\bram.zerbe\website-java-play\conf\routes,C:\Users\bram.zerbe\website-java-play\target\scala-2.11\classes\routes)
Total time: 4 s, completed Aug 4, 2015 2:22:06 PM
> server-post-command-cleanup
> server-handle-next-server-request
